{"/home/runner/workspace/opentegrate/packages/assistant/src/orchestrator.ts": {"path":"/home/runner/workspace/opentegrate/packages/assistant/src/orchestrator.ts","statementMap":{"0":{"start":{"line":3,"column":7},"end":{"line":7,"column":null}},"1":{"start":{"line":4,"column":2},"end":{"line":4,"column":null}},"2":{"start":{"line":5,"column":2},"end":{"line":5,"column":null}},"3":{"start":{"line":6,"column":2},"end":{"line":6,"column":null}},"4":{"start":{"line":21,"column":4},"end":{"line":21,"column":null}},"5":{"start":{"line":22,"column":4},"end":{"line":22,"column":null}},"6":{"start":{"line":23,"column":4},"end":{"line":23,"column":null}},"7":{"start":{"line":30,"column":21},"end":{"line":30,"column":67}},"8":{"start":{"line":34,"column":4},"end":{"line":45,"column":null}},"9":{"start":{"line":36,"column":8},"end":{"line":36,"column":null}},"10":{"start":{"line":37,"column":8},"end":{"line":37,"column":null}},"11":{"start":{"line":39,"column":8},"end":{"line":39,"column":null}},"12":{"start":{"line":40,"column":8},"end":{"line":40,"column":null}},"13":{"start":{"line":42,"column":8},"end":{"line":42,"column":null}},"14":{"start":{"line":43,"column":8},"end":{"line":43,"column":null}},"15":{"start":{"line":45,"column":8},"end":{"line":45,"column":null}},"16":{"start":{"line":48,"column":19},"end":{"line":48,"column":71}},"17":{"start":{"line":49,"column":4},"end":{"line":49,"column":null}},"18":{"start":{"line":56,"column":23},"end":{"line":56,"column":64}},"19":{"start":{"line":57,"column":4},"end":{"line":58,"column":null}},"20":{"start":{"line":58,"column":6},"end":{"line":58,"column":null}},"21":{"start":{"line":61,"column":4},"end":{"line":61,"column":null}},"22":{"start":{"line":65,"column":27},"end":{"line":72,"column":null}},"23":{"start":{"line":74,"column":25},"end":{"line":79,"column":null}},"24":{"start":{"line":81,"column":4},"end":{"line":82,"column":null}},"25":{"start":{"line":82,"column":6},"end":{"line":82,"column":null}},"26":{"start":{"line":84,"column":4},"end":{"line":85,"column":null}},"27":{"start":{"line":85,"column":6},"end":{"line":85,"column":null}},"28":{"start":{"line":88,"column":24},"end":{"line":88,"column":null}},"29":{"start":{"line":88,"column":57},"end":{"line":88,"column":80}},"30":{"start":{"line":89,"column":4},"end":{"line":90,"column":null}},"31":{"start":{"line":90,"column":6},"end":{"line":90,"column":null}},"32":{"start":{"line":93,"column":22},"end":{"line":93,"column":null}},"33":{"start":{"line":93,"column":53},"end":{"line":93,"column":76}},"34":{"start":{"line":94,"column":4},"end":{"line":95,"column":null}},"35":{"start":{"line":95,"column":6},"end":{"line":95,"column":null}},"36":{"start":{"line":98,"column":4},"end":{"line":99,"column":null}},"37":{"start":{"line":99,"column":6},"end":{"line":99,"column":null}},"38":{"start":{"line":102,"column":4},"end":{"line":102,"column":null}},"39":{"start":{"line":110,"column":16},"end":{"line":110,"column":40}},"40":{"start":{"line":114,"column":4},"end":{"line":130,"column":null}},"41":{"start":{"line":115,"column":6},"end":{"line":115,"column":null}},"42":{"start":{"line":122,"column":15},"end":{"line":130,"column":null}},"43":{"start":{"line":123,"column":6},"end":{"line":123,"column":null}},"44":{"start":{"line":130,"column":6},"end":{"line":130,"column":null}},"45":{"start":{"line":133,"column":4},"end":{"line":149,"column":null}},"46":{"start":{"line":158,"column":27},"end":{"line":164,"column":null}},"47":{"start":{"line":166,"column":27},"end":{"line":169,"column":null}},"48":{"start":{"line":171,"column":20},"end":{"line":171,"column":null}},"49":{"start":{"line":172,"column":20},"end":{"line":172,"column":null}},"50":{"start":{"line":174,"column":18},"end":{"line":174,"column":37}},"51":{"start":{"line":176,"column":4},"end":{"line":177,"column":null}},"52":{"start":{"line":177,"column":6},"end":{"line":177,"column":null}},"53":{"start":{"line":177,"column":37},"end":{"line":177,"column":null}},"54":{"start":{"line":180,"column":4},"end":{"line":181,"column":null}},"55":{"start":{"line":181,"column":6},"end":{"line":181,"column":null}},"56":{"start":{"line":181,"column":39},"end":{"line":181,"column":null}},"57":{"start":{"line":184,"column":4},"end":{"line":184,"column":null}},"58":{"start":{"line":184,"column":29},"end":{"line":184,"column":null}},"59":{"start":{"line":185,"column":4},"end":{"line":185,"column":null}},"60":{"start":{"line":185,"column":40},"end":{"line":185,"column":null}},"61":{"start":{"line":187,"column":18},"end":{"line":187,"column":null}},"62":{"start":{"line":188,"column":4},"end":{"line":189,"column":null}},"63":{"start":{"line":189,"column":6},"end":{"line":189,"column":null}},"64":{"start":{"line":192,"column":22},"end":{"line":192,"column":null}},"65":{"start":{"line":194,"column":4},"end":{"line":197,"column":null}},"66":{"start":{"line":195,"column":6},"end":{"line":195,"column":null}},"67":{"start":{"line":196,"column":15},"end":{"line":197,"column":null}},"68":{"start":{"line":197,"column":6},"end":{"line":197,"column":null}},"69":{"start":{"line":200,"column":4},"end":{"line":200,"column":null}},"70":{"start":{"line":206,"column":12},"end":{"line":206,"column":null}},"71":{"start":{"line":207,"column":12},"end":{"line":207,"column":null}},"72":{"start":{"line":210,"column":13},"end":{"line":210,"column":null}},"73":{"start":{"line":211,"column":15},"end":{"line":211,"column":null}},"74":{"start":{"line":213,"column":4},"end":{"line":216,"column":null}},"75":{"start":{"line":220,"column":21},"end":{"line":220,"column":46}},"76":{"start":{"line":221,"column":18},"end":{"line":221,"column":null}},"77":{"start":{"line":222,"column":4},"end":{"line":222,"column":null}},"78":{"start":{"line":226,"column":20},"end":{"line":226,"column":49}},"79":{"start":{"line":227,"column":27},"end":{"line":232,"column":null}},"80":{"start":{"line":233,"column":4},"end":{"line":233,"column":null}},"81":{"start":{"line":233,"column":44},"end":{"line":233,"column":71}},"82":{"start":{"line":237,"column":22},"end":{"line":237,"column":null}},"83":{"start":{"line":238,"column":23},"end":{"line":238,"column":75}},"84":{"start":{"line":238,"column":48},"end":{"line":238,"column":74}},"85":{"start":{"line":239,"column":18},"end":{"line":239,"column":null}},"86":{"start":{"line":240,"column":4},"end":{"line":240,"column":null}}},"fnMap":{"0":{"name":"(anonymous_0)","decl":{"start":{"line":3,"column":7},"end":{"line":3,"column":12}},"loc":{"start":{"line":3,"column":7},"end":{"line":7,"column":null}},"line":3},"1":{"name":"(anonymous_1)","decl":{"start":{"line":20,"column":2},"end":{"line":20,"column":14}},"loc":{"start":{"line":20,"column":68},"end":{"line":23,"column":null}},"line":20},"2":{"name":"(anonymous_2)","decl":{"start":{"line":26,"column":8},"end":{"line":26,"column":null}},"loc":{"start":{"line":29,"column":28},"end":{"line":49,"column":null}},"line":29},"3":{"name":"(anonymous_3)","decl":{"start":{"line":52,"column":16},"end":{"line":52,"column":null}},"loc":{"start":{"line":55,"column":30},"end":{"line":61,"column":null}},"line":55},"4":{"name":"(anonymous_4)","decl":{"start":{"line":64,"column":2},"end":{"line":64,"column":10}},"loc":{"start":{"line":64,"column":93},"end":{"line":102,"column":null}},"line":64},"5":{"name":"(anonymous_5)","decl":{"start":{"line":88,"column":39},"end":{"line":88,"column":46}},"loc":{"start":{"line":88,"column":57},"end":{"line":88,"column":80}},"line":88},"6":{"name":"(anonymous_6)","decl":{"start":{"line":93,"column":35},"end":{"line":93,"column":42}},"loc":{"start":{"line":93,"column":53},"end":{"line":93,"column":76}},"line":93},"7":{"name":"(anonymous_7)","decl":{"start":{"line":105,"column":16},"end":{"line":105,"column":null}},"loc":{"start":{"line":109,"column":27},"end":{"line":149,"column":null}},"line":109},"8":{"name":"(anonymous_8)","decl":{"start":{"line":154,"column":8},"end":{"line":154,"column":null}},"loc":{"start":{"line":157,"column":30},"end":{"line":200,"column":null}},"line":157},"9":{"name":"(anonymous_9)","decl":{"start":{"line":205,"column":2},"end":{"line":205,"column":null}},"loc":{"start":{"line":208,"column":4},"end":{"line":207,"column":null}},"line":208},"10":{"name":"(anonymous_10)","decl":{"start":{"line":210,"column":6},"end":{"line":210,"column":11}},"loc":{"start":{"line":210,"column":11},"end":{"line":210,"column":null}},"line":210},"11":{"name":"(anonymous_11)","decl":{"start":{"line":211,"column":6},"end":{"line":211,"column":13}},"loc":{"start":{"line":211,"column":13},"end":{"line":211,"column":null}},"line":211},"12":{"name":"(anonymous_12)","decl":{"start":{"line":212,"column":6},"end":{"line":212,"column":21}},"loc":{"start":{"line":212,"column":21},"end":{"line":216,"column":null}},"line":212},"13":{"name":"(anonymous_13)","decl":{"start":{"line":219,"column":8},"end":{"line":219,"column":13}},"loc":{"start":{"line":219,"column":83},"end":{"line":222,"column":null}},"line":219},"14":{"name":"(anonymous_14)","decl":{"start":{"line":225,"column":2},"end":{"line":225,"column":10}},"loc":{"start":{"line":225,"column":54},"end":{"line":233,"column":null}},"line":225},"15":{"name":"(anonymous_15)","decl":{"start":{"line":233,"column":26},"end":{"line":233,"column":31}},"loc":{"start":{"line":233,"column":44},"end":{"line":233,"column":71}},"line":233},"16":{"name":"(anonymous_16)","decl":{"start":{"line":236,"column":8},"end":{"line":236,"column":20}},"loc":{"start":{"line":236,"column":79},"end":{"line":240,"column":null}},"line":236},"17":{"name":"(anonymous_17)","decl":{"start":{"line":238,"column":33},"end":{"line":238,"column":38}},"loc":{"start":{"line":238,"column":48},"end":{"line":238,"column":74}},"line":238}},"branchMap":{"0":{"loc":{"start":{"line":34,"column":4},"end":{"line":45,"column":null}},"type":"switch","locations":[{"start":{"line":35,"column":6},"end":{"line":37,"column":null}},{"start":{"line":38,"column":6},"end":{"line":40,"column":null}},{"start":{"line":41,"column":6},"end":{"line":43,"column":null}},{"start":{"line":44,"column":6},"end":{"line":45,"column":null}}],"line":34},"1":{"loc":{"start":{"line":57,"column":4},"end":{"line":58,"column":null}},"type":"if","locations":[{"start":{"line":57,"column":4},"end":{"line":58,"column":null}},{"start":{},"end":{}}],"line":57},"2":{"loc":{"start":{"line":81,"column":4},"end":{"line":82,"column":null}},"type":"if","locations":[{"start":{"line":81,"column":4},"end":{"line":82,"column":null}},{"start":{},"end":{}}],"line":81},"3":{"loc":{"start":{"line":84,"column":4},"end":{"line":85,"column":null}},"type":"if","locations":[{"start":{"line":84,"column":4},"end":{"line":85,"column":null}},{"start":{},"end":{}}],"line":84},"4":{"loc":{"start":{"line":89,"column":4},"end":{"line":90,"column":null}},"type":"if","locations":[{"start":{"line":89,"column":4},"end":{"line":90,"column":null}},{"start":{},"end":{}}],"line":89},"5":{"loc":{"start":{"line":94,"column":4},"end":{"line":95,"column":null}},"type":"if","locations":[{"start":{"line":94,"column":4},"end":{"line":95,"column":null}},{"start":{},"end":{}}],"line":94},"6":{"loc":{"start":{"line":98,"column":4},"end":{"line":99,"column":null}},"type":"if","locations":[{"start":{"line":98,"column":4},"end":{"line":99,"column":null}},{"start":{},"end":{}}],"line":98},"7":{"loc":{"start":{"line":98,"column":8},"end":{"line":98,"column":63}},"type":"binary-expr","locations":[{"start":{"line":98,"column":8},"end":{"line":98,"column":31}},{"start":{"line":98,"column":31},"end":{"line":98,"column":63}}],"line":98},"8":{"loc":{"start":{"line":114,"column":4},"end":{"line":130,"column":null}},"type":"if","locations":[{"start":{"line":114,"column":4},"end":{"line":130,"column":null}},{"start":{"line":122,"column":15},"end":{"line":130,"column":null}}],"line":114},"9":{"loc":{"start":{"line":122,"column":15},"end":{"line":130,"column":null}},"type":"if","locations":[{"start":{"line":122,"column":15},"end":{"line":130,"column":null}},{"start":{"line":129,"column":11},"end":{"line":130,"column":null}}],"line":122},"10":{"loc":{"start":{"line":177,"column":6},"end":{"line":177,"column":null}},"type":"if","locations":[{"start":{"line":177,"column":6},"end":{"line":177,"column":null}},{"start":{},"end":{}}],"line":177},"11":{"loc":{"start":{"line":181,"column":6},"end":{"line":181,"column":null}},"type":"if","locations":[{"start":{"line":181,"column":6},"end":{"line":181,"column":null}},{"start":{},"end":{}}],"line":181},"12":{"loc":{"start":{"line":184,"column":4},"end":{"line":184,"column":null}},"type":"if","locations":[{"start":{"line":184,"column":4},"end":{"line":184,"column":null}},{"start":{},"end":{}}],"line":184},"13":{"loc":{"start":{"line":185,"column":4},"end":{"line":185,"column":null}},"type":"if","locations":[{"start":{"line":185,"column":4},"end":{"line":185,"column":null}},{"start":{},"end":{}}],"line":185},"14":{"loc":{"start":{"line":188,"column":4},"end":{"line":189,"column":null}},"type":"if","locations":[{"start":{"line":188,"column":4},"end":{"line":189,"column":null}},{"start":{},"end":{}}],"line":188},"15":{"loc":{"start":{"line":194,"column":4},"end":{"line":197,"column":null}},"type":"if","locations":[{"start":{"line":194,"column":4},"end":{"line":197,"column":null}},{"start":{"line":196,"column":15},"end":{"line":197,"column":null}}],"line":194},"16":{"loc":{"start":{"line":196,"column":15},"end":{"line":197,"column":null}},"type":"if","locations":[{"start":{"line":196,"column":15},"end":{"line":197,"column":null}},{"start":{},"end":{}}],"line":196},"17":{"loc":{"start":{"line":221,"column":18},"end":{"line":221,"column":null}},"type":"cond-expr","locations":[{"start":{"line":221,"column":29},"end":{"line":221,"column":48}},{"start":{"line":221,"column":48},"end":{"line":221,"column":null}}],"line":221},"18":{"loc":{"start":{"line":239,"column":18},"end":{"line":239,"column":null}},"type":"cond-expr","locations":[{"start":{"line":239,"column":31},"end":{"line":239,"column":50}},{"start":{"line":239,"column":50},"end":{"line":239,"column":null}}],"line":239}},"s":{"0":1,"1":1,"2":1,"3":1,"4":10,"5":10,"6":10,"7":10,"8":10,"9":6,"10":6,"11":4,"12":4,"13":0,"14":0,"15":0,"16":10,"17":10,"18":10,"19":10,"20":10,"21":0,"22":10,"23":10,"24":10,"25":1,"26":9,"27":0,"28":9,"29":54,"30":9,"31":3,"32":6,"33":24,"34":6,"35":3,"36":3,"37":2,"38":1,"39":10,"40":10,"41":6,"42":4,"43":4,"44":0,"45":10,"46":0,"47":0,"48":0,"49":0,"50":0,"51":0,"52":0,"53":0,"54":0,"55":0,"56":0,"57":0,"58":0,"59":0,"60":0,"61":0,"62":0,"63":0,"64":0,"65":0,"66":0,"67":0,"68":0,"69":0,"70":0,"71":0,"72":0,"73":0,"74":0,"75":0,"76":0,"77":0,"78":0,"79":0,"80":0,"81":0,"82":0,"83":0,"84":0,"85":0,"86":0},"f":{"0":1,"1":10,"2":10,"3":10,"4":10,"5":54,"6":24,"7":10,"8":0,"9":0,"10":0,"11":0,"12":0,"13":0,"14":0,"15":0,"16":0,"17":0},"b":{"0":[6,4,0,0],"1":[10,0],"2":[1,9],"3":[0,9],"4":[3,6],"5":[3,3],"6":[2,1],"7":[3,1],"8":[6,4],"9":[4,0],"10":[0,0],"11":[0,0],"12":[0,0],"13":[0,0],"14":[0,0],"15":[0,0],"16":[0,0],"17":[0,0],"18":[0,0]},"meta":{"lastBranch":19,"lastFunction":18,"lastStatement":87,"seen":{"s:3:7:7:Infinity":0,"f:3:7:3:12":0,"s:4:2:4:Infinity":1,"s:5:2:5:Infinity":2,"s:6:2:6:Infinity":3,"f:20:2:20:14":1,"s:21:4:21:Infinity":4,"s:22:4:22:Infinity":5,"s:23:4:23:Infinity":6,"f:26:8:26:Infinity":2,"s:30:21:30:67":7,"b:35:6:37:Infinity:38:6:40:Infinity:41:6:43:Infinity:44:6:45:Infinity":0,"s:34:4:45:Infinity":8,"s:36:8:36:Infinity":9,"s:37:8:37:Infinity":10,"s:39:8:39:Infinity":11,"s:40:8:40:Infinity":12,"s:42:8:42:Infinity":13,"s:43:8:43:Infinity":14,"s:45:8:45:Infinity":15,"s:48:19:48:71":16,"s:49:4:49:Infinity":17,"f:52:16:52:Infinity":3,"s:56:23:56:64":18,"b:57:4:58:Infinity:undefined:undefined:undefined:undefined":1,"s:57:4:58:Infinity":19,"s:58:6:58:Infinity":20,"s:61:4:61:Infinity":21,"f:64:2:64:10":4,"s:65:27:72:Infinity":22,"s:74:25:79:Infinity":23,"b:81:4:82:Infinity:undefined:undefined:undefined:undefined":2,"s:81:4:82:Infinity":24,"s:82:6:82:Infinity":25,"b:84:4:85:Infinity:undefined:undefined:undefined:undefined":3,"s:84:4:85:Infinity":26,"s:85:6:85:Infinity":27,"s:88:24:88:Infinity":28,"f:88:39:88:46":5,"s:88:57:88:80":29,"b:89:4:90:Infinity:undefined:undefined:undefined:undefined":4,"s:89:4:90:Infinity":30,"s:90:6:90:Infinity":31,"s:93:22:93:Infinity":32,"f:93:35:93:42":6,"s:93:53:93:76":33,"b:94:4:95:Infinity:undefined:undefined:undefined:undefined":5,"s:94:4:95:Infinity":34,"s:95:6:95:Infinity":35,"b:98:4:99:Infinity:undefined:undefined:undefined:undefined":6,"s:98:4:99:Infinity":36,"b:98:8:98:31:98:31:98:63":7,"s:99:6:99:Infinity":37,"s:102:4:102:Infinity":38,"f:105:16:105:Infinity":7,"s:110:16:110:40":39,"b:114:4:130:Infinity:122:15:130:Infinity":8,"s:114:4:130:Infinity":40,"s:115:6:115:Infinity":41,"b:122:15:130:Infinity:129:11:130:Infinity":9,"s:122:15:130:Infinity":42,"s:123:6:123:Infinity":43,"s:130:6:130:Infinity":44,"s:133:4:149:Infinity":45,"f:154:8:154:Infinity":8,"s:158:27:164:Infinity":46,"s:166:27:169:Infinity":47,"s:171:20:171:Infinity":48,"s:172:20:172:Infinity":49,"s:174:18:174:37":50,"s:176:4:177:Infinity":51,"b:177:6:177:Infinity:undefined:undefined:undefined:undefined":10,"s:177:6:177:Infinity":52,"s:177:37:177:Infinity":53,"s:180:4:181:Infinity":54,"b:181:6:181:Infinity:undefined:undefined:undefined:undefined":11,"s:181:6:181:Infinity":55,"s:181:39:181:Infinity":56,"b:184:4:184:Infinity:undefined:undefined:undefined:undefined":12,"s:184:4:184:Infinity":57,"s:184:29:184:Infinity":58,"b:185:4:185:Infinity:undefined:undefined:undefined:undefined":13,"s:185:4:185:Infinity":59,"s:185:40:185:Infinity":60,"s:187:18:187:Infinity":61,"b:188:4:189:Infinity:undefined:undefined:undefined:undefined":14,"s:188:4:189:Infinity":62,"s:189:6:189:Infinity":63,"s:192:22:192:Infinity":64,"b:194:4:197:Infinity:196:15:197:Infinity":15,"s:194:4:197:Infinity":65,"s:195:6:195:Infinity":66,"b:196:15:197:Infinity:undefined:undefined:undefined:undefined":16,"s:196:15:197:Infinity":67,"s:197:6:197:Infinity":68,"s:200:4:200:Infinity":69,"f:205:2:205:Infinity":9,"s:206:12:206:Infinity":70,"s:207:12:207:Infinity":71,"f:210:6:210:11":10,"s:210:13:210:Infinity":72,"f:211:6:211:13":11,"s:211:15:211:Infinity":73,"f:212:6:212:21":12,"s:213:4:216:Infinity":74,"f:219:8:219:13":13,"s:220:21:220:46":75,"s:221:18:221:Infinity":76,"b:221:29:221:48:221:48:221:Infinity":17,"s:222:4:222:Infinity":77,"f:225:2:225:10":14,"s:226:20:226:49":78,"s:227:27:232:Infinity":79,"s:233:4:233:Infinity":80,"f:233:26:233:31":15,"s:233:44:233:71":81,"f:236:8:236:20":16,"s:237:22:237:Infinity":82,"s:238:23:238:75":83,"f:238:33:238:38":17,"s:238:48:238:74":84,"s:239:18:239:Infinity":85,"b:239:31:239:50:239:50:239:Infinity":18,"s:240:4:240:Infinity":86}}}
,"/home/runner/workspace/opentegrate/packages/channels/src/base-channel.ts": {"path":"/home/runner/workspace/opentegrate/packages/channels/src/base-channel.ts","statementMap":{"0":{"start":{"line":20,"column":24},"end":{"line":20,"column":null}},"1":{"start":{"line":21,"column":32},"end":{"line":21,"column":null}},"2":{"start":{"line":23,"column":29},"end":{"line":23,"column":null}},"3":{"start":{"line":24,"column":32},"end":{"line":24,"column":null}},"4":{"start":{"line":25,"column":67},"end":{"line":25,"column":null}},"5":{"start":{"line":26,"column":69},"end":{"line":26,"column":null}},"6":{"start":{"line":27,"column":34},"end":{"line":27,"column":null}},"7":{"start":{"line":29,"column":52},"end":{"line":29,"column":61}},"8":{"start":{"line":30,"column":34},"end":{"line":37,"column":null}},"9":{"start":{"line":38,"column":36},"end":{"line":44,"column":null}},"10":{"start":{"line":45,"column":32},"end":{"line":45,"column":null}},"11":{"start":{"line":46,"column":37},"end":{"line":46,"column":39}},"12":{"start":{"line":49,"column":4},"end":{"line":49,"column":null}},"13":{"start":{"line":50,"column":4},"end":{"line":50,"column":null}},"14":{"start":{"line":51,"column":4},"end":{"line":51,"column":null}},"15":{"start":{"line":62,"column":4},"end":{"line":63,"column":null}},"16":{"start":{"line":63,"column":6},"end":{"line":63,"column":null}},"17":{"start":{"line":65,"column":4},"end":{"line":65,"column":null}},"18":{"start":{"line":69,"column":4},"end":{"line":69,"column":null}},"19":{"start":{"line":73,"column":4},"end":{"line":79,"column":null}},"20":{"start":{"line":74,"column":6},"end":{"line":77,"column":null}},"21":{"start":{"line":75,"column":8},"end":{"line":75,"column":null}},"22":{"start":{"line":77,"column":8},"end":{"line":77,"column":null}},"23":{"start":{"line":83,"column":4},"end":{"line":88,"column":null}},"24":{"start":{"line":84,"column":6},"end":{"line":84,"column":null}},"25":{"start":{"line":85,"column":6},"end":{"line":85,"column":null}},"26":{"start":{"line":86,"column":6},"end":{"line":86,"column":null}},"27":{"start":{"line":87,"column":6},"end":{"line":87,"column":null}},"28":{"start":{"line":88,"column":6},"end":{"line":88,"column":null}},"29":{"start":{"line":91,"column":4},"end":{"line":91,"column":null}},"30":{"start":{"line":92,"column":18},"end":{"line":92,"column":136}},"31":{"start":{"line":94,"column":4},"end":{"line":94,"column":null}},"32":{"start":{"line":95,"column":4},"end":{"line":95,"column":null}},"33":{"start":{"line":96,"column":4},"end":{"line":96,"column":null}},"34":{"start":{"line":98,"column":4},"end":{"line":98,"column":null}},"35":{"start":{"line":100,"column":4},"end":{"line":109,"column":null}},"36":{"start":{"line":101,"column":6},"end":{"line":101,"column":null}},"37":{"start":{"line":102,"column":6},"end":{"line":102,"column":null}},"38":{"start":{"line":103,"column":6},"end":{"line":103,"column":null}},"39":{"start":{"line":104,"column":6},"end":{"line":104,"column":null}},"40":{"start":{"line":106,"column":6},"end":{"line":106,"column":null}},"41":{"start":{"line":107,"column":6},"end":{"line":107,"column":null}},"42":{"start":{"line":108,"column":6},"end":{"line":108,"column":null}},"43":{"start":{"line":109,"column":6},"end":{"line":109,"column":null}},"44":{"start":{"line":114,"column":4},"end":{"line":116,"column":null}},"45":{"start":{"line":115,"column":6},"end":{"line":115,"column":null}},"46":{"start":{"line":120,"column":4},"end":{"line":127,"column":null}},"47":{"start":{"line":121,"column":6},"end":{"line":126,"column":null}},"48":{"start":{"line":122,"column":8},"end":{"line":122,"column":null}},"49":{"start":{"line":123,"column":8},"end":{"line":123,"column":null}},"50":{"start":{"line":124,"column":8},"end":{"line":124,"column":null}},"51":{"start":{"line":125,"column":8},"end":{"line":125,"column":null}},"52":{"start":{"line":131,"column":4},"end":{"line":133,"column":null}},"53":{"start":{"line":132,"column":6},"end":{"line":132,"column":null}},"54":{"start":{"line":133,"column":6},"end":{"line":133,"column":null}},"55":{"start":{"line":138,"column":18},"end":{"line":138,"column":28}},"56":{"start":{"line":139,"column":4},"end":{"line":151,"column":null}},"57":{"start":{"line":140,"column":6},"end":{"line":140,"column":null}},"58":{"start":{"line":141,"column":22},"end":{"line":141,"column":null}},"59":{"start":{"line":142,"column":6},"end":{"line":142,"column":null}},"60":{"start":{"line":143,"column":6},"end":{"line":144,"column":null}},"61":{"start":{"line":144,"column":8},"end":{"line":144,"column":null}},"62":{"start":{"line":146,"column":6},"end":{"line":146,"column":null}},"63":{"start":{"line":146,"column":76},"end":{"line":146,"column":83}},"64":{"start":{"line":147,"column":6},"end":{"line":147,"column":null}},"65":{"start":{"line":148,"column":6},"end":{"line":148,"column":null}},"66":{"start":{"line":150,"column":6},"end":{"line":150,"column":null}},"67":{"start":{"line":151,"column":6},"end":{"line":151,"column":null}},"68":{"start":{"line":153,"column":4},"end":{"line":153,"column":null}},"69":{"start":{"line":159,"column":16},"end":{"line":159,"column":26}},"70":{"start":{"line":160,"column":4},"end":{"line":163,"column":null}},"71":{"start":{"line":167,"column":16},"end":{"line":167,"column":26}},"72":{"start":{"line":168,"column":4},"end":{"line":174,"column":null}},"73":{"start":{"line":171,"column":58},"end":{"line":171,"column":65}},"74":{"start":{"line":178,"column":4},"end":{"line":178,"column":null}},"75":{"start":{"line":179,"column":4},"end":{"line":179,"column":null}},"76":{"start":{"line":180,"column":4},"end":{"line":180,"column":null}},"77":{"start":{"line":184,"column":4},"end":{"line":184,"column":null}},"78":{"start":{"line":185,"column":4},"end":{"line":185,"column":null}},"79":{"start":{"line":186,"column":4},"end":{"line":186,"column":null}},"80":{"start":{"line":190,"column":4},"end":{"line":190,"column":null}},"81":{"start":{"line":191,"column":4},"end":{"line":191,"column":null}},"82":{"start":{"line":192,"column":4},"end":{"line":192,"column":null}},"83":{"start":{"line":196,"column":4},"end":{"line":196,"column":null}},"84":{"start":{"line":197,"column":4},"end":{"line":198,"column":null}},"85":{"start":{"line":198,"column":6},"end":{"line":198,"column":null}},"86":{"start":{"line":203,"column":4},"end":{"line":203,"column":null}},"87":{"start":{"line":207,"column":4},"end":{"line":207,"column":null}},"88":{"start":{"line":211,"column":4},"end":{"line":211,"column":null}},"89":{"start":{"line":215,"column":4},"end":{"line":215,"column":null}},"90":{"start":{"line":221,"column":4},"end":{"line":221,"column":null}},"91":{"start":{"line":221,"column":28},"end":{"line":221,"column":null}},"92":{"start":{"line":222,"column":4},"end":{"line":222,"column":null}},"93":{"start":{"line":222,"column":27},"end":{"line":222,"column":null}},"94":{"start":{"line":223,"column":4},"end":{"line":223,"column":null}},"95":{"start":{"line":227,"column":15},"end":{"line":230,"column":28}},"96":{"start":{"line":232,"column":4},"end":{"line":232,"column":null}},"97":{"start":{"line":233,"column":4},"end":{"line":233,"column":null}},"98":{"start":{"line":234,"column":4},"end":{"line":234,"column":null}},"99":{"start":{"line":235,"column":4},"end":{"line":235,"column":null}},"100":{"start":{"line":236,"column":4},"end":{"line":236,"column":null}},"101":{"start":{"line":237,"column":4},"end":{"line":237,"column":null}},"102":{"start":{"line":238,"column":4},"end":{"line":238,"column":null}},"103":{"start":{"line":239,"column":4},"end":{"line":239,"column":null}},"104":{"start":{"line":240,"column":4},"end":{"line":240,"column":null}},"105":{"start":{"line":241,"column":4},"end":{"line":241,"column":null}},"106":{"start":{"line":242,"column":4},"end":{"line":242,"column":null}},"107":{"start":{"line":243,"column":4},"end":{"line":243,"column":null}},"108":{"start":{"line":245,"column":4},"end":{"line":245,"column":null}},"109":{"start":{"line":249,"column":4},"end":{"line":249,"column":null}},"110":{"start":{"line":249,"column":37},"end":{"line":249,"column":null}},"111":{"start":{"line":251,"column":29},"end":{"line":251,"column":31}},"112":{"start":{"line":252,"column":20},"end":{"line":252,"column":null}},"113":{"start":{"line":254,"column":4},"end":{"line":271,"column":null}},"114":{"start":{"line":255,"column":6},"end":{"line":257,"column":null}},"115":{"start":{"line":256,"column":8},"end":{"line":256,"column":null}},"116":{"start":{"line":257,"column":8},"end":{"line":257,"column":null}},"117":{"start":{"line":260,"column":23},"end":{"line":260,"column":null}},"118":{"start":{"line":261,"column":26},"end":{"line":261,"column":64}},"119":{"start":{"line":262,"column":24},"end":{"line":262,"column":61}},"120":{"start":{"line":264,"column":6},"end":{"line":267,"column":null}},"121":{"start":{"line":265,"column":8},"end":{"line":265,"column":null}},"122":{"start":{"line":266,"column":17},"end":{"line":267,"column":null}},"123":{"start":{"line":267,"column":8},"end":{"line":267,"column":null}},"124":{"start":{"line":270,"column":6},"end":{"line":270,"column":null}},"125":{"start":{"line":271,"column":6},"end":{"line":271,"column":null}},"126":{"start":{"line":274,"column":4},"end":{"line":274,"column":null}},"127":{"start":{"line":278,"column":4},"end":{"line":278,"column":null}},"128":{"start":{"line":282,"column":4},"end":{"line":282,"column":null}},"129":{"start":{"line":283,"column":4},"end":{"line":285,"column":null}},"130":{"start":{"line":284,"column":6},"end":{"line":284,"column":null}},"131":{"start":{"line":285,"column":6},"end":{"line":285,"column":null}},"132":{"start":{"line":287,"column":4},"end":{"line":287,"column":null}},"133":{"start":{"line":288,"column":4},"end":{"line":288,"column":null}}},"fnMap":{"0":{"name":"(anonymous_0)","decl":{"start":{"line":48,"column":2},"end":{"line":48,"column":14}},"loc":{"start":{"line":48,"column":112},"end":{"line":51,"column":null}},"line":48},"1":{"name":"(anonymous_1)","decl":{"start":{"line":61,"column":2},"end":{"line":61,"column":38}},"loc":{"start":{"line":61,"column":84},"end":{"line":65,"column":null}},"line":61},"2":{"name":"(anonymous_2)","decl":{"start":{"line":68,"column":2},"end":{"line":68,"column":39}},"loc":{"start":{"line":68,"column":85},"end":{"line":69,"column":null}},"line":68},"3":{"name":"(anonymous_3)","decl":{"start":{"line":72,"column":2},"end":{"line":72,"column":12}},"loc":{"start":{"line":72,"column":107},"end":{"line":79,"column":null}},"line":72},"4":{"name":"(anonymous_4)","decl":{"start":{"line":73,"column":31},"end":{"line":73,"column":40}},"loc":{"start":{"line":73,"column":53},"end":{"line":79,"column":null}},"line":73},"5":{"name":"(anonymous_5)","decl":{"start":{"line":82,"column":18},"end":{"line":82,"column":45}},"loc":{"start":{"line":82,"column":45},"end":{"line":109,"column":null}},"line":82},"6":{"name":"(anonymous_6)","decl":{"start":{"line":113,"column":2},"end":{"line":113,"column":12}},"loc":{"start":{"line":113,"column":45},"end":{"line":116,"column":null}},"line":113},"7":{"name":"(anonymous_7)","decl":{"start":{"line":114,"column":15},"end":{"line":114,"column":24}},"loc":{"start":{"line":114,"column":36},"end":{"line":116,"column":null}},"line":114},"8":{"name":"(anonymous_8)","decl":{"start":{"line":119,"column":2},"end":{"line":119,"column":12}},"loc":{"start":{"line":119,"column":38},"end":{"line":127,"column":null}},"line":119},"9":{"name":"(anonymous_9)","decl":{"start":{"line":120,"column":28},"end":{"line":120,"column":46}},"loc":{"start":{"line":120,"column":46},"end":{"line":127,"column":12}},"line":120},"10":{"name":"(anonymous_10)","decl":{"start":{"line":121,"column":25},"end":{"line":121,"column":32}},"loc":{"start":{"line":121,"column":40},"end":{"line":126,"column":null}},"line":121},"11":{"name":"(anonymous_11)","decl":{"start":{"line":130,"column":2},"end":{"line":130,"column":12}},"loc":{"start":{"line":130,"column":37},"end":{"line":133,"column":null}},"line":130},"12":{"name":"(anonymous_12)","decl":{"start":{"line":137,"column":18},"end":{"line":137,"column":47}},"loc":{"start":{"line":137,"column":47},"end":{"line":153,"column":null}},"line":137},"13":{"name":"(anonymous_13)","decl":{"start":{"line":146,"column":59},"end":{"line":146,"column":67}},"loc":{"start":{"line":146,"column":76},"end":{"line":146,"column":83}},"line":146},"14":{"name":"(anonymous_14)","decl":{"start":{"line":158,"column":2},"end":{"line":158,"column":29}},"loc":{"start":{"line":158,"column":29},"end":{"line":163,"column":null}},"line":158},"15":{"name":"(anonymous_15)","decl":{"start":{"line":166,"column":2},"end":{"line":166,"column":27}},"loc":{"start":{"line":166,"column":27},"end":{"line":174,"column":null}},"line":166},"16":{"name":"(anonymous_16)","decl":{"start":{"line":171,"column":41},"end":{"line":171,"column":49}},"loc":{"start":{"line":171,"column":58},"end":{"line":171,"column":65}},"line":171},"17":{"name":"(anonymous_17)","decl":{"start":{"line":177,"column":2},"end":{"line":177,"column":12}},"loc":{"start":{"line":177,"column":38},"end":{"line":180,"column":null}},"line":177},"18":{"name":"(anonymous_18)","decl":{"start":{"line":183,"column":2},"end":{"line":183,"column":12}},"loc":{"start":{"line":183,"column":42},"end":{"line":186,"column":null}},"line":183},"19":{"name":"(anonymous_19)","decl":{"start":{"line":189,"column":2},"end":{"line":189,"column":12}},"loc":{"start":{"line":189,"column":44},"end":{"line":192,"column":null}},"line":189},"20":{"name":"(anonymous_20)","decl":{"start":{"line":195,"column":2},"end":{"line":195,"column":12}},"loc":{"start":{"line":195,"column":51},"end":{"line":198,"column":null}},"line":195},"21":{"name":"(anonymous_21)","decl":{"start":{"line":202,"column":6},"end":{"line":202,"column":29}},"loc":{"start":{"line":202,"column":29},"end":{"line":203,"column":null}},"line":202},"22":{"name":"(anonymous_22)","decl":{"start":{"line":206,"column":6},"end":{"line":206,"column":33}},"loc":{"start":{"line":206,"column":33},"end":{"line":207,"column":null}},"line":206},"23":{"name":"(anonymous_23)","decl":{"start":{"line":210,"column":6},"end":{"line":210,"column":26}},"loc":{"start":{"line":210,"column":26},"end":{"line":211,"column":null}},"line":210},"24":{"name":"(anonymous_24)","decl":{"start":{"line":214,"column":2},"end":{"line":214,"column":12}},"loc":{"start":{"line":214,"column":40},"end":{"line":215,"column":null}},"line":214},"25":{"name":"(anonymous_25)","decl":{"start":{"line":220,"column":2},"end":{"line":220,"column":12}},"loc":{"start":{"line":220,"column":103},"end":{"line":223,"column":null}},"line":220},"26":{"name":"(anonymous_26)","decl":{"start":{"line":226,"column":2},"end":{"line":226,"column":12}},"loc":{"start":{"line":226,"column":53},"end":{"line":245,"column":null}},"line":226},"27":{"name":"(anonymous_27)","decl":{"start":{"line":248,"column":2},"end":{"line":248,"column":12}},"loc":{"start":{"line":248,"column":74},"end":{"line":274,"column":null}},"line":248},"28":{"name":"(anonymous_28)","decl":{"start":{"line":277,"column":2},"end":{"line":277,"column":12}},"loc":{"start":{"line":277,"column":33},"end":{"line":278,"column":null}},"line":277},"29":{"name":"(anonymous_29)","decl":{"start":{"line":281,"column":18},"end":{"line":281,"column":43}},"loc":{"start":{"line":281,"column":43},"end":{"line":288,"column":null}},"line":281}},"branchMap":{"0":{"loc":{"start":{"line":50,"column":32},"end":{"line":50,"column":null}},"type":"binary-expr","locations":[{"start":{"line":50,"column":32},"end":{"line":50,"column":65}},{"start":{"line":50,"column":65},"end":{"line":50,"column":null}}],"line":50},"1":{"loc":{"start":{"line":51,"column":31},"end":{"line":51,"column":null}},"type":"binary-expr","locations":[{"start":{"line":51,"column":31},"end":{"line":51,"column":63}},{"start":{"line":51,"column":63},"end":{"line":51,"column":null}}],"line":51},"2":{"loc":{"start":{"line":62,"column":4},"end":{"line":63,"column":null}},"type":"if","locations":[{"start":{"line":62,"column":4},"end":{"line":63,"column":null}},{"start":{},"end":{}}],"line":62},"3":{"loc":{"start":{"line":83,"column":4},"end":{"line":88,"column":null}},"type":"if","locations":[{"start":{"line":83,"column":4},"end":{"line":88,"column":null}},{"start":{},"end":{}}],"line":83},"4":{"loc":{"start":{"line":107,"column":30},"end":{"line":107,"column":78}},"type":"cond-expr","locations":[{"start":{"line":107,"column":53},"end":{"line":107,"column":67}},{"start":{"line":107,"column":67},"end":{"line":107,"column":78}}],"line":107},"5":{"loc":{"start":{"line":108,"column":25},"end":{"line":108,"column":76}},"type":"cond-expr","locations":[{"start":{"line":108,"column":48},"end":{"line":108,"column":54}},{"start":{"line":108,"column":54},"end":{"line":108,"column":76}}],"line":108},"6":{"loc":{"start":{"line":123,"column":32},"end":{"line":123,"column":80}},"type":"cond-expr","locations":[{"start":{"line":123,"column":55},"end":{"line":123,"column":69}},{"start":{"line":123,"column":69},"end":{"line":123,"column":80}}],"line":123},"7":{"loc":{"start":{"line":131,"column":4},"end":{"line":133,"column":null}},"type":"if","locations":[{"start":{"line":131,"column":4},"end":{"line":133,"column":null}},{"start":{},"end":{}}],"line":131},"8":{"loc":{"start":{"line":143,"column":6},"end":{"line":144,"column":null}},"type":"if","locations":[{"start":{"line":143,"column":6},"end":{"line":144,"column":null}},{"start":{},"end":{}}],"line":143},"9":{"loc":{"start":{"line":162,"column":14},"end":{"line":162,"column":null}},"type":"cond-expr","locations":[{"start":{"line":162,"column":31},"end":{"line":162,"column":67}},{"start":{"line":162,"column":67},"end":{"line":162,"column":null}}],"line":162},"10":{"loc":{"start":{"line":170,"column":22},"end":{"line":172,"column":null}},"type":"cond-expr","locations":[{"start":{"line":171,"column":10},"end":{"line":171,"column":97}},{"start":{"line":172,"column":10},"end":{"line":172,"column":null}}],"line":170},"11":{"loc":{"start":{"line":173,"column":14},"end":{"line":173,"column":null}},"type":"cond-expr","locations":[{"start":{"line":173,"column":31},"end":{"line":173,"column":67}},{"start":{"line":173,"column":67},"end":{"line":173,"column":null}}],"line":173},"12":{"loc":{"start":{"line":197,"column":4},"end":{"line":198,"column":null}},"type":"if","locations":[{"start":{"line":197,"column":4},"end":{"line":198,"column":null}},{"start":{},"end":{}}],"line":197},"13":{"loc":{"start":{"line":220,"column":43},"end":{"line":220,"column":103}},"type":"default-arg","locations":[{"start":{"line":220,"column":83},"end":{"line":220,"column":103}}],"line":220},"14":{"loc":{"start":{"line":221,"column":4},"end":{"line":221,"column":null}},"type":"if","locations":[{"start":{"line":221,"column":4},"end":{"line":221,"column":null}},{"start":{},"end":{}}],"line":221},"15":{"loc":{"start":{"line":222,"column":4},"end":{"line":222,"column":null}},"type":"if","locations":[{"start":{"line":222,"column":4},"end":{"line":222,"column":null}},{"start":{},"end":{}}],"line":222},"16":{"loc":{"start":{"line":249,"column":4},"end":{"line":249,"column":null}},"type":"if","locations":[{"start":{"line":249,"column":4},"end":{"line":249,"column":null}},{"start":{},"end":{}}],"line":249},"17":{"loc":{"start":{"line":255,"column":6},"end":{"line":257,"column":null}},"type":"if","locations":[{"start":{"line":255,"column":6},"end":{"line":257,"column":null}},{"start":{},"end":{}}],"line":255},"18":{"loc":{"start":{"line":264,"column":6},"end":{"line":267,"column":null}},"type":"if","locations":[{"start":{"line":264,"column":6},"end":{"line":267,"column":null}},{"start":{"line":266,"column":17},"end":{"line":267,"column":null}}],"line":264},"19":{"loc":{"start":{"line":266,"column":17},"end":{"line":267,"column":null}},"type":"if","locations":[{"start":{"line":266,"column":17},"end":{"line":267,"column":null}},{"start":{},"end":{}}],"line":266},"20":{"loc":{"start":{"line":283,"column":4},"end":{"line":285,"column":null}},"type":"if","locations":[{"start":{"line":283,"column":4},"end":{"line":285,"column":null}},{"start":{},"end":{}}],"line":283}},"s":{"0":0,"1":0,"2":0,"3":0,"4":0,"5":0,"6":0,"7":0,"8":0,"9":0,"10":0,"11":0,"12":0,"13":0,"14":0,"15":0,"16":0,"17":0,"18":0,"19":0,"20":0,"21":0,"22":0,"23":0,"24":0,"25":0,"26":0,"27":0,"28":0,"29":0,"30":0,"31":0,"32":0,"33":0,"34":0,"35":0,"36":0,"37":0,"38":0,"39":0,"40":0,"41":0,"42":0,"43":0,"44":0,"45":0,"46":0,"47":0,"48":0,"49":0,"50":0,"51":0,"52":0,"53":0,"54":0,"55":0,"56":0,"57":0,"58":0,"59":0,"60":0,"61":0,"62":0,"63":0,"64":0,"65":0,"66":0,"67":0,"68":0,"69":0,"70":0,"71":0,"72":0,"73":0,"74":0,"75":0,"76":0,"77":0,"78":0,"79":0,"80":0,"81":0,"82":0,"83":0,"84":0,"85":0,"86":0,"87":0,"88":0,"89":0,"90":0,"91":0,"92":0,"93":0,"94":0,"95":0,"96":0,"97":0,"98":0,"99":0,"100":0,"101":0,"102":0,"103":0,"104":0,"105":0,"106":0,"107":0,"108":0,"109":0,"110":0,"111":0,"112":0,"113":0,"114":0,"115":0,"116":0,"117":0,"118":0,"119":0,"120":0,"121":0,"122":0,"123":0,"124":0,"125":0,"126":0,"127":0,"128":0,"129":0,"130":0,"131":0,"132":0,"133":0},"f":{"0":0,"1":0,"2":0,"3":0,"4":0,"5":0,"6":0,"7":0,"8":0,"9":0,"10":0,"11":0,"12":0,"13":0,"14":0,"15":0,"16":0,"17":0,"18":0,"19":0,"20":0,"21":0,"22":0,"23":0,"24":0,"25":0,"26":0,"27":0,"28":0,"29":0},"b":{"0":[0,0],"1":[0,0],"2":[0,0],"3":[0,0],"4":[0,0],"5":[0,0],"6":[0,0],"7":[0,0],"8":[0,0],"9":[0,0],"10":[0,0],"11":[0,0],"12":[0,0],"13":[0],"14":[0,0],"15":[0,0],"16":[0,0],"17":[0,0],"18":[0,0],"19":[0,0],"20":[0,0]},"meta":{"lastBranch":21,"lastFunction":30,"lastStatement":134,"seen":{"s:20:24:20:Infinity":0,"s:21:32:21:Infinity":1,"s:23:29:23:Infinity":2,"s:24:32:24:Infinity":3,"s:25:67:25:Infinity":4,"s:26:69:26:Infinity":5,"s:27:34:27:Infinity":6,"s:29:52:29:61":7,"s:30:34:37:Infinity":8,"s:38:36:44:Infinity":9,"s:45:32:45:Infinity":10,"s:46:37:46:39":11,"f:48:2:48:14":0,"s:49:4:49:Infinity":12,"s:50:4:50:Infinity":13,"b:50:32:50:65:50:65:50:Infinity":0,"s:51:4:51:Infinity":14,"b:51:31:51:63:51:63:51:Infinity":1,"f:61:2:61:38":1,"b:62:4:63:Infinity:undefined:undefined:undefined:undefined":2,"s:62:4:63:Infinity":15,"s:63:6:63:Infinity":16,"s:65:4:65:Infinity":17,"f:68:2:68:39":2,"s:69:4:69:Infinity":18,"f:72:2:72:12":3,"s:73:4:79:Infinity":19,"f:73:31:73:40":4,"s:74:6:77:Infinity":20,"s:75:8:75:Infinity":21,"s:77:8:77:Infinity":22,"f:82:18:82:45":5,"b:83:4:88:Infinity:undefined:undefined:undefined:undefined":3,"s:83:4:88:Infinity":23,"s:84:6:84:Infinity":24,"s:85:6:85:Infinity":25,"s:86:6:86:Infinity":26,"s:87:6:87:Infinity":27,"s:88:6:88:Infinity":28,"s:91:4:91:Infinity":29,"s:92:18:92:136":30,"s:94:4:94:Infinity":31,"s:95:4:95:Infinity":32,"s:96:4:96:Infinity":33,"s:98:4:98:Infinity":34,"s:100:4:109:Infinity":35,"s:101:6:101:Infinity":36,"s:102:6:102:Infinity":37,"s:103:6:103:Infinity":38,"s:104:6:104:Infinity":39,"s:106:6:106:Infinity":40,"s:107:6:107:Infinity":41,"b:107:53:107:67:107:67:107:78":4,"s:108:6:108:Infinity":42,"b:108:48:108:54:108:54:108:76":5,"s:109:6:109:Infinity":43,"f:113:2:113:12":6,"s:114:4:116:Infinity":44,"f:114:15:114:24":7,"s:115:6:115:Infinity":45,"f:119:2:119:12":8,"s:120:4:127:Infinity":46,"f:120:28:120:46":9,"s:121:6:126:Infinity":47,"f:121:25:121:32":10,"s:122:8:122:Infinity":48,"s:123:8:123:Infinity":49,"b:123:55:123:69:123:69:123:80":6,"s:124:8:124:Infinity":50,"s:125:8:125:Infinity":51,"f:130:2:130:12":11,"b:131:4:133:Infinity:undefined:undefined:undefined:undefined":7,"s:131:4:133:Infinity":52,"s:132:6:132:Infinity":53,"s:133:6:133:Infinity":54,"f:137:18:137:47":12,"s:138:18:138:28":55,"s:139:4:151:Infinity":56,"s:140:6:140:Infinity":57,"s:141:22:141:Infinity":58,"s:142:6:142:Infinity":59,"b:143:6:144:Infinity:undefined:undefined:undefined:undefined":8,"s:143:6:144:Infinity":60,"s:144:8:144:Infinity":61,"s:146:6:146:Infinity":62,"f:146:59:146:67":13,"s:146:76:146:83":63,"s:147:6:147:Infinity":64,"s:148:6:148:Infinity":65,"s:150:6:150:Infinity":66,"s:151:6:151:Infinity":67,"s:153:4:153:Infinity":68,"f:158:2:158:29":14,"s:159:16:159:26":69,"s:160:4:163:Infinity":70,"b:162:31:162:67:162:67:162:Infinity":9,"f:166:2:166:27":15,"s:167:16:167:26":71,"s:168:4:174:Infinity":72,"b:171:10:171:97:172:10:172:Infinity":10,"f:171:41:171:49":16,"s:171:58:171:65":73,"b:173:31:173:67:173:67:173:Infinity":11,"f:177:2:177:12":17,"s:178:4:178:Infinity":74,"s:179:4:179:Infinity":75,"s:180:4:180:Infinity":76,"f:183:2:183:12":18,"s:184:4:184:Infinity":77,"s:185:4:185:Infinity":78,"s:186:4:186:Infinity":79,"f:189:2:189:12":19,"s:190:4:190:Infinity":80,"s:191:4:191:Infinity":81,"s:192:4:192:Infinity":82,"f:195:2:195:12":20,"s:196:4:196:Infinity":83,"b:197:4:198:Infinity:undefined:undefined:undefined:undefined":12,"s:197:4:198:Infinity":84,"s:198:6:198:Infinity":85,"f:202:6:202:29":21,"s:203:4:203:Infinity":86,"f:206:6:206:33":22,"s:207:4:207:Infinity":87,"f:210:6:210:26":23,"s:211:4:211:Infinity":88,"f:214:2:214:12":24,"s:215:4:215:Infinity":89,"f:220:2:220:12":25,"b:220:83:220:103":13,"b:221:4:221:Infinity:undefined:undefined:undefined:undefined":14,"s:221:4:221:Infinity":90,"s:221:28:221:Infinity":91,"b:222:4:222:Infinity:undefined:undefined:undefined:undefined":15,"s:222:4:222:Infinity":92,"s:222:27:222:Infinity":93,"s:223:4:223:Infinity":94,"f:226:2:226:12":26,"s:227:15:230:28":95,"s:232:4:232:Infinity":96,"s:233:4:233:Infinity":97,"s:234:4:234:Infinity":98,"s:235:4:235:Infinity":99,"s:236:4:236:Infinity":100,"s:237:4:237:Infinity":101,"s:238:4:238:Infinity":102,"s:239:4:239:Infinity":103,"s:240:4:240:Infinity":104,"s:241:4:241:Infinity":105,"s:242:4:242:Infinity":106,"s:243:4:243:Infinity":107,"s:245:4:245:Infinity":108,"f:248:2:248:12":27,"b:249:4:249:Infinity:undefined:undefined:undefined:undefined":16,"s:249:4:249:Infinity":109,"s:249:37:249:Infinity":110,"s:251:29:251:31":111,"s:252:20:252:Infinity":112,"s:254:4:271:Infinity":113,"b:255:6:257:Infinity:undefined:undefined:undefined:undefined":17,"s:255:6:257:Infinity":114,"s:256:8:256:Infinity":115,"s:257:8:257:Infinity":116,"s:260:23:260:Infinity":117,"s:261:26:261:64":118,"s:262:24:262:61":119,"b:264:6:267:Infinity:266:17:267:Infinity":18,"s:264:6:267:Infinity":120,"s:265:8:265:Infinity":121,"b:266:17:267:Infinity:undefined:undefined:undefined:undefined":19,"s:266:17:267:Infinity":122,"s:267:8:267:Infinity":123,"s:270:6:270:Infinity":124,"s:271:6:271:Infinity":125,"s:274:4:274:Infinity":126,"f:277:2:277:12":28,"s:278:4:278:Infinity":127,"f:281:18:281:43":29,"s:282:4:282:Infinity":128,"b:283:4:285:Infinity:undefined:undefined:undefined:undefined":20,"s:283:4:285:Infinity":129,"s:284:6:284:Infinity":130,"s:285:6:285:Infinity":131,"s:287:4:287:Infinity":132,"s:288:4:288:Infinity":133}}}
,"/home/runner/workspace/opentegrate/packages/channels/src/channel-registry.ts": {"path":"/home/runner/workspace/opentegrate/packages/channels/src/channel-registry.ts","statementMap":{"0":{"start":{"line":6,"column":21},"end":{"line":6,"column":47}},"1":{"start":{"line":7,"column":71},"end":{"line":7,"column":null}},"2":{"start":{"line":8,"column":22},"end":{"line":8,"column":102}},"3":{"start":{"line":11,"column":4},"end":{"line":11,"column":null}},"4":{"start":{"line":12,"column":4},"end":{"line":14,"column":null}},"5":{"start":{"line":13,"column":6},"end":{"line":13,"column":null}},"6":{"start":{"line":18,"column":20},"end":{"line":18,"column":48}},"7":{"start":{"line":19,"column":4},"end":{"line":20,"column":null}},"8":{"start":{"line":20,"column":6},"end":{"line":20,"column":null}},"9":{"start":{"line":22,"column":4},"end":{"line":22,"column":null}},"10":{"start":{"line":26,"column":4},"end":{"line":26,"column":null}},"11":{"start":{"line":30,"column":4},"end":{"line":30,"column":null}},"12":{"start":{"line":34,"column":4},"end":{"line":34,"column":null}},"13":{"start":{"line":34,"column":37},"end":{"line":34,"column":60}},"14":{"start":{"line":38,"column":4},"end":{"line":38,"column":null}},"15":{"start":{"line":38,"column":37},"end":{"line":38,"column":51}},"16":{"start":{"line":42,"column":4},"end":{"line":45,"column":null}},"17":{"start":{"line":43,"column":21},"end":{"line":43,"column":34}},"18":{"start":{"line":44,"column":6},"end":{"line":44,"column":null}},"19":{"start":{"line":49,"column":4},"end":{"line":52,"column":null}},"20":{"start":{"line":50,"column":21},"end":{"line":50,"column":34}},"21":{"start":{"line":51,"column":6},"end":{"line":51,"column":null}},"22":{"start":{"line":56,"column":21},"end":{"line":62,"column":null}},"23":{"start":{"line":57,"column":6},"end":{"line":60,"column":null}},"24":{"start":{"line":58,"column":8},"end":{"line":58,"column":null}},"25":{"start":{"line":60,"column":8},"end":{"line":60,"column":null}},"26":{"start":{"line":63,"column":4},"end":{"line":63,"column":null}},"27":{"start":{"line":67,"column":21},"end":{"line":73,"column":null}},"28":{"start":{"line":68,"column":6},"end":{"line":71,"column":null}},"29":{"start":{"line":69,"column":8},"end":{"line":69,"column":null}},"30":{"start":{"line":71,"column":8},"end":{"line":71,"column":null}},"31":{"start":{"line":74,"column":4},"end":{"line":74,"column":null}},"32":{"start":{"line":78,"column":20},"end":{"line":78,"column":61}},"33":{"start":{"line":79,"column":27},"end":{"line":83,"column":29}},"34":{"start":{"line":80,"column":34},"end":{"line":80,"column":73}},"35":{"start":{"line":82,"column":36},"end":{"line":82,"column":75}},"36":{"start":{"line":85,"column":4},"end":{"line":93,"column":null}},"37":{"start":{"line":86,"column":6},"end":{"line":93,"column":null}},"38":{"start":{"line":87,"column":22},"end":{"line":87,"column":59}},"39":{"start":{"line":88,"column":8},"end":{"line":90,"column":null}},"40":{"start":{"line":89,"column":26},"end":{"line":89,"column":69}},"41":{"start":{"line":90,"column":10},"end":{"line":90,"column":null}},"42":{"start":{"line":93,"column":8},"end":{"line":93,"column":null}},"43":{"start":{"line":97,"column":4},"end":{"line":97,"column":null}},"44":{"start":{"line":101,"column":20},"end":{"line":101,"column":48}},"45":{"start":{"line":102,"column":4},"end":{"line":103,"column":null}},"46":{"start":{"line":103,"column":6},"end":{"line":103,"column":null}},"47":{"start":{"line":105,"column":4},"end":{"line":106,"column":null}},"48":{"start":{"line":106,"column":6},"end":{"line":106,"column":null}},"49":{"start":{"line":108,"column":4},"end":{"line":108,"column":null}},"50":{"start":{"line":112,"column":4},"end":{"line":117,"column":null}},"51":{"start":{"line":112,"column":41},"end":{"line":117,"column":7}},"52":{"start":{"line":121,"column":4},"end":{"line":122,"column":null}},"53":{"start":{"line":122,"column":6},"end":{"line":122,"column":null}},"54":{"start":{"line":124,"column":4},"end":{"line":124,"column":null}},"55":{"start":{"line":125,"column":4},"end":{"line":125,"column":null}},"56":{"start":{"line":125,"column":17},"end":{"line":125,"column":64}},"57":{"start":{"line":129,"column":4},"end":{"line":130,"column":null}},"58":{"start":{"line":130,"column":6},"end":{"line":130,"column":null}},"59":{"start":{"line":133,"column":4},"end":{"line":140,"column":null}},"60":{"start":{"line":134,"column":6},"end":{"line":137,"column":null}},"61":{"start":{"line":135,"column":23},"end":{"line":135,"column":42}},"62":{"start":{"line":136,"column":8},"end":{"line":137,"column":null}},"63":{"start":{"line":137,"column":10},"end":{"line":137,"column":null}},"64":{"start":{"line":144,"column":4},"end":{"line":146,"column":null}},"65":{"start":{"line":145,"column":6},"end":{"line":145,"column":null}},"66":{"start":{"line":146,"column":6},"end":{"line":146,"column":null}},"67":{"start":{"line":151,"column":16},"end":{"line":151,"column":29}},"68":{"start":{"line":152,"column":22},"end":{"line":152,"column":41}},"69":{"start":{"line":153,"column":20},"end":{"line":153,"column":37}},"70":{"start":{"line":154,"column":22},"end":{"line":154,"column":41}},"71":{"start":{"line":156,"column":20},"end":{"line":156,"column":null}},"72":{"start":{"line":157,"column":24},"end":{"line":157,"column":null}},"73":{"start":{"line":158,"column":4},"end":{"line":161,"column":null}},"74":{"start":{"line":159,"column":20},"end":{"line":159,"column":38}},"75":{"start":{"line":160,"column":6},"end":{"line":160,"column":null}},"76":{"start":{"line":161,"column":6},"end":{"line":161,"column":null}},"77":{"start":{"line":164,"column":4},"end":{"line":171,"column":null}},"78":{"start":{"line":175,"column":22},"end":{"line":175,"column":51}},"79":{"start":{"line":176,"column":4},"end":{"line":180,"column":null}},"80":{"start":{"line":177,"column":6},"end":{"line":180,"column":null}},"81":{"start":{"line":178,"column":8},"end":{"line":180,"column":null}},"82":{"start":{"line":179,"column":10},"end":{"line":179,"column":null}},"83":{"start":{"line":188,"column":18},"end":{"line":188,"column":36}},"84":{"start":{"line":189,"column":4},"end":{"line":190,"column":null}},"85":{"start":{"line":190,"column":6},"end":{"line":190,"column":null}},"86":{"start":{"line":192,"column":4},"end":{"line":192,"column":null}},"87":{"start":{"line":196,"column":47},"end":{"line":196,"column":null}},"88":{"start":{"line":199,"column":2},"end":{"line":200,"column":null}},"89":{"start":{"line":200,"column":4},"end":{"line":200,"column":null}},"90":{"start":{"line":202,"column":2},"end":{"line":202,"column":null}},"91":{"start":{"line":206,"column":2},"end":{"line":206,"column":null}}},"fnMap":{"0":{"name":"(anonymous_0)","decl":{"start":{"line":10,"column":2},"end":{"line":10,"column":11}},"loc":{"start":{"line":10,"column":35},"end":{"line":14,"column":null}},"line":10},"1":{"name":"(anonymous_1)","decl":{"start":{"line":12,"column":15},"end":{"line":12,"column":32}},"loc":{"start":{"line":12,"column":43},"end":{"line":14,"column":null}},"line":12},"2":{"name":"(anonymous_2)","decl":{"start":{"line":17,"column":2},"end":{"line":17,"column":13}},"loc":{"start":{"line":17,"column":41},"end":{"line":22,"column":null}},"line":17},"3":{"name":"(anonymous_3)","decl":{"start":{"line":20,"column":27},"end":{"line":20,"column":39}},"loc":{"start":{"line":20,"column":39},"end":{"line":20,"column":42}},"line":20},"4":{"name":"(anonymous_4)","decl":{"start":{"line":25,"column":2},"end":{"line":25,"column":6}},"loc":{"start":{"line":25,"column":46},"end":{"line":26,"column":null}},"line":25},"5":{"name":"(anonymous_5)","decl":{"start":{"line":29,"column":2},"end":{"line":29,"column":22}},"loc":{"start":{"line":29,"column":22},"end":{"line":30,"column":null}},"line":29},"6":{"name":"(anonymous_6)","decl":{"start":{"line":33,"column":2},"end":{"line":33,"column":12}},"loc":{"start":{"line":33,"column":42},"end":{"line":34,"column":null}},"line":33},"7":{"name":"(anonymous_7)","decl":{"start":{"line":34,"column":25},"end":{"line":34,"column":32}},"loc":{"start":{"line":34,"column":37},"end":{"line":34,"column":60}},"line":34},"8":{"name":"(anonymous_8)","decl":{"start":{"line":37,"column":2},"end":{"line":37,"column":28}},"loc":{"start":{"line":37,"column":28},"end":{"line":38,"column":null}},"line":37},"9":{"name":"(anonymous_9)","decl":{"start":{"line":38,"column":25},"end":{"line":38,"column":32}},"loc":{"start":{"line":38,"column":37},"end":{"line":38,"column":51}},"line":38},"10":{"name":"(anonymous_10)","decl":{"start":{"line":41,"column":2},"end":{"line":41,"column":26}},"loc":{"start":{"line":41,"column":26},"end":{"line":45,"column":null}},"line":41},"11":{"name":"(anonymous_11)","decl":{"start":{"line":42,"column":25},"end":{"line":42,"column":32}},"loc":{"start":{"line":42,"column":37},"end":{"line":45,"column":null}},"line":42},"12":{"name":"(anonymous_12)","decl":{"start":{"line":48,"column":2},"end":{"line":48,"column":28}},"loc":{"start":{"line":48,"column":28},"end":{"line":52,"column":null}},"line":48},"13":{"name":"(anonymous_13)","decl":{"start":{"line":49,"column":25},"end":{"line":49,"column":32}},"loc":{"start":{"line":49,"column":37},"end":{"line":52,"column":null}},"line":49},"14":{"name":"(anonymous_14)","decl":{"start":{"line":55,"column":8},"end":{"line":55,"column":36}},"loc":{"start":{"line":55,"column":36},"end":{"line":63,"column":null}},"line":55},"15":{"name":"(anonymous_15)","decl":{"start":{"line":56,"column":39},"end":{"line":56,"column":46}},"loc":{"start":{"line":56,"column":58},"end":{"line":62,"column":null}},"line":56},"16":{"name":"(anonymous_16)","decl":{"start":{"line":66,"column":8},"end":{"line":66,"column":39}},"loc":{"start":{"line":66,"column":39},"end":{"line":74,"column":null}},"line":66},"17":{"name":"(anonymous_17)","decl":{"start":{"line":67,"column":39},"end":{"line":67,"column":46}},"loc":{"start":{"line":67,"column":58},"end":{"line":73,"column":null}},"line":67},"18":{"name":"(anonymous_18)","decl":{"start":{"line":77,"column":8},"end":{"line":77,"column":25}},"loc":{"start":{"line":77,"column":143},"end":{"line":97,"column":null}},"line":77},"19":{"name":"(anonymous_19)","decl":{"start":{"line":80,"column":22},"end":{"line":80,"column":29}},"loc":{"start":{"line":80,"column":34},"end":{"line":80,"column":73}},"line":80},"20":{"name":"(anonymous_20)","decl":{"start":{"line":82,"column":24},"end":{"line":82,"column":31}},"loc":{"start":{"line":82,"column":36},"end":{"line":82,"column":75}},"line":82},"21":{"name":"(anonymous_21)","decl":{"start":{"line":100,"column":8},"end":{"line":100,"column":29}},"loc":{"start":{"line":100,"column":141},"end":{"line":108,"column":null}},"line":100},"22":{"name":"(anonymous_22)","decl":{"start":{"line":111,"column":2},"end":{"line":111,"column":158}},"loc":{"start":{"line":111,"column":158},"end":{"line":117,"column":null}},"line":111},"23":{"name":"(anonymous_23)","decl":{"start":{"line":112,"column":25},"end":{"line":112,"column":29}},"loc":{"start":{"line":112,"column":41},"end":{"line":117,"column":7}},"line":112},"24":{"name":"(anonymous_24)","decl":{"start":{"line":120,"column":2},"end":{"line":120,"column":17}},"loc":{"start":{"line":120,"column":116},"end":{"line":125,"column":null}},"line":120},"25":{"name":"(anonymous_25)","decl":{"start":{"line":125,"column":4},"end":{"line":125,"column":17}},"loc":{"start":{"line":125,"column":17},"end":{"line":125,"column":64}},"line":125},"26":{"name":"(anonymous_26)","decl":{"start":{"line":128,"column":2},"end":{"line":128,"column":24}},"loc":{"start":{"line":128,"column":50},"end":{"line":140,"column":null}},"line":128},"27":{"name":"(anonymous_27)","decl":{"start":{"line":133,"column":31},"end":{"line":133,"column":49}},"loc":{"start":{"line":133,"column":49},"end":{"line":140,"column":18}},"line":133},"28":{"name":"(anonymous_28)","decl":{"start":{"line":143,"column":2},"end":{"line":143,"column":31}},"loc":{"start":{"line":143,"column":31},"end":{"line":146,"column":null}},"line":143},"29":{"name":"(anonymous_29)","decl":{"start":{"line":150,"column":2},"end":{"line":150,"column":145}},"loc":{"start":{"line":150,"column":145},"end":{"line":171,"column":null}},"line":150},"30":{"name":"(anonymous_30)","decl":{"start":{"line":174,"column":2},"end":{"line":174,"column":10}},"loc":{"start":{"line":174,"column":81},"end":{"line":180,"column":null}},"line":174},"31":{"name":"(anonymous_31)","decl":{"start":{"line":187,"column":16},"end":{"line":187,"column":34}},"loc":{"start":{"line":187,"column":98},"end":{"line":192,"column":null}},"line":187},"32":{"name":"getChannelRegistry","decl":{"start":{"line":198,"column":16},"end":{"line":198,"column":54}},"loc":{"start":{"line":198,"column":54},"end":{"line":202,"column":null}},"line":198},"33":{"name":"resetChannelRegistry","decl":{"start":{"line":205,"column":16},"end":{"line":205,"column":45}},"loc":{"start":{"line":205,"column":45},"end":{"line":206,"column":null}},"line":205}},"branchMap":{"0":{"loc":{"start":{"line":19,"column":4},"end":{"line":20,"column":null}},"type":"if","locations":[{"start":{"line":19,"column":4},"end":{"line":20,"column":null}},{"start":{},"end":{}}],"line":19},"1":{"loc":{"start":{"line":44,"column":13},"end":{"line":44,"column":null}},"type":"binary-expr","locations":[{"start":{"line":44,"column":13},"end":{"line":44,"column":44}},{"start":{"line":44,"column":44},"end":{"line":44,"column":null}}],"line":44},"2":{"loc":{"start":{"line":51,"column":13},"end":{"line":51,"column":null}},"type":"binary-expr","locations":[{"start":{"line":51,"column":13},"end":{"line":51,"column":46}},{"start":{"line":51,"column":46},"end":{"line":51,"column":null}}],"line":51},"3":{"loc":{"start":{"line":79,"column":27},"end":{"line":83,"column":29}},"type":"cond-expr","locations":[{"start":{"line":80,"column":8},"end":{"line":80,"column":74}},{"start":{"line":81,"column":8},"end":{"line":83,"column":29}}],"line":79},"4":{"loc":{"start":{"line":81,"column":8},"end":{"line":83,"column":29}},"type":"cond-expr","locations":[{"start":{"line":82,"column":10},"end":{"line":82,"column":76}},{"start":{"line":83,"column":10},"end":{"line":83,"column":29}}],"line":81},"5":{"loc":{"start":{"line":93,"column":39},"end":{"line":93,"column":96}},"type":"cond-expr","locations":[{"start":{"line":93,"column":64},"end":{"line":93,"column":72}},{"start":{"line":93,"column":72},"end":{"line":93,"column":96}}],"line":93},"6":{"loc":{"start":{"line":102,"column":4},"end":{"line":103,"column":null}},"type":"if","locations":[{"start":{"line":102,"column":4},"end":{"line":103,"column":null}},{"start":{},"end":{}}],"line":102},"7":{"loc":{"start":{"line":105,"column":4},"end":{"line":106,"column":null}},"type":"if","locations":[{"start":{"line":105,"column":4},"end":{"line":106,"column":null}},{"start":{},"end":{}}],"line":105},"8":{"loc":{"start":{"line":121,"column":4},"end":{"line":122,"column":null}},"type":"if","locations":[{"start":{"line":121,"column":4},"end":{"line":122,"column":null}},{"start":{},"end":{}}],"line":121},"9":{"loc":{"start":{"line":128,"column":24},"end":{"line":128,"column":50}},"type":"default-arg","locations":[{"start":{"line":128,"column":37},"end":{"line":128,"column":50}}],"line":128},"10":{"loc":{"start":{"line":129,"column":4},"end":{"line":130,"column":null}},"type":"if","locations":[{"start":{"line":129,"column":4},"end":{"line":130,"column":null}},{"start":{},"end":{}}],"line":129},"11":{"loc":{"start":{"line":136,"column":8},"end":{"line":137,"column":null}},"type":"if","locations":[{"start":{"line":136,"column":8},"end":{"line":137,"column":null}},{"start":{},"end":{}}],"line":136},"12":{"loc":{"start":{"line":136,"column":12},"end":{"line":136,"column":79}},"type":"binary-expr","locations":[{"start":{"line":136,"column":12},"end":{"line":136,"column":45}},{"start":{"line":136,"column":45},"end":{"line":136,"column":79}}],"line":136},"13":{"loc":{"start":{"line":144,"column":4},"end":{"line":146,"column":null}},"type":"if","locations":[{"start":{"line":144,"column":4},"end":{"line":146,"column":null}},{"start":{},"end":{}}],"line":144},"14":{"loc":{"start":{"line":176,"column":4},"end":{"line":180,"column":null}},"type":"if","locations":[{"start":{"line":176,"column":4},"end":{"line":180,"column":null}},{"start":{},"end":{}}],"line":176},"15":{"loc":{"start":{"line":189,"column":4},"end":{"line":190,"column":null}},"type":"if","locations":[{"start":{"line":189,"column":4},"end":{"line":190,"column":null}},{"start":{},"end":{}}],"line":189},"16":{"loc":{"start":{"line":199,"column":2},"end":{"line":200,"column":null}},"type":"if","locations":[{"start":{"line":199,"column":2},"end":{"line":200,"column":null}},{"start":{},"end":{}}],"line":199}},"s":{"0":8,"1":8,"2":8,"3":11,"4":11,"5":0,"6":1,"7":1,"8":1,"9":1,"10":2,"11":8,"12":1,"13":2,"14":2,"15":4,"16":2,"17":3,"18":3,"19":1,"20":2,"21":2,"22":0,"23":0,"24":0,"25":0,"26":0,"27":0,"28":0,"29":0,"30":0,"31":0,"32":0,"33":0,"34":0,"35":0,"36":0,"37":0,"38":0,"39":0,"40":0,"41":0,"42":0,"43":0,"44":0,"45":0,"46":0,"47":0,"48":0,"49":0,"50":1,"51":1,"52":0,"53":0,"54":0,"55":0,"56":0,"57":1,"58":0,"59":1,"60":0,"61":0,"62":0,"63":0,"64":1,"65":1,"66":1,"67":1,"68":1,"69":1,"70":1,"71":1,"72":1,"73":1,"74":2,"75":2,"76":2,"77":1,"78":0,"79":0,"80":0,"81":0,"82":0,"83":0,"84":0,"85":0,"86":0,"87":1,"88":0,"89":0,"90":0,"91":0},"f":{"0":11,"1":0,"2":1,"3":0,"4":2,"5":8,"6":1,"7":2,"8":2,"9":4,"10":2,"11":3,"12":1,"13":2,"14":0,"15":0,"16":0,"17":0,"18":0,"19":0,"20":0,"21":0,"22":1,"23":1,"24":0,"25":0,"26":1,"27":0,"28":1,"29":1,"30":0,"31":0,"32":0,"33":0},"b":{"0":[1,0],"1":[3,0],"2":[2,2],"3":[0,0],"4":[0,0],"5":[0,0],"6":[0,0],"7":[0,0],"8":[0,0],"9":[1],"10":[0,1],"11":[0,0],"12":[0,0],"13":[1,0],"14":[0,0],"15":[0,0],"16":[0,0]},"meta":{"lastBranch":17,"lastFunction":34,"lastStatement":92,"seen":{"s:6:21:6:47":0,"s:7:71:7:Infinity":1,"s:8:22:8:102":2,"f:10:2:10:11":0,"s:11:4:11:Infinity":3,"s:12:4:14:Infinity":4,"f:12:15:12:32":1,"s:13:6:13:Infinity":5,"f:17:2:17:13":2,"s:18:20:18:48":6,"b:19:4:20:Infinity:undefined:undefined:undefined:undefined":0,"s:19:4:20:Infinity":7,"s:20:6:20:Infinity":8,"f:20:27:20:39":3,"s:22:4:22:Infinity":9,"f:25:2:25:6":4,"s:26:4:26:Infinity":10,"f:29:2:29:22":5,"s:30:4:30:Infinity":11,"f:33:2:33:12":6,"s:34:4:34:Infinity":12,"f:34:25:34:32":7,"s:34:37:34:60":13,"f:37:2:37:28":8,"s:38:4:38:Infinity":14,"f:38:25:38:32":9,"s:38:37:38:51":15,"f:41:2:41:26":10,"s:42:4:45:Infinity":16,"f:42:25:42:32":11,"s:43:21:43:34":17,"s:44:6:44:Infinity":18,"b:44:13:44:44:44:44:44:Infinity":1,"f:48:2:48:28":12,"s:49:4:52:Infinity":19,"f:49:25:49:32":13,"s:50:21:50:34":20,"s:51:6:51:Infinity":21,"b:51:13:51:46:51:46:51:Infinity":2,"f:55:8:55:36":14,"s:56:21:62:Infinity":22,"f:56:39:56:46":15,"s:57:6:60:Infinity":23,"s:58:8:58:Infinity":24,"s:60:8:60:Infinity":25,"s:63:4:63:Infinity":26,"f:66:8:66:39":16,"s:67:21:73:Infinity":27,"f:67:39:67:46":17,"s:68:6:71:Infinity":28,"s:69:8:69:Infinity":29,"s:71:8:71:Infinity":30,"s:74:4:74:Infinity":31,"f:77:8:77:25":18,"s:78:20:78:61":32,"s:79:27:83:29":33,"b:80:8:80:74:81:8:83:29":3,"f:80:22:80:29":19,"s:80:34:80:73":34,"b:82:10:82:76:83:10:83:29":4,"f:82:24:82:31":20,"s:82:36:82:75":35,"s:85:4:93:Infinity":36,"s:86:6:93:Infinity":37,"s:87:22:87:59":38,"s:88:8:90:Infinity":39,"s:89:26:89:69":40,"s:90:10:90:Infinity":41,"s:93:8:93:Infinity":42,"b:93:64:93:72:93:72:93:96":5,"s:97:4:97:Infinity":43,"f:100:8:100:29":21,"s:101:20:101:48":44,"b:102:4:103:Infinity:undefined:undefined:undefined:undefined":6,"s:102:4:103:Infinity":45,"s:103:6:103:Infinity":46,"b:105:4:106:Infinity:undefined:undefined:undefined:undefined":7,"s:105:4:106:Infinity":47,"s:106:6:106:Infinity":48,"s:108:4:108:Infinity":49,"f:111:2:111:158":22,"s:112:4:117:Infinity":50,"f:112:25:112:29":23,"s:112:41:117:7":51,"f:120:2:120:17":24,"b:121:4:122:Infinity:undefined:undefined:undefined:undefined":8,"s:121:4:122:Infinity":52,"s:122:6:122:Infinity":53,"s:124:4:124:Infinity":54,"s:125:4:125:Infinity":55,"f:125:4:125:17":25,"s:125:17:125:64":56,"f:128:2:128:24":26,"b:128:37:128:50":9,"b:129:4:130:Infinity:undefined:undefined:undefined:undefined":10,"s:129:4:130:Infinity":57,"s:130:6:130:Infinity":58,"s:133:4:140:Infinity":59,"f:133:31:133:49":27,"s:134:6:137:Infinity":60,"s:135:23:135:42":61,"b:136:8:137:Infinity:undefined:undefined:undefined:undefined":11,"s:136:8:137:Infinity":62,"b:136:12:136:45:136:45:136:79":12,"s:137:10:137:Infinity":63,"f:143:2:143:31":28,"b:144:4:146:Infinity:undefined:undefined:undefined:undefined":13,"s:144:4:146:Infinity":64,"s:145:6:145:Infinity":65,"s:146:6:146:Infinity":66,"f:150:2:150:145":29,"s:151:16:151:29":67,"s:152:22:152:41":68,"s:153:20:153:37":69,"s:154:22:154:41":70,"s:156:20:156:Infinity":71,"s:157:24:157:Infinity":72,"s:158:4:161:Infinity":73,"s:159:20:159:38":74,"s:160:6:160:Infinity":75,"s:161:6:161:Infinity":76,"s:164:4:171:Infinity":77,"f:174:2:174:10":30,"s:175:22:175:51":78,"b:176:4:180:Infinity:undefined:undefined:undefined:undefined":14,"s:176:4:180:Infinity":79,"s:177:6:180:Infinity":80,"s:178:8:180:Infinity":81,"s:179:10:179:Infinity":82,"f:187:16:187:34":31,"s:188:18:188:36":83,"b:189:4:190:Infinity:undefined:undefined:undefined:undefined":15,"s:189:4:190:Infinity":84,"s:190:6:190:Infinity":85,"s:192:4:192:Infinity":86,"s:196:47:196:Infinity":87,"f:198:16:198:54":32,"b:199:2:200:Infinity:undefined:undefined:undefined:undefined":16,"s:199:2:200:Infinity":88,"s:200:4:200:Infinity":89,"s:202:2:202:Infinity":90,"f:205:16:205:45":33,"s:206:2:206:Infinity":91}}}
,"/home/runner/workspace/opentegrate/packages/channels/src/discord.ts": {"path":"/home/runner/workspace/opentegrate/packages/channels/src/discord.ts","statementMap":{"0":{"start":{"line":141,"column":33},"end":{"line":141,"column":null}},"1":{"start":{"line":142,"column":45},"end":{"line":142,"column":null}},"2":{"start":{"line":143,"column":40},"end":{"line":143,"column":null}},"3":{"start":{"line":144,"column":37},"end":{"line":144,"column":null}},"4":{"start":{"line":145,"column":20},"end":{"line":145,"column":null}},"5":{"start":{"line":146,"column":29},"end":{"line":146,"column":84}},"6":{"start":{"line":147,"column":33},"end":{"line":147,"column":null}},"7":{"start":{"line":148,"column":28},"end":{"line":148,"column":86}},"8":{"start":{"line":151,"column":4},"end":{"line":151,"column":null}},"9":{"start":{"line":152,"column":4},"end":{"line":152,"column":null}},"10":{"start":{"line":156,"column":4},"end":{"line":156,"column":null}},"11":{"start":{"line":156,"column":24},"end":{"line":156,"column":null}},"12":{"start":{"line":158,"column":4},"end":{"line":158,"column":null}},"13":{"start":{"line":160,"column":4},"end":{"line":161,"column":null}},"14":{"start":{"line":161,"column":6},"end":{"line":161,"column":null}},"15":{"start":{"line":164,"column":4},"end":{"line":166,"column":null}},"16":{"start":{"line":165,"column":19},"end":{"line":165,"column":51}},"17":{"start":{"line":166,"column":6},"end":{"line":166,"column":null}},"18":{"start":{"line":169,"column":4},"end":{"line":175,"column":null}},"19":{"start":{"line":170,"column":6},"end":{"line":170,"column":null}},"20":{"start":{"line":171,"column":6},"end":{"line":171,"column":null}},"21":{"start":{"line":172,"column":6},"end":{"line":172,"column":null}},"22":{"start":{"line":174,"column":6},"end":{"line":175,"column":null}},"23":{"start":{"line":175,"column":8},"end":{"line":175,"column":null}},"24":{"start":{"line":179,"column":4},"end":{"line":181,"column":null}},"25":{"start":{"line":180,"column":6},"end":{"line":180,"column":null}},"26":{"start":{"line":181,"column":6},"end":{"line":181,"column":null}},"27":{"start":{"line":184,"column":4},"end":{"line":194,"column":null}},"28":{"start":{"line":185,"column":22},"end":{"line":185,"column":86}},"29":{"start":{"line":185,"column":39},"end":{"line":185,"column":78}},"30":{"start":{"line":186,"column":6},"end":{"line":189,"column":null}},"31":{"start":{"line":187,"column":8},"end":{"line":187,"column":null}},"32":{"start":{"line":188,"column":8},"end":{"line":188,"column":null}},"33":{"start":{"line":190,"column":6},"end":{"line":193,"column":null}},"34":{"start":{"line":191,"column":8},"end":{"line":191,"column":null}},"35":{"start":{"line":192,"column":8},"end":{"line":192,"column":null}},"36":{"start":{"line":198,"column":4},"end":{"line":198,"column":null}},"37":{"start":{"line":199,"column":4},"end":{"line":199,"column":null}},"38":{"start":{"line":201,"column":4},"end":{"line":203,"column":null}},"39":{"start":{"line":202,"column":6},"end":{"line":202,"column":null}},"40":{"start":{"line":203,"column":6},"end":{"line":203,"column":null}},"41":{"start":{"line":206,"column":4},"end":{"line":206,"column":null}},"42":{"start":{"line":207,"column":4},"end":{"line":207,"column":null}},"43":{"start":{"line":211,"column":19},"end":{"line":211,"column":null}},"44":{"start":{"line":212,"column":22},"end":{"line":212,"column":57}},"45":{"start":{"line":213,"column":19},"end":{"line":213,"column":56}},"46":{"start":{"line":215,"column":45},"end":{"line":215,"column":null}},"47":{"start":{"line":217,"column":4},"end":{"line":243,"column":null}},"48":{"start":{"line":218,"column":44},"end":{"line":219,"column":null}},"49":{"start":{"line":222,"column":6},"end":{"line":223,"column":null}},"50":{"start":{"line":223,"column":8},"end":{"line":223,"column":null}},"51":{"start":{"line":226,"column":6},"end":{"line":227,"column":null}},"52":{"start":{"line":227,"column":8},"end":{"line":227,"column":null}},"53":{"start":{"line":227,"column":48},"end":{"line":227,"column":70}},"54":{"start":{"line":230,"column":23},"end":{"line":233,"column":8}},"55":{"start":{"line":235,"column":6},"end":{"line":238,"column":null}},"56":{"start":{"line":236,"column":22},"end":{"line":236,"column":81}},"57":{"start":{"line":237,"column":8},"end":{"line":237,"column":null}},"58":{"start":{"line":238,"column":8},"end":{"line":238,"column":null}},"59":{"start":{"line":241,"column":19},"end":{"line":241,"column":40}},"60":{"start":{"line":242,"column":6},"end":{"line":242,"column":null}},"61":{"start":{"line":243,"column":6},"end":{"line":243,"column":null}},"62":{"start":{"line":246,"column":4},"end":{"line":246,"column":null}},"63":{"start":{"line":250,"column":4},"end":{"line":252,"column":null}},"64":{"start":{"line":256,"column":21},"end":{"line":256,"column":70}},"65":{"start":{"line":257,"column":4},"end":{"line":258,"column":null}},"66":{"start":{"line":258,"column":6},"end":{"line":258,"column":null}},"67":{"start":{"line":261,"column":17},"end":{"line":261,"column":38}},"68":{"start":{"line":262,"column":4},"end":{"line":268,"column":null}},"69":{"start":{"line":272,"column":19},"end":{"line":272,"column":40}},"70":{"start":{"line":273,"column":4},"end":{"line":273,"column":null}},"71":{"start":{"line":273,"column":24},"end":{"line":273,"column":null}},"72":{"start":{"line":274,"column":4},"end":{"line":274,"column":null}},"73":{"start":{"line":274,"column":25},"end":{"line":274,"column":null}},"74":{"start":{"line":275,"column":4},"end":{"line":275,"column":null}},"75":{"start":{"line":275,"column":24},"end":{"line":275,"column":null}},"76":{"start":{"line":277,"column":21},"end":{"line":277,"column":92}},"77":{"start":{"line":278,"column":4},"end":{"line":279,"column":null}},"78":{"start":{"line":279,"column":6},"end":{"line":279,"column":null}},"79":{"start":{"line":282,"column":21},"end":{"line":282,"column":42}},"80":{"start":{"line":283,"column":4},"end":{"line":283,"column":null}},"81":{"start":{"line":283,"column":31},"end":{"line":283,"column":55}},"82":{"start":{"line":287,"column":25},"end":{"line":287,"column":50}},"83":{"start":{"line":288,"column":21},"end":{"line":290,"column":null}},"84":{"start":{"line":293,"column":4},"end":{"line":294,"column":null}},"85":{"start":{"line":294,"column":6},"end":{"line":294,"column":null}},"86":{"start":{"line":299,"column":21},"end":{"line":302,"column":6}},"87":{"start":{"line":304,"column":4},"end":{"line":305,"column":null}},"88":{"start":{"line":305,"column":6},"end":{"line":305,"column":null}},"89":{"start":{"line":310,"column":4},"end":{"line":310,"column":null}},"90":{"start":{"line":314,"column":37},"end":{"line":320,"column":null}},"91":{"start":{"line":322,"column":21},"end":{"line":328,"column":null}},"92":{"start":{"line":331,"column":4},"end":{"line":332,"column":null}},"93":{"start":{"line":332,"column":6},"end":{"line":332,"column":null}},"94":{"start":{"line":337,"column":21},"end":{"line":337,"column":76}},"95":{"start":{"line":338,"column":4},"end":{"line":339,"column":null}},"96":{"start":{"line":339,"column":6},"end":{"line":339,"column":null}},"97":{"start":{"line":341,"column":4},"end":{"line":341,"column":null}},"98":{"start":{"line":345,"column":21},"end":{"line":345,"column":71}},"99":{"start":{"line":346,"column":4},"end":{"line":347,"column":null}},"100":{"start":{"line":347,"column":6},"end":{"line":347,"column":null}},"101":{"start":{"line":349,"column":4},"end":{"line":349,"column":null}},"102":{"start":{"line":353,"column":19},"end":{"line":353,"column":55}},"103":{"start":{"line":354,"column":4},"end":{"line":354,"column":null}},"104":{"start":{"line":354,"column":17},"end":{"line":354,"column":null}},"105":{"start":{"line":355,"column":4},"end":{"line":355,"column":null}},"106":{"start":{"line":359,"column":4},"end":{"line":415,"column":null}},"107":{"start":{"line":360,"column":20},"end":{"line":360,"column":null}},"108":{"start":{"line":361,"column":6},"end":{"line":361,"column":null}},"109":{"start":{"line":362,"column":6},"end":{"line":362,"column":null}},"110":{"start":{"line":363,"column":6},"end":{"line":363,"column":null}},"111":{"start":{"line":364,"column":15},"end":{"line":415,"column":null}},"112":{"start":{"line":365,"column":23},"end":{"line":365,"column":null}},"113":{"start":{"line":366,"column":6},"end":{"line":366,"column":null}},"114":{"start":{"line":368,"column":6},"end":{"line":406,"column":null}},"115":{"start":{"line":370,"column":10},"end":{"line":370,"column":null}},"116":{"start":{"line":371,"column":10},"end":{"line":371,"column":null}},"117":{"start":{"line":372,"column":10},"end":{"line":372,"column":null}},"118":{"start":{"line":373,"column":10},"end":{"line":373,"column":null}},"119":{"start":{"line":374,"column":10},"end":{"line":374,"column":null}},"120":{"start":{"line":377,"column":22},"end":{"line":377,"column":null}},"121":{"start":{"line":378,"column":10},"end":{"line":378,"column":null}},"122":{"start":{"line":378,"column":66},"end":{"line":378,"column":null}},"123":{"start":{"line":379,"column":10},"end":{"line":379,"column":null}},"124":{"start":{"line":380,"column":10},"end":{"line":380,"column":null}},"125":{"start":{"line":381,"column":10},"end":{"line":381,"column":null}},"126":{"start":{"line":385,"column":22},"end":{"line":385,"column":null}},"127":{"start":{"line":386,"column":10},"end":{"line":386,"column":null}},"128":{"start":{"line":387,"column":10},"end":{"line":387,"column":null}},"129":{"start":{"line":391,"column":26},"end":{"line":391,"column":null}},"130":{"start":{"line":392,"column":10},"end":{"line":392,"column":null}},"131":{"start":{"line":393,"column":10},"end":{"line":393,"column":null}},"132":{"start":{"line":397,"column":26},"end":{"line":397,"column":null}},"133":{"start":{"line":398,"column":10},"end":{"line":398,"column":null}},"134":{"start":{"line":399,"column":10},"end":{"line":399,"column":null}},"135":{"start":{"line":403,"column":10},"end":{"line":403,"column":null}},"136":{"start":{"line":404,"column":10},"end":{"line":404,"column":null}},"137":{"start":{"line":405,"column":10},"end":{"line":405,"column":null}},"138":{"start":{"line":406,"column":10},"end":{"line":406,"column":null}},"139":{"start":{"line":408,"column":15},"end":{"line":415,"column":null}},"140":{"start":{"line":409,"column":6},"end":{"line":409,"column":null}},"141":{"start":{"line":410,"column":15},"end":{"line":415,"column":null}},"142":{"start":{"line":411,"column":6},"end":{"line":411,"column":null}},"143":{"start":{"line":412,"column":15},"end":{"line":415,"column":null}},"144":{"start":{"line":413,"column":6},"end":{"line":413,"column":null}},"145":{"start":{"line":414,"column":6},"end":{"line":414,"column":null}},"146":{"start":{"line":415,"column":6},"end":{"line":415,"column":null}},"147":{"start":{"line":420,"column":4},"end":{"line":420,"column":null}},"148":{"start":{"line":420,"column":59},"end":{"line":420,"column":null}},"149":{"start":{"line":422,"column":20},"end":{"line":436,"column":null}},"150":{"start":{"line":438,"column":4},"end":{"line":438,"column":null}},"151":{"start":{"line":442,"column":4},"end":{"line":442,"column":null}},"152":{"start":{"line":443,"column":4},"end":{"line":444,"column":null}},"153":{"start":{"line":444,"column":6},"end":{"line":444,"column":null}},"154":{"start":{"line":444,"column":49},"end":{"line":444,"column":69}},"155":{"start":{"line":449,"column":4},"end":{"line":451,"column":null}},"156":{"start":{"line":450,"column":6},"end":{"line":450,"column":null}},"157":{"start":{"line":451,"column":6},"end":{"line":451,"column":null}},"158":{"start":{"line":456,"column":4},"end":{"line":457,"column":null}},"159":{"start":{"line":457,"column":6},"end":{"line":457,"column":null}},"160":{"start":{"line":462,"column":4},"end":{"line":467,"column":null}},"161":{"start":{"line":472,"column":4},"end":{"line":472,"column":null}},"162":{"start":{"line":476,"column":16},"end":{"line":476,"column":26}},"163":{"start":{"line":478,"column":4},"end":{"line":479,"column":null}},"164":{"start":{"line":479,"column":6},"end":{"line":479,"column":null}},"165":{"start":{"line":482,"column":22},"end":{"line":482,"column":60}},"166":{"start":{"line":483,"column":19},"end":{"line":483,"column":55}},"167":{"start":{"line":485,"column":4},"end":{"line":486,"column":null}},"168":{"start":{"line":486,"column":6},"end":{"line":486,"column":null}},"169":{"start":{"line":489,"column":18},"end":{"line":489,"column":28}},"170":{"start":{"line":490,"column":21},"end":{"line":497,"column":6}},"171":{"start":{"line":498,"column":4},"end":{"line":498,"column":null}},"172":{"start":{"line":500,"column":18},"end":{"line":500,"column":59}},"173":{"start":{"line":501,"column":22},"end":{"line":501,"column":67}},"174":{"start":{"line":502,"column":23},"end":{"line":502,"column":70}},"175":{"start":{"line":503,"column":21},"end":{"line":503,"column":63}},"176":{"start":{"line":505,"column":4},"end":{"line":509,"column":null}},"177":{"start":{"line":506,"column":6},"end":{"line":509,"column":null}},"178":{
[...]
53:108:53:108:77":6,"s:109:8:109:Infinity":29,"s:113:18:113:99":30,"b:113:65:113:87:113:87:113:99":7,"s:114:4:114:Infinity":31,"s:115:4:115:Infinity":32,"s:116:4:116:Infinity":33,"s:117:4:117:Infinity":34,"f:120:9:120:16":10,"s:121:23:121:53":35,"s:124:4:158:Infinity":36,"b:125:6:126:Infinity:undefined:undefined:undefined:undefined":8,"s:125:6:126:Infinity":37,"s:126:8:126:Infinity":38,"b:129:6:130:Infinity:undefined:undefined:undefined:undefined":9,"s:129:6:130:Infinity":39,"s:130:8:130:Infinity":40,"s:133:6:158:Infinity":41,"s:134:26:134:36":42,"s:137:8:138:Infinity":43,"s:138:10:138:Infinity":44,"s:141:8:141:Infinity":45,"s:142:25:142:Infinity":46,"s:144:25:144:78":47,"s:145:8:153:Infinity":48,"s:155:8:155:Infinity":49,"s:157:8:157:Infinity":50,"b:157:45:157:53:157:53:157:77":10,"s:158:8:158:Infinity":51,"s:162:18:162:109":52,"b:162:75:162:97:162:97:162:109":11,"s:163:4:163:Infinity":53,"s:164:4:164:Infinity":54,"s:165:4:165:Infinity":55,"s:166:4:166:Infinity":56,"f:169:8:169:14":11,"s:170:23:170:53":57,"s:173:4:181:Infinity":58,"b:174:6:175:Infinity:undefined:undefined:undefined:undefined":12,"s:174:6:175:Infinity":59,"s:175:8:175:Infinity":60,"s:178:6:181:Infinity":61,"s:179:8:179:Infinity":62,"s:181:8:181:Infinity":63,"b:181:45:181:53:181:53:181:77":13,"s:185:4:185:Infinity":64,"b:185:67:185:89:185:89:185:101":14,"f:188:2:188:46":12,"s:189:4:193:Infinity":65,"f:189:47:189:51":13,"s:189:61:193:7":66,"f:196:2:196:17":14,"s:197:18:197:39":67,"b:198:4:199:Infinity:undefined:undefined:undefined:undefined":15,"s:198:4:199:Infinity":68,"s:199:6:199:Infinity":69,"f:199:24:199:31":15,"s:199:36:199:66":70,"b:201:4:202:Infinity:undefined:undefined:undefined:undefined":16,"s:201:4:202:Infinity":71,"s:202:6:202:Infinity":72,"f:202:24:202:31":16,"s:202:36:202:68":73,"s:204:4:204:Infinity":74,"f:207:2:207:15":17,"s:208:4:208:Infinity":75,"f:208:40:208:48":18,"s:208:63:208:91":76,"f:211:2:211:10":19,"s:212:21:212:79":77,"f:212:57:212:64":20,"s:212:69:212:79":78,"b:214:4:217:Infinity:undefined:undefined:undefined:undefined":17,"s:214:4:217:Infinity":79,"s:215:24:215:80":80,"f:215:35:215:40":21,"s:215:45:215:80":81,"b:216:6:217:Infinity:undefined:undefined:undefined:undefined":18,"s:216:6:217:Infinity":82,"s:217:8:217:Infinity":83,"f:217:47:217:54":22,"s:217:59:217:81":84,"s:221:25:225:Infinity":85,"f:221:36:221:41":23,"b:222:6:222:Infinity:undefined:undefined:undefined:undefined":19,"s:222:6:222:Infinity":86,"b:222:10:222:27:222:27:222:64":20,"s:222:64:222:Infinity":87,"b:223:6:223:Infinity:undefined:undefined:undefined:undefined":21,"s:223:6:223:Infinity":88,"b:223:10:223:29:223:29:223:76":22,"f:223:41:223:46":24,"s:223:51:223:76":89,"s:223:78:223:Infinity":90,"s:224:6:224:Infinity":91,"b:227:4:230:Infinity:undefined:undefined:undefined:undefined":23,"s:227:4:230:Infinity":92,"s:228:23:228:77":93,"f:228:34:228:39":25,"s:228:44:228:77":94,"b:229:6:230:Infinity:undefined:undefined:undefined:undefined":24,"s:229:6:230:Infinity":95,"s:230:8:230:Infinity":96,"f:230:46:230:53":26,"s:230:58:230:79":97,"s:234:4:234:Infinity":98,"f:234:15:234:21":27,"s:234:30:234:54":99,"s:236:4:236:Infinity":100,"f:239:2:239:10":28,"s:240:18:244:Infinity":101,"s:246:4:246:Infinity":102,"f:249:2:249:10":29,"s:250:4:250:Infinity":103,"b:251:4:252:Infinity:undefined:undefined:undefined:undefined":25,"s:251:4:252:Infinity":104,"s:252:6:252:Infinity":105}}}
,"/home/runner/workspace/opentegrate/packages/services/src/llm/service.ts": {"path":"/home/runner/workspace/opentegrate/packages/services/src/llm/service.ts","statementMap":{"0":{"start":{"line":10,"column":37},"end":{"line":10,"column":null}},"1":{"start":{"line":14,"column":4},"end":{"line":14,"column":null}},"2":{"start":{"line":18,"column":4},"end":{"line":22,"column":null}},"3":{"start":{"line":19,"column":6},"end":{"line":20,"column":null}},"4":{"start":{"line":20,"column":8},"end":{"line":20,"column":null}},"5":{"start":{"line":22,"column":6},"end":{"line":22,"column":null}},"6":{"start":{"line":24,"column":4},"end":{"line":24,"column":null}},"7":{"start":{"line":28,"column":4},"end":{"line":29,"column":null}},"8":{"start":{"line":29,"column":6},"end":{"line":29,"column":null}},"9":{"start":{"line":32,"column":4},"end":{"line":32,"column":null}},"10":{"start":{"line":35,"column":4},"end":{"line":35,"column":null}},"11":{"start":{"line":37,"column":19},"end":{"line":37,"column":49}},"12":{"start":{"line":38,"column":22},"end":{"line":38,"column":44}},"13":{"start":{"line":41,"column":4},"end":{"line":60,"column":null}},"14":{"start":{"line":42,"column":6},"end":{"line":42,"column":null}},"15":{"start":{"line":42,"column":35},"end":{"line":42,"column":null}},"16":{"start":{"line":44,"column":6},"end":{"line":60,"column":null}},"17":{"start":{"line":45,"column":23},"end":{"line":45,"column":57}},"18":{"start":{"line":46,"column":8},"end":{"line":48,"column":null}},"19":{"start":{"line":47,"column":10},"end":{"line":47,"column":null}},"20":{"start":{"line":48,"column":10},"end":{"line":48,"column":null}},"21":{"start":{"line":51,"column":25},"end":{"line":51,"column":68}},"22":{"start":{"line":52,"column":8},"end":{"line":57,"column":null}},"23":{"start":{"line":53,"column":10},"end":{"line":56,"column":null}},"24":{"start":{"line":57,"column":10},"end":{"line":57,"column":null}},"25":{"start":{"line":60,"column":8},"end":{"line":60,"column":null}},"26":{"start":{"line":65,"column":4},"end":{"line":66,"column":null}},"27":{"start":{"line":66,"column":6},"end":{"line":66,"column":null}},"28":{"start":{"line":69,"column":4},"end":{"line":69,"column":null}},"29":{"start":{"line":73,"column":20},"end":{"line":79,"column":null}},"30":{"start":{"line":81,"column":4},"end":{"line":98,"column":null}},"31":{"start":{"line":83,"column":8},"end":{"line":83,"column":null}},"32":{"start":{"line":85,"column":8},"end":{"line":85,"column":null}},"33":{"start":{"line":87,"column":8},"end":{"line":87,"column":null}},"34":{"start":{"line":90,"column":8},"end":{"line":90,"column":null}},"35":{"start":{"line":91,"column":8},"end":{"line":91,"column":null}},"36":{"start":{"line":94,"column":8},"end":{"line":94,"column":null}},"37":{"start":{"line":95,"column":8},"end":{"line":95,"column":null}},"38":{"start":{"line":97,"column":8},"end":{"line":97,"column":null}},"39":{"start":{"line":98,"column":8},"end":{"line":98,"column":null}},"40":{"start":{"line":104,"column":4},"end":{"line":105,"column":null}},"41":{"start":{"line":105,"column":6},"end":{"line":105,"column":null}},"42":{"start":{"line":109,"column":4},"end":{"line":110,"column":null}},"43":{"start":{"line":110,"column":6},"end":{"line":110,"column":null}},"44":{"start":{"line":114,"column":4},"end":{"line":114,"column":null}},"45":{"start":{"line":119,"column":4},"end":{"line":120,"column":null}},"46":{"start":{"line":120,"column":6},"end":{"line":120,"column":null}},"47":{"start":{"line":124,"column":4},"end":{"line":125,"column":null}},"48":{"start":{"line":125,"column":6},"end":{"line":125,"column":null}},"49":{"start":{"line":129,"column":20},"end":{"line":129,"column":54}},"50":{"start":{"line":130,"column":4},"end":{"line":132,"column":null}},"51":{"start":{"line":131,"column":20},"end":{"line":131,"column":null}},"52":{"start":{"line":132,"column":6},"end":{"line":132,"column":null}},"53":{"start":{"line":132,"column":17},"end":{"line":132,"column":null}},"54":{"start":{"line":135,"column":4},"end":{"line":135,"column":null}},"55":{"start":{"line":139,"column":4},"end":{"line":149,"column":null}},"56":{"start":{"line":141,"column":8},"end":{"line":141,"column":null}},"57":{"start":{"line":143,"column":8},"end":{"line":143,"column":null}},"58":{"start":{"line":145,"column":8},"end":{"line":145,"column":null}},"59":{"start":{"line":147,"column":8},"end":{"line":147,"column":null}},"60":{"start":{"line":149,"column":8},"end":{"line":149,"column":null}},"61":{"start":{"line":154,"column":4},"end":{"line":154,"column":null}},"62":{"start":{"line":157,"column":4},"end":{"line":195,"column":null}},"63":{"start":{"line":158,"column":43},"end":{"line":191,"column":null}},"64":{"start":{"line":193,"column":23},"end":{"line":193,"column":103}},"65":{"start":{"line":194,"column":6},"end":{"line":194,"column":null}},"66":{"start":{"line":195,"column":6},"end":{"line":195,"column":null}},"67":{"start":{"line":199,"column":4},"end":{"line":237,"column":null}},"68":{"start":{"line":200,"column":46},"end":{"line":233,"column":null}},"69":{"start":{"line":235,"column":23},"end":{"line":235,"column":112}},"70":{"start":{"line":236,"column":6},"end":{"line":236,"column":null}},"71":{"start":{"line":237,"column":6},"end":{"line":237,"column":null}},"72":{"start":{"line":241,"column":41},"end":{"line":269,"column":null}},"73":{"start":{"line":271,"column":27},"end":{"line":271,"column":71}},"74":{"start":{"line":272,"column":4},"end":{"line":272,"column":null}},"75":{"start":{"line":273,"column":4},"end":{"line":273,"column":null}},"76":{"start":{"line":277,"column":4},"end":{"line":277,"column":null}}},"fnMap":{"0":{"name":"(anonymous_0)","decl":{"start":{"line":13,"column":2},"end":{"line":13,"column":14}},"loc":{"start":{"line":13,"column":44},"end":{"line":14,"column":null}},"line":13},"1":{"name":"(anonymous_1)","decl":{"start":{"line":17,"column":9},"end":{"line":17,"column":21}},"loc":{"start":{"line":17,"column":64},"end":{"line":24,"column":null}},"line":17},"2":{"name":"(anonymous_2)","decl":{"start":{"line":27,"column":8},"end":{"line":27,"column":41}},"loc":{"start":{"line":27,"column":41},"end":{"line":69,"column":null}},"line":27},"3":{"name":"(anonymous_3)","decl":{"start":{"line":72,"column":2},"end":{"line":72,"column":10}},"loc":{"start":{"line":72,"column":66},"end":{"line":98,"column":null}},"line":72},"4":{"name":"(anonymous_4)","decl":{"start":{"line":102,"column":2},"end":{"line":102,"column":10}},"loc":{"start":{"line":102,"column":65},"end":{"line":114,"column":null}},"line":102},"5":{"name":"(anonymous_5)","decl":{"start":{"line":117,"column":2},"end":{"line":117,"column":10}},"loc":{"start":{"line":117,"column":68},"end":{"line":135,"column":null}},"line":117},"6":{"name":"(anonymous_6)","decl":{"start":{"line":138,"column":2},"end":{"line":138,"column":10}},"loc":{"start":{"line":138,"column":59},"end":{"line":149,"column":null}},"line":138},"7":{"name":"(anonymous_7)","decl":{"start":{"line":153,"column":16},"end":{"line":153,"column":58}},"loc":{"start":{"line":153,"column":58},"end":{"line":273,"column":null}},"line":153},"8":{"name":"(anonymous_8)","decl":{"start":{"line":276,"column":2},"end":{"line":276,"column":32}},"loc":{"start":{"line":276,"column":32},"end":{"line":277,"column":null}},"line":276}},"branchMap":{"0":{"loc":{"start":{"line":18,"column":4},"end":{"line":22,"column":null}},"type":"if","locations":[{"start":{"line":18,"column":4},"end":{"line":22,"column":null}},{"start":{},"end":{}}],"line":18},"1":{"loc":{"start":{"line":19,"column":6},"end":{"line":20,"column":null}},"type":"if","locations":[{"start":{"line":19,"column":6},"end":{"line":20,"column":null}},{"start":{},"end":{}}],"line":19},"2":{"loc":{"start":{"line":28,"column":4},"end":{"line":29,"column":null}},"type":"if","locations":[{"start":{"line":28,"column":4},"end":{"line":29,"column":null}},{"start":{},"end":{}}],"line":28},"3":{"loc":{"start":{"line":38,"column":22},"end":{"line":38,"column":44}},"type":"binary-expr","locations":[{"start":{"line":38,"column":22},"end":{"line":38,"column":42}},{"start":{"line":38,"column":42},"end":{"line":38,"column":44}}],"line":38},"4":{"loc":{"start":{"line":42,"column":6},"end":{"line":42,"column":null}},"type":"if","locations":[{"start":{"line":42,"column":6},"end":{"line":42,"column":null}},{"start":{},"end":{}}],"line":42},"5":{"loc":{"start":{"line":46,"column":8},"end":{"line":48,"column":null}},"type":"if","locations":[{"start":{"line":46,"column":8},"end":{"line":48,"column":null}},{"start":{},"end":{}}],"line":46},"6":{"loc":{"start":{"line":46,"column":12},"end":{"line":46,"column":63}},"type":"binary-expr","locations":[{"start":{"line":46,"column":12},"end":{"line":46,"column":23}},{"start":{"line":46,"column":23},"end":{"line":46,"column":63}}],"line":46},"7":{"loc":{"start":{"line":52,"column":8},"end":{"line":57,"column":null}},"type":"if","locations":[{"start":{"line":52,"column":8},"end":{"line":57,"column":null}},{"start":{},"end":{}}],"line":52},"8":{"loc":{"start":{"line":55,"column":25},"end":{"line":55,"column":null}},"type":"cond-expr","locations":[{"start":{"line":55,"column":63},"end":{"line":55,"column":99}},{"start":{"line":55,"column":102},"end":{"line":55,"column":null}}],"line":55},"9":{"loc":{"start":{"line":65,"column":4},"end":{"line":66,"column":null}},"type":"if","locations":[{"start":{"line":65,"column":4},"end":{"line":66,"column":null}},{"start":{},"end":{}}],"line":65},"10":{"loc":{"start":{"line":81,"column":4},"end":{"line":98,"column":null}},"type":"switch","locations":[{"start":{"line":82,"column":6},"end":{"line":83,"column":null}},{"start":{"line":84,"column":6},"end":{"line":85,"column":null}},{"start":{"line":86,"column":6},"end":{"line":87,"column":null}},{"start":{"line":88,"column":6},"end":{"line":91,"column":null}},{"start":{"line":92,"column":6},"end":{"line":95,"column":null}},{"start":{"line":96,"column":6},"end":{"line":98,"column":null}}],"line":81},"11":{"loc":{"start":{"line":104,"column":4},"end":{"line":105,"column":null}},"type":"if","locations":[{"start":{"line":104,"column":4},"end":{"line":105,"column":null}},{"start":{},"end":{}}],"line":104},"12":{"loc":{"start":{"line":109,"column":4},"end":{"line":110,"column":null}},"type":"if","locations":[{"start":{"line":109,"column":4},"end":{"line":110,"column":null}},{"start":{},"end":{}}],"line":109},"13":{"loc":{"start":{"line":119,"column":4},"end":{"line":120,"column":null}},"type":"if","locations":[{"start":{"line":119,"column":4},"end":{"line":120,"column":null}},{"start":{},"end":{}}],"line":119},"14":{"loc":{"start":{"line":124,"column":4},"end":{"line":125,"column":null}},"type":"if","locations":[{"start":{"line":124,"column":4},"end":{"line":125,"column":null}},{"start":{},"end":{}}],"line":124},"15":{"loc":{"start":{"line":132,"column":6},"end":{"line":132,"column":null}},"type":"if","locations":[{"start":{"line":132,"column":6},"end":{"line":132,"column":null}},{"start":{},"end":{}}],"line":132},"16":{"loc":{"start":{"line":139,"column":4},"end":{"line":149,"column":null}},"type":"switch","locations":[{"start":{"line":140,"column":6},"end":{"line":141,"column":null}},{"start":{"line":142,"column":6},"end":{"line":143,"column":null}},{"start":{"line":144,"column":6},"end":{"line":145,"column":null}},{"start":{"line":146,"column":6},"end":{"line":147,"column":null}},{"start":{"line":148,"column":6},"end":{"line":149,"column":null}}],"line":139},"17":{"loc":{"start":{"line":157,"column":4},"end":{"line":195,"column":null}},"type":"if","locations":[{"start":{"line":157,"column":4},"end":{"line":195,"column":null}},{"start":{},"end":{}}],"line":157},"18":{"loc":{"start":{"line":199,"column":4},"end":{"line":237,"column":null}},"type":"if","locations":[{"start":{"line":199,"column":4},"end":{"line":237,"column":null}},{"start":{},"end":{}}],"line":199},"19":{"loc":{"start":{"line":251,"column":21},"end":{"line":251,"column":null}},"type":"binary-expr","locations":[{"start":{"line":251,"column":21},"end":{"line":251,"column":52}},{"start":{"line":251,"column":52},"end":{"line":251,"column":null}}],"line":251}},"s":{"0":0,"1":0,"2":0,"3":0,"4":0,"5":0,"6":0,"7":0,"8":0,"9":0,"10":0,"11":0,"12":0,"13":0,"14":0,"15":0,"16":0,"17":0,"18":0,"19":0,"20":0,"21":0,"22":0,"23":0,"24":0,"25":0,"26":0,"27":0,"28":0,"29":0,"30":0,"31":0,"32":0,"33":0,"34":0,"35":0,"36":0,"37":0,"38":0,"39":0,"40":0,"41":0,"42":0,"43":0,"44":0,"45":0,"46":0,"47":0,"48":0,"49":0,"50":0,"51":0,"52":0,"53":0,"54":0,"55":0,"56":0,"57":0,"58":0,"59":0,"60":0,"61":0,"62":0,"63":0,"64":0,"65":0,"66":0,"67":0,"68":0,"69":0,"70":0,"71":0,"72":0,"73":0,"74":0,"75":0,"76":0},"f":{"0":0,"1":0,"2":0,"3":0,"4":0,"5":0,"6":0,"7":0,"8":0},"b":{"0":[0,0],"1":[0,0],"2":[0,0],"3":[0,0],"4":[0,0],"5":[0,0],"6":[0,0],"7":[0,0],"8":[0,0],"9":[0,0],"10":[0,0,0,0,0,0],"11":[0,0],"12":[0,0],"13":[0,0],"14":[0,0],"15":[0,0],"16":[0,0,0,0,0],"17":[0,0],"18":[0,0],"19":[0,0]},"meta":{"lastBranch":20,"lastFunction":9,"lastStatement":77,"seen":{"s:10:37:10:Infinity":0,"f:13:2:13:14":0,"s:14:4:14:Infinity":1,"f:17:9:17:21":1,"b:18:4:22:Infinity:undefined:undefined:undefined:undefined":0,"s:18:4:22:Infinity":2,"b:19:6:20:Infinity:undefined:undefined:undefined:undefined":1,"s:19:6:20:Infinity":3,"s:20:8:20:Infinity":4,"s:22:6:22:Infinity":5,"s:24:4:24:Infinity":6,"f:27:8:27:41":2,"b:28:4:29:Infinity:undefined:undefined:undefined:undefined":2,"s:28:4:29:Infinity":7,"s:29:6:29:Infinity":8,"s:32:4:32:Infinity":9,"s:35:4:35:Infinity":10,"s:37:19:37:49":11,"s:38:22:38:44":12,"b:38:22:38:42:38:42:38:44":3,"s:41:4:60:Infinity":13,"b:42:6:42:Infinity:undefined:undefined:undefined:undefined":4,"s:42:6:42:Infinity":14,"s:42:35:42:Infinity":15,"s:44:6:60:Infinity":16,"s:45:23:45:57":17,"b:46:8:48:Infinity:undefined:undefined:undefined:undefined":5,"s:46:8:48:Infinity":18,"b:46:12:46:23:46:23:46:63":6,"s:47:10:47:Infinity":19,"s:48:10:48:Infinity":20,"s:51:25:51:68":21,"b:52:8:57:Infinity:undefined:undefined:undefined:undefined":7,"s:52:8:57:Infinity":22,"s:53:10:56:Infinity":23,"b:55:63:55:99:55:102:55:Infinity":8,"s:57:10:57:Infinity":24,"s:60:8:60:Infinity":25,"b:65:4:66:Infinity:undefined:undefined:undefined:undefined":9,"s:65:4:66:Infinity":26,"s:66:6:66:Infinity":27,"s:69:4:69:Infinity":28,"f:72:2:72:10":3,"s:73:20:79:Infinity":29,"b:82:6:83:Infinity:84:6:85:Infinity:86:6:87:Infinity:88:6:91:Infinity:92:6:95:Infinity:96:6:98:Infinity":10,"s:81:4:98:Infinity":30,"s:83:8:83:Infinity":31,"s:85:8:85:Infinity":32,"s:87:8:87:Infinity":33,"s:90:8:90:Infinity":34,"s:91:8:91:Infinity":35,"s:94:8:94:Infinity":36,"s:95:8:95:Infinity":37,"s:97:8:97:Infinity":38,"s:98:8:98:Infinity":39,"f:102:2:102:10":4,"b:104:4:105:Infinity:undefined:undefined:undefined:undefined":11,"s:104:4:105:Infinity":40,"s:105:6:105:Infinity":41,"b:109:4:110:Infinity:undefined:undefined:undefined:undefined":12,"s:109:4:110:Infinity":42,"s:110:6:110:Infinity":43,"s:114:4:114:Infinity":44,"f:117:2:117:10":5,"b:119:4:120:Infinity:undefined:undefined:undefined:undefined":13,"s:119:4:120:Infinity":45,"s:120:6:120:Infinity":46,"b:124:4:125:Infinity:undefined:undefined:undefined:undefined":14,"s:124:4:125:Infinity":47,"s:125:6:125:Infinity":48,"s:129:20:129:54":49,"s:130:4:132:Infinity":50,"s:131:20:131:Infinity":51,"b:132:6:132:Infinity:undefined:undefined:undefined:undefined":15,"s:132:6:132:Infinity":52,"s:132:17:132:Infinity":53,"s:135:4:135:Infinity":54,"f:138:2:138:10":6,"b:140:6:141:Infinity:142:6:143:Infinity:144:6:145:Infinity:146:6:147:Infinity:148:6:149:Infinity":16,"s:139:4:149:Infinity":55,"s:141:8:141:Infinity":56,"s:143:8:143:Infinity":57,"s:145:8:145:Infinity":58,"s:147:8:147:Infinity":59,"s:149:8:149:Infinity":60,"f:153:16:153:58":7,"s:154:4:154:Infinity":61,"b:157:4:195:Infinity:undefined:undefined:undefined:undefined":17,"s:157:4:195:Infinity":62,"s:158:43:191:Infinity":63,"s:193:23:193:103":64,"s:194:6:194:Infinity":65,"s:195:6:195:Infinity":66,"b:199:4:237:Infinity:undefined:undefined:undefined:undefined":18,"s:199:4:237:Infinity":67,"s:200:46:233:Infinity":68,"s:235:23:235:112":69,"s:236:6:236:Infinity":70,"s:237:6:237:Infinity":71,"s:241:41:269:Infinity":72,"b:251:21:251:52:251:52:251:Infinity":19,"s:271:27:271:71":73,"s:272:4:272:Infinity":74,"s:273:4:273:Infinity":75,"f:276:2:276:32":8,"s:277:4:277:Infinity":76}}}
,"/home/runner/workspace/opentegrate/packages/services/src/llm/types.ts": {"path":"/home/runner/workspace/opentegrate/packages/services/src/llm/types.ts","statementMap":{},"fnMap":{},"branchMap":{},"s":{},"f":{},"b":{},"meta":{"lastBranch":0,"lastFunction":0,"lastStatement":0,"seen":{}}}
}
