TN:
SF:packages/assistant/src/orchestrator.ts
FN:3,(anonymous_0)
FN:20,(anonymous_1)
FN:26,(anonymous_2)
FN:52,(anonymous_3)
FN:64,(anonymous_4)
FN:88,(anonymous_5)
FN:93,(anonymous_6)
FN:105,(anonymous_7)
FN:154,(anonymous_8)
FN:205,(anonymous_9)
FN:210,(anonymous_10)
FN:211,(anonymous_11)
FN:212,(anonymous_12)
FN:219,(anonymous_13)
FN:225,(anonymous_14)
FN:233,(anonymous_15)
FN:236,(anonymous_16)
FN:238,(anonymous_17)
FNF:18
FNH:8
FNDA:1,(anonymous_0)
FNDA:10,(anonymous_1)
FNDA:10,(anonymous_2)
FNDA:10,(anonymous_3)
FNDA:10,(anonymous_4)
FNDA:54,(anonymous_5)
FNDA:24,(anonymous_6)
FNDA:10,(anonymous_7)
FNDA:0,(anonymous_8)
FNDA:0,(anonymous_9)
FNDA:0,(anonymous_10)
FNDA:0,(anonymous_11)
FNDA:0,(anonymous_12)
FNDA:0,(anonymous_13)
FNDA:0,(anonymous_14)
FNDA:0,(anonymous_15)
FNDA:0,(anonymous_16)
FNDA:0,(anonymous_17)
DA:3,1
DA:4,1
DA:5,1
DA:6,1
DA:21,10
DA:22,10
DA:23,10
DA:30,10
DA:34,10
DA:36,6
DA:37,6
DA:39,4
DA:40,4
DA:42,0
DA:43,0
DA:45,0
DA:48,10
DA:49,10
DA:56,10
DA:57,10
DA:58,10
DA:61,0
DA:65,10
DA:74,10
DA:81,10
DA:82,1
DA:84,9
DA:85,0
DA:88,54
DA:89,9
DA:90,3
DA:93,24
DA:94,6
DA:95,3
DA:98,3
DA:99,2
DA:102,1
DA:110,10
DA:114,10
DA:115,6
DA:122,4
DA:123,4
DA:130,0
DA:133,10
DA:158,0
DA:166,0
DA:171,0
DA:172,0
DA:174,0
DA:176,0
DA:177,0
DA:180,0
DA:181,0
DA:184,0
DA:185,0
DA:187,0
DA:188,0
DA:189,0
DA:192,0
DA:194,0
DA:195,0
DA:196,0
DA:197,0
DA:200,0
DA:206,0
DA:207,0
DA:210,0
DA:211,0
DA:213,0
DA:220,0
DA:221,0
DA:222,0
DA:226,0
DA:227,0
DA:233,0
DA:237,0
DA:238,0
DA:239,0
DA:240,0
LF:79
LH:38
BRDA:34,0,0,6
BRDA:34,0,1,4
BRDA:34,0,2,0
BRDA:34,0,3,0
BRDA:57,1,0,10
BRDA:57,1,1,0
BRDA:81,2,0,1
BRDA:81,2,1,9
BRDA:84,3,0,0
BRDA:84,3,1,9
BRDA:89,4,0,3
BRDA:89,4,1,6
BRDA:94,5,0,3
BRDA:94,5,1,3
BRDA:98,6,0,2
BRDA:98,6,1,1
BRDA:98,7,0,3
BRDA:98,7,1,1
BRDA:114,8,0,6
BRDA:114,8,1,4
BRDA:122,9,0,4
BRDA:122,9,1,0
BRDA:177,10,0,0
BRDA:177,10,1,0
BRDA:181,11,0,0
BRDA:181,11,1,0
BRDA:184,12,0,0
BRDA:184,12,1,0
BRDA:185,13,0,0
BRDA:185,13,1,0
BRDA:188,14,0,0
BRDA:188,14,1,0
BRDA:194,15,0,0
BRDA:194,15,1,0
BRDA:196,16,0,0
BRDA:196,16,1,0
BRDA:221,17,0,0
BRDA:221,17,1,0
BRDA:239,18,0,0
BRDA:239,18,1,0
BRF:40
BRH:17
end_of_record
TN:
SF:packages/channels/src/base-channel.ts
FN:48,(anonymous_0)
FN:61,(anonymous_1)
FN:68,(anonymous_2)
FN:72,(anonymous_3)
FN:73,(anonymous_4)
FN:82,(anonymous_5)
FN:113,(anonymous_6)
FN:114,(anonymous_7)
FN:119,(anonymous_8)
FN:120,(anonymous_9)
FN:121,(anonymous_10)
FN:130,(anonymous_11)
FN:137,(anonymous_12)
FN:146,(anonymous_13)
FN:158,(anonymous_14)
FN:166,(anonymous_15)
FN:171,(anonymous_16)
FN:177,(anonymous_17)
FN:183,(anonymous_18)
FN:189,(anonymous_19)
FN:195,(anonymous_20)
FN:202,(anonymous_21)
FN:206,(anonymous_22)
FN:210,(anonymous_23)
FN:214,(anonymous_24)
FN:220,(anonymous_25)
FN:226,(anonymous_26)
FN:248,(anonymous_27)
FN:277,(anonymous_28)
FN:281,(anonymous_29)
FNF:30
FNH:0
FNDA:0,(anonymous_0)
FNDA:0,(anonymous_1)
FNDA:0,(anonymous_2)
FNDA:0,(anonymous_3)
FNDA:0,(anonymous_4)
FNDA:0,(anonymous_5)
FNDA:0,(anonymous_6)
FNDA:0,(anonymous_7)
FNDA:0,(anonymous_8)
FNDA:0,(anonymous_9)
FNDA:0,(anonymous_10)
FNDA:0,(anonymous_11)
FNDA:0,(anonymous_12)
FNDA:0,(anonymous_13)
FNDA:0,(anonymous_14)
FNDA:0,(anonymous_15)
FNDA:0,(anonymous_16)
FNDA:0,(anonymous_17)
FNDA:0,(anonymous_18)
FNDA:0,(anonymous_19)
FNDA:0,(anonymous_20)
FNDA:0,(anonymous_21)
FNDA:0,(anonymous_22)
FNDA:0,(anonymous_23)
FNDA:0,(anonymous_24)
FNDA:0,(anonymous_25)
FNDA:0,(anonymous_26)
FNDA:0,(anonymous_27)
FNDA:0,(anonymous_28)
FNDA:0,(anonymous_29)
DA:20,0
DA:21,0
DA:23,0
DA:24,0
DA:25,0
DA:26,0
DA:27,0
DA:29,0
DA:30,0
DA:38,0
DA:45,0
DA:46,0
DA:49,0
DA:50,0
DA:51,0
DA:62,0
DA:63,0
DA:65,0
DA:69,0
DA:73,0
DA:74,0
DA:75,0
DA:77,0
DA:83,0
DA:84,0
DA:85,0
DA:86,0
DA:87,0
DA:88,0
DA:91,0
DA:92,0
DA:94,0
DA:95,0
DA:96,0
DA:98,0
DA:100,0
DA:101,0
DA:102,0
DA:103,0
DA:104,0
DA:106,0
DA:107,0
DA:108,0
DA:109,0
DA:114,0
DA:115,0
DA:120,0
DA:121,0
DA:122,0
DA:123,0
DA:124,0
DA:125,0
DA:131,0
DA:132,0
DA:133,0
DA:138,0
DA:139,0
DA:140,0
DA:141,0
DA:142,0
DA:143,0
DA:144,0
DA:146,0
DA:147,0
DA:148,0
DA:150,0
DA:151,0
DA:153,0
DA:159,0
DA:160,0
DA:167,0
DA:168,0
DA:171,0
DA:178,0
DA:179,0
DA:180,0
DA:184,0
DA:185,0
DA:186,0
DA:190,0
DA:191,0
DA:192,0
DA:196,0
DA:197,0
DA:198,0
DA:203,0
DA:207,0
DA:211,0
DA:215,0
DA:221,0
DA:222,0
DA:223,0
DA:227,0
DA:232,0
DA:233,0
DA:234,0
DA:235,0
DA:236,0
DA:237,0
DA:238,0
DA:239,0
DA:240,0
DA:241,0
DA:242,0
DA:243,0
DA:245,0
DA:249,0
DA:251,0
DA:252,0
DA:254,0
DA:255,0
DA:256,0
DA:257,0
DA:260,0
DA:261,0
DA:262,0
DA:264,0
DA:265,0
DA:266,0
DA:267,0
DA:270,0
DA:271,0
DA:274,0
DA:278,0
DA:282,0
DA:283,0
DA:284,0
DA:285,0
DA:287,0
DA:288,0
LF:130
LH:0
BRDA:50,0,0,0
BRDA:50,0,1,0
BRDA:51,1,0,0
BRDA:51,1,1,0
BRDA:62,2,0,0
BRDA:62,2,1,0
BRDA:83,3,0,0
BRDA:83,3,1,0
BRDA:107,4,0,0
BRDA:107,4,1,0
BRDA:108,5,0,0
BRDA:108,5,1,0
BRDA:123,6,0,0
BRDA:123,6,1,0
BRDA:131,7,0,0
BRDA:131,7,1,0
BRDA:143,8,0,0
BRDA:143,8,1,0
BRDA:162,9,0,0
BRDA:162,9,1,0
BRDA:170,10,0,0
BRDA:170,10,1,0
BRDA:173,11,0,0
BRDA:173,11,1,0
BRDA:197,12,0,0
BRDA:197,12,1,0
BRDA:220,13,0,0
BRDA:221,14,0,0
BRDA:221,14,1,0
BRDA:222,15,0,0
BRDA:222,15,1,0
BRDA:249,16,0,0
BRDA:249,16,1,0
BRDA:255,17,0,0
BRDA:255,17,1,0
BRDA:264,18,0,0
BRDA:264,18,1,0
BRDA:266,19,0,0
BRDA:266,19,1,0
BRDA:283,20,0,0
BRDA:283,20,1,0
BRF:41
BRH:0
end_of_record
TN:
SF:packages/channels/src/channel-registry.ts
FN:10,(anonymous_0)
FN:12,(anonymous_1)
FN:17,(anonymous_2)
FN:20,(anonymous_3)
FN:25,(anonymous_4)
FN:29,(anonymous_5)
FN:33,(anonymous_6)
FN:34,(anonymous_7)
FN:37,(anonymous_8)
FN:38,(anonymous_9)
FN:41,(anonymous_10)
FN:42,(anonymous_11)
FN:48,(anonymous_12)
FN:49,(anonymous_13)
FN:55,(anonymous_14)
FN:56,(anonymous_15)
FN:66,(anonymous_16)
FN:67,(anonymous_17)
FN:77,(anonymous_18)
FN:80,(anonymous_19)
FN:82,(anonymous_20)
FN:100,(anonymous_21)
FN:111,(anonymous_22)
FN:112,(anonymous_23)
FN:120,(anonymous_24)
FN:125,(anonymous_25)
FN:128,(anonymous_26)
FN:133,(anonymous_27)
FN:143,(anonymous_28)
FN:150,(anonymous_29)
FN:174,(anonymous_30)
FN:187,(anonymous_31)
FN:198,getChannelRegistry
FN:205,resetChannelRegistry
FNF:34
FNH:17
FNDA:11,(anonymous_0)
FNDA:0,(anonymous_1)
FNDA:1,(anonymous_2)
FNDA:0,(anonymous_3)
FNDA:2,(anonymous_4)
FNDA:8,(anonymous_5)
FNDA:1,(anonymous_6)
FNDA:2,(anonymous_7)
FNDA:2,(anonymous_8)
FNDA:4,(anonymous_9)
FNDA:2,(anonymous_10)
FNDA:3,(anonymous_11)
FNDA:1,(anonymous_12)
FNDA:2,(anonymous_13)
FNDA:0,(anonymous_14)
FNDA:0,(anonymous_15)
FNDA:0,(anonymous_16)
FNDA:0,(anonymous_17)
FNDA:0,(anonymous_18)
FNDA:0,(anonymous_19)
FNDA:0,(anonymous_20)
FNDA:0,(anonymous_21)
FNDA:1,(anonymous_22)
FNDA:1,(anonymous_23)
FNDA:0,(anonymous_24)
FNDA:0,(anonymous_25)
FNDA:1,(anonymous_26)
FNDA:0,(anonymous_27)
FNDA:1,(anonymous_28)
FNDA:1,(anonymous_29)
FNDA:0,(anonymous_30)
FNDA:0,(anonymous_31)
FNDA:0,getChannelRegistry
FNDA:0,resetChannelRegistry
DA:6,8
DA:7,8
DA:8,8
DA:11,11
DA:12,11
DA:13,0
DA:18,1
DA:19,1
DA:20,1
DA:22,1
DA:26,2
DA:30,8
DA:34,2
DA:38,4
DA:42,2
DA:43,3
DA:44,3
DA:49,1
DA:50,2
DA:51,2
DA:56,0
DA:57,0
DA:58,0
DA:60,0
DA:63,0
DA:67,0
DA:68,0
DA:69,0
DA:71,0
DA:74,0
DA:78,0
DA:79,0
DA:80,0
DA:82,0
DA:85,0
DA:86,0
DA:87,0
DA:88,0
DA:89,0
DA:90,0
DA:93,0
DA:97,0
DA:101,0
DA:102,0
DA:103,0
DA:105,0
DA:106,0
DA:108,0
DA:112,1
DA:121,0
DA:122,0
DA:124,0
DA:125,0
DA:129,1
DA:130,0
DA:133,1
DA:134,0
DA:135,0
DA:136,0
DA:137,0
DA:144,1
DA:145,1
DA:146,1
DA:151,1
DA:152,1
DA:153,1
DA:154,1
DA:156,1
DA:157,1
DA:158,1
DA:159,2
DA:160,2
DA:161,2
DA:164,1
DA:175,0
DA:176,0
DA:177,0
DA:178,0
DA:179,0
DA:188,0
DA:189,0
DA:190,0
DA:192,0
DA:196,1
DA:199,0
DA:200,0
DA:202,0
DA:206,0
LF:88
LH:37
BRDA:19,0,0,1
BRDA:19,0,1,0
BRDA:44,1,0,3
BRDA:44,1,1,0
BRDA:51,2,0,2
BRDA:51,2,1,2
BRDA:79,3,0,0
BRDA:79,3,1,0
BRDA:81,4,0,0
BRDA:81,4,1,0
BRDA:93,5,0,0
BRDA:93,5,1,0
BRDA:102,6,0,0
BRDA:102,6,1,0
BRDA:105,7,0,0
BRDA:105,7,1,0
BRDA:121,8,0,0
BRDA:121,8,1,0
BRDA:128,9,0,1
BRDA:129,10,0,0
BRDA:129,10,1,1
BRDA:136,11,0,0
BRDA:136,11,1,0
BRDA:136,12,0,0
BRDA:136,12,1,0
BRDA:144,13,0,1
BRDA:144,13,1,0
BRDA:176,14,0,0
BRDA:176,14,1,0
BRDA:189,15,0,0
BRDA:189,15,1,0
BRDA:199,16,0,0
BRDA:199,16,1,0
BRF:33
BRH:7
end_of_record
TN:
SF:packages/channels/src/discord.ts
FN:150,(anonymous_0)
FN:155,(anonymous_1)
FN:160,(anonymous_2)
FN:164,(anonymous_3)
FN:169,(anonymous_4)
FN:175,(anonymous_5)
FN:179,(anonymous_6)
FN:184,(anonymous_7)
FN:185,(anonymous_8)
FN:186,(anonymous_9)
FN:190,(anonymous_10)
FN:197,(anonymous_11)
FN:210,(anonymous_12)
FN:227,(anonymous_13)
FN:249,(anonymous_14)
FN:252,(anonymous_15)
FN:255,(anonymous_16)
FN:271,(anonymous_17)
FN:283,(anonymous_18)
FN:286,(anonymous_19)
FN:298,(anonymous_20)
FN:309,(anonymous_21)
FN:313,(anonymous_22)
FN:336,(anonymous_23)
FN:344,(anonymous_24)
FN:352,(anonymous_25)
FN:358,(anonymous_26)
FN:411,(anonymous_27)
FN:419,(anonymous_28)
FN:441,(anonymous_29)
FN:444,(anonymous_30)
FN:448,(anonymous_31)
FN:455,(anonymous_32)
FN:461,(anonymous_33)
FN:471,(anonymous_34)
FN:475,(anonymous_35)
FN:528,(anonymous_36)
FN:548,(anonymous_37)
FN:576,(anonymous_38)
FN:584,(anonymous_39)
FN:592,(anonymous_40)
FN:608,(anonymous_41)
FN:615,(anonymous_42)
FN:617,(anonymous_43)
FN:618,(anonymous_44)
FN:619,(anonymous_45)
FN:620,(anonymous_46)
FN:621,(anonymous_47)
FN:622,(anonymous_48)
FN:623,(anonymous_49)
FN:624,(anonymous_50)
FN:625,(anonymous_51)
FN:625,(anonymous_52)
FN:626,(anonymous_53)
FN:627,(anonymous_54)
FN:631,(anonymous_55)
FN:632,(anonymous_56)
FNF:57
FNH:0
FNDA:0,(anonymous_0)
FNDA:0,(anonymous_1)
FNDA:0,(anonymous_2)
FNDA:0,(anonymous_3)
FNDA:0,(anonymous_4)
FNDA:0,(anonymous_5)
FNDA:0,(anonymous_6)
FNDA:0,(anonymous_7)
FNDA:0,(anonymous_8)
FNDA:0,(anonymous_9)
FNDA:0,(anonymous_10)
FNDA:0,(anonymous_11)
FNDA:0,(anonymous_12)
FNDA:0,(anonymous_13)
FNDA:0,(anonymous_14)
FNDA:0,(anonymous_15)
FNDA:0,(anonymous_16)
FNDA:0,(anonymous_17)
FNDA:0,(anonymous_18)
FNDA:0,(anonymous_19)
FNDA:0,(anonymous_20)
FNDA:0,(anonymous_21)
FNDA:0,(anonymous_22)
FNDA:0,(anonymous_23)
FNDA:0,(anonymous_24)
FNDA:0,(anonymous_25)
FNDA:0,(anonymous_26)
FNDA:0,(anonymous_27)
FNDA:0,(anonymous_28)
FNDA:0,(anonymous_29)
FNDA:0,(anonymous_30)
FNDA:0,(anonymous_31)
FNDA:0,(anonymous_32)
FNDA:0,(anonymous_33)
FNDA:0,(anonymous_34)
FNDA:0,(anonymous_35)
FNDA:0,(anonymous_36)
FNDA:0,(anonymous_37)
FNDA:0,(anonymous_38)
FNDA:0,(anonymous_39)
FNDA:0,(anonymous_40)
FNDA:0,(anonymous_41)
FNDA:0,(anonymous_42)
FNDA:0,(anonymous_43)
FNDA:0,(anonymous_44)
FNDA:0,(anonymous_45)
FNDA:0,(anonymous_46)
FNDA:0,(anonymous_47)
FNDA:0,(anonymous_48)
FNDA:0,(anonymous_49)
FNDA:0,(anonymous_50)
FNDA:0,(anonymous_51)
FNDA:0,(anonymous_52)
FNDA:0,(anonymous_53)
FNDA:0,(anonymous_54)
FNDA:0,(anonymous_55)
FNDA:0,(anonymous_56)
DA:141,0
DA:142,0
DA:143,0
DA:144,0
DA:145,0
DA:146,0
DA:147,0
DA:148,0
DA:151,0
DA:152,0
DA:156,0
DA:158,0
DA:160,0
DA:161,0
DA:164,0
DA:165,0
DA:166,0
DA:169,0
DA:170,0
DA:171,0
DA:172,0
DA:174,0
DA:175,0
DA:179,0
DA:180,0
DA:181,0
DA:184,0
DA:185,0
DA:186,0
DA:187,0
DA:188,0
DA:190,0
DA:191,0
DA:192,0
DA:198,0
DA:199,0
DA:201,0
DA:202,0
DA:203,0
DA:206,0
DA:207,0
DA:211,0
DA:212,0
DA:213,0
DA:215,0
DA:217,0
DA:218,0
DA:222,0
DA:223,0
DA:226,0
DA:227,0
DA:230,0
DA:235,0
DA:236,0
DA:237,0
DA:238,0
DA:241,0
DA:242,0
DA:243,0
DA:246,0
DA:250,0
DA:256,0
DA:257,0
DA:258,0
DA:261,0
DA:262,0
DA:272,0
DA:273,0
DA:274,0
DA:275,0
DA:277,0
DA:278,0
DA:279,0
DA:282,0
DA:283,0
DA:287,0
DA:288,0
DA:293,0
DA:294,0
DA:299,0
DA:304,0
DA:305,0
DA:310,0
DA:314,0
DA:322,0
DA:331,0
DA:332,0
DA:337,0
DA:338,0
DA:339,0
DA:341,0
DA:345,0
DA:346,0
DA:347,0
DA:349,0
DA:353,0
DA:354,0
DA:355,0
DA:359,0
DA:360,0
DA:361,0
DA:362,0
DA:363,0
DA:364,0
DA:365,0
DA:366,0
DA:368,0
DA:370,0
DA:371,0
DA:372,0
DA:373,0
DA:374,0
DA:377,0
DA:378,0
DA:379,0
DA:380,0
DA:381,0
DA:385,0
DA:386,0
DA:387,0
DA:391,0
DA:392,0
DA:393,0
DA:397,0
DA:398,0
DA:399,0
DA:403,0
DA:404,0
DA:405,0
DA:406,0
DA:408,0
DA:409,0
DA:410,0
DA:411,0
DA:412,0
DA:413,0
DA:414,0
DA:415,0
DA:420,0
DA:422,0
DA:438,0
DA:442,0
DA:443,0
DA:444,0
DA:449,0
DA:450,0
DA:451,0
DA:456,0
DA:457,0
DA:462,0
DA:472,0
DA:476,0
DA:478,0
DA:479,0
DA:482,0
DA:483,0
DA:485,0
DA:486,0
DA:489,0
DA:490,0
DA:498,0
DA:500,0
DA:501,0
DA:502,0
DA:503,0
DA:505,0
DA:506,0
DA:512,0
DA:513,0
DA:516,0
DA:517,0
DA:518,0
DA:519,0
DA:521,0
DA:522,0
DA:525,0
DA:529,0
DA:530,0
DA:532,0
DA:538,0
DA:548,0
DA:557,0
DA:577,0
DA:578,0
DA:579,0
DA:580,0
DA:581,0
DA:585,0
DA:587,0
DA:588,0
DA:589,0
DA:590,0
DA:591,0
DA:592,0
DA:598,0
DA:599,0
DA:600,0
DA:601,0
DA:603,0
DA:605,0
DA:609,0
DA:610,0
DA:611,0
DA:616,0
DA:617,0
DA:618,0
DA:619,0
DA:620,0
DA:621,0
DA:623,0
DA:624,0
DA:625,0
DA:626,0
DA:627,0
DA:632,0
DA:633,0
DA:634,0
DA:636,0
LF:218
LH:0
BRDA:152,0,0,0
BRDA:152,0,1,0
BRDA:156,1,0,0
BRDA:156,1,1,0
BRDA:174,2,0,0
BRDA:174,2,1,0
BRDA:174,3,0,0
BRDA:174,3,1,0
BRDA:201,4,0,0
BRDA:201,4,1,0
BRDA:211,5,0,0
BRDA:211,5,1,0
BRDA:222,6,0,0
BRDA:222,6,1,0
BRDA:226,7,0,0
BRDA:226,7,1,0
BRDA:226,8,0,0
BRDA:226,8,1,0
BRDA:235,9,0,0
BRDA:235,9,1,0
BRDA:257,10,0,0
BRDA:257,10,1,0
BRDA:265,11,0,0
BRDA:265,11,1,0
BRDA:266,12,0,0
BRDA:266,12,1,0
BRDA:267,13,0,0
BRDA:267,13,1,0
BRDA:273,14,0,0
BRDA:273,14,1,0
BRDA:274,15,0,0
BRDA:274,15,1,0
BRDA:275,16,0,0
BRDA:275,16,1,0
BRDA:278,17,0,0
BRDA:278,17,1,0
BRDA:293,18,0,0
BRDA:293,18,1,0
BRDA:304,19,0,0
BRDA:304,19,1,0
BRDA:313,20,0,0
BRDA:318,21,0,0
BRDA:318,21,1,0
BRDA:331,22,0,0
BRDA:331,22,1,0
BRDA:338,23,0,0
BRDA:338,23,1,0
BRDA:346,24,0,0
BRDA:346,24,1,0
BRDA:354,25,0,0
BRDA:354,25,1,0
BRDA:359,26,0,0
BRDA:359,26,1,0
BRDA:359,27,0,0
BRDA:359,27,1,0
BRDA:364,28,0,0
BRDA:364,28,1,0
BRDA:364,29,0,0
BRDA:364,29,1,0
BRDA:368,30,0,0
BRDA:368,30,1,0
BRDA:368,30,2,0
BRDA:368,30,3,0
BRDA:368,30,4,0
BRDA:368,30,5,0
BRDA:378,31,0,0
BRDA:378,31,1,0
BRDA:378,32,0,0
BRDA:378,32,1,0
BRDA:408,33,0,0
BRDA:408,33,1,0
BRDA:408,34,0,0
BRDA:408,34,1,0
BRDA:410,35,0,0
BRDA:410,35,1,0
BRDA:410,36,0,0
BRDA:410,36,1,0
BRDA:412,37,0,0
BRDA:412,37,1,0
BRDA:412,38,0,0
BRDA:412,38,1,0
BRDA:420,39,0,0
BRDA:420,39,1,0
BRDA:420,40,0,0
BRDA:420,40,1,0
BRDA:432,41,0,0
BRDA:432,41,1,0
BRDA:432,42,0,0
BRDA:432,42,1,0
BRDA:443,43,0,0
BRDA:443,43,1,0
BRDA:449,44,0,0
BRDA:449,44,1,0
BRDA:456,45,0,0
BRDA:456,45,1,0
BRDA:456,46,0,0
BRDA:456,46,1,0
BRDA:478,47,0,0
BRDA:478,47,1,0
BRDA:485,48,0,0
BRDA:485,48,1,0
BRDA:485,49,0,0
BRDA:485,49,1,0
BRDA:485,49,2,0
BRDA:505,50,0,0
BRDA:505,50,1,0
BRDA:505,51,0,0
BRDA:505,51,1,0
BRDA:505,51,2,0
BRDA:512,52,0,0
BRDA:512,52,1,0
BRDA:513,53,0,0
BRDA:513,53,1,0
BRDA:516,54,0,0
BRDA:516,54,1,0
BRDA:518,55,0,0
BRDA:518,55,1,0
BRDA:529,56,0,0
BRDA:529,56,1,0
BRDA:530,57,0,0
BRDA:530,57,1,0
BRDA:535,58,0,0
BRDA:535,58,1,0
BRDA:541,59,0,0
BRDA:541,59,1,0
BRDA:542,60,0,0
BRDA:542,60,1,0
BRDA:545,61,0,0
BRDA:545,61,1,0
BRDA:548,62,0,0
BRDA:548,62,1,0
BRDA:564,63,0,0
BRDA:564,63,1,0
BRDA:565,64,0,0
BRDA:565,64,1,0
BRDA:577,65,0,0
BRDA:577,65,1,0
BRDA:578,66,0,0
BRDA:578,66,1,0
BRDA:579,67,0,0
BRDA:579,67,1,0
BRDA:580,68,0,0
BRDA:580,68,1,0
BRDA:587,69,0,0
BRDA:587,69,1,0
BRDA:588,70,0,0
BRDA:588,70,1,0
BRDA:589,71,0,0
BRDA:589,71,1,0
BRDA:590,72,0,0
BRDA:590,72,1,0
BRDA:591,73,0,0
BRDA:591,73,1,0
BRDA:598,74,0,0
BRDA:598,74,1,0
BRDA:599,75,0,0
BRDA:599,75,1,0
BRDA:600,76,0,0
BRDA:600,76,1,0
BRDA:603,77,0,0
BRDA:603,77,1,0
BRDA:610,78,0,0
BRDA:610,78,1,0
BRDA:620,79,0,0
BRDA:620,79,1,0
BRDA:622,80,0,0
BRDA:623,81,0,0
BRDA:623,81,1,0
BRF:168
BRH:0
end_of_record
TN:
SF:packages/channels/src/message-queue.ts
FN:52,(anonymous_0)
FN:57,(anonymous_1)
FN:81,(anonymous_2)
FN:90,(anonymous_3)
FN:94,(anonymous_4)
FN:149,(anonymous_5)
FN:163,(anonymous_6)
FN:171,(anonymous_7)
FN:177,(anonymous_8)
FN:181,(anonymous_9)
FN:196,(anonymous_10)
FN:200,(anonymous_11)
FN:204,(anonymous_12)
FN:218,(anonymous_13)
FN:234,(anonymous_14)
FN:247,(anonymous_15)
FN:255,(anonymous_16)
FN:268,(anonymous_17)
FN:282,(anonymous_18)
FN:290,(anonymous_19)
FN:294,(anonymous_20)
FN:298,(anonymous_21)
FN:302,(anonymous_22)
FN:303,(anonymous_23)
FN:309,getMessageQueue
FN:316,resetMessageQueue
FNF:26
FNH:20
FNDA:11,(anonymous_0)
FNDA:16,(anonymous_1)
FNDA:1,(anonymous_2)
FNDA:6,(anonymous_3)
FNDA:15,(anonymous_4)
FNDA:13,(anonymous_5)
FNDA:3,(anonymous_6)
FNDA:3,(anonymous_7)
FNDA:2,(anonymous_8)
FNDA:1,(anonymous_9)
FNDA:1,(anonymous_10)
FNDA:0,(anonymous_11)
FNDA:0,(anonymous_12)
FNDA:0,(anonymous_13)
FNDA:1,(anonymous_14)
FNDA:16,(anonymous_15)
FNDA:14,(anonymous_16)
FNDA:13,(anonymous_17)
FNDA:15,(anonymous_18)
FNDA:23,(anonymous_19)
FNDA:3,(anonymous_20)
FNDA:0,(anonymous_21)
FNDA:13,(anonymous_22)
FNDA:13,(anonymous_23)
FNDA:0,getMessageQueue
FNDA:0,resetMessageQueue
DA:37,11
DA:38,11
DA:39,11
DA:40,11
DA:41,11
DA:42,11
DA:43,11
DA:44,11
DA:45,11
DA:48,11
DA:49,11
DA:50,11
DA:53,11
DA:54,11
DA:58,16
DA:59,16
DA:60,2
DA:63,14
DA:71,14
DA:72,14
DA:74,14
DA:75,12
DA:78,14
DA:82,1
DA:83,1
DA:84,3
DA:85,3
DA:87,1
DA:91,6
DA:95,15
DA:96,12
DA:98,12
DA:99,13
DA:100,13
DA:102,13
DA:103,0
DA:104,0
DA:105,0
DA:108,13
DA:110,13
DA:111,13
DA:113,13
DA:114,5
DA:117,10
DA:118,10
DA:119,10
DA:120,0
DA:123,10
DA:124,10
DA:126,3
DA:127,3
DA:129,3
DA:130,0
DA:131,0
DA:132,0
DA:134,3
DA:143,13
DA:146,7
DA:150,13
DA:152,13
DA:153,26
DA:154,13
DA:155,13
DA:160,0
DA:164,3
DA:171,3
DA:178,2
DA:182,1
DA:184,1
DA:185,1
DA:186,1
DA:187,1
DA:189,1
DA:190,0
DA:193,1
DA:197,1
DA:201,0
DA:205,0
DA:214,0
DA:215,0
DA:219,0
DA:220,0
DA:221,0
DA:223,0
DA:224,0
DA:225,0
DA:226,0
DA:227,0
DA:228,0
DA:235,1
DA:236,1
DA:237,1
DA:238,1
DA:239,1
DA:240,1
DA:241,1
DA:242,1
DA:243,1
DA:244,1
DA:248,16
DA:249,16
DA:250,2
DA:252,14
DA:256,14
DA:258,14
DA:259,0
DA:260,0
DA:261,0
DA:262,0
DA:269,13
DA:270,13
DA:272,0
DA:273,0
DA:274,0
DA:275,0
DA:276,0
DA:279,0
DA:283,15
DA:284,2
DA:285,2
DA:286,11
DA:291,23
DA:295,3
DA:296,3
DA:298,0
DA:299,0
DA:303,13
DA:307,1
DA:310,0
DA:311,0
DA:313,0
DA:317,0
LF:132
LH:94
BRDA:52,0,0,11
BRDA:53,1,0,11
BRDA:53,1,1,11
BRDA:54,2,0,11
BRDA:54,2,1,11
BRDA:59,3,0,2
BRDA:59,3,1,14
BRDA:74,4,0,12
BRDA:74,4,1,2
BRDA:85,5,0,2
BRDA:85,5,1,1
BRDA:95,6,0,3
BRDA:95,6,1,12
BRDA:100,7,0,0
BRDA:100,7,1,13
BRDA:102,8,0,0
BRDA:102,8,1,13
BRDA:113,9,0,5
BRDA:113,9,1,8
BRDA:119,10,0,0
BRDA:119,10,1,10
BRDA:129,11,0,0
BRDA:129,11,1,3
BRDA:136,12,0,3
BRDA:136,12,1,0
BRDA:154,13,0,13
BRDA:154,13,1,0
BRDA:170,14,0,2
BRDA:170,14,1,1
BRDA:182,15,0,0
BRDA:182,15,1,1
BRDA:182,16,0,1
BRDA:182,16,1,1
BRDA:189,17,0,0
BRDA:189,17,1,1
BRDA:223,18,0,0
BRDA:223,18,1,0
BRDA:224,19,0,0
BRDA:224,19,1,0
BRDA:225,20,0,0
BRDA:225,20,1,0
BRDA:226,21,0,0
BRDA:226,21,1,0
BRDA:227,22,0,0
BRDA:227,22,1,0
BRDA:228,23,0,0
BRDA:228,23,1,0
BRDA:249,24,0,2
BRDA:249,24,1,14
BRDA:249,25,0,16
BRDA:249,25,1,2
BRDA:258,26,0,0
BRDA:258,26,1,14
BRDA:261,27,0,0
BRDA:261,27,1,0
BRDA:270,28,0,13
BRDA:270,28,1,0
BRDA:273,29,0,0
BRDA:273,29,1,0
BRDA:283,30,0,2
BRDA:283,30,1,2
BRDA:283,30,2,11
BRDA:296,31,0,3
BRDA:296,31,1,0
BRDA:310,32,0,0
BRDA:310,32,1,0
BRF:66
BRH:37
end_of_record
TN:
SF:packages/channels/src/middleware.ts
FN:26,(anonymous_0)
FN:40,(anonymous_1)
FN:44,(anonymous_2)
FN:80,(anonymous_3)
FN:83,(anonymous_4)
FN:95,createDedupMiddleware
FN:98,(anonymous_6)
FN:119,createSanitizeMiddleware
FN:124,(anonymous_8)
FN:135,createRateLimitMiddleware
FN:138,(anonymous_10)
FN:156,createProfanityFilterMiddleware
FN:161,(anonymous_12)
FN:162,(anonymous_13)
FN:171,createSpamDetectionMiddleware
FN:174,(anonymous_15)
FN:202,createTranslationMiddleware
FN:203,(anonymous_17)
FN:212,createAutoReplyMiddleware
FN:213,(anonymous_19)
FN:228,createLoggingMiddleware
FN:229,(anonymous_21)
FN:242,createAnalyticsMiddleware
FN:243,(anonymous_23)
FN:256,createResponseCacheMiddleware
FN:259,(anonymous_25)
FN:286,calculateSimilarity
FN:299,levenshteinDistance
FNF:28
FNH:0
FNDA:0,(anonymous_0)
FNDA:0,(anonymous_1)
FNDA:0,(anonymous_2)
FNDA:0,(anonymous_3)
FNDA:0,(anonymous_4)
FNDA:0,createDedupMiddleware
FNDA:0,(anonymous_6)
FNDA:0,createSanitizeMiddleware
FNDA:0,(anonymous_8)
FNDA:0,createRateLimitMiddleware
FNDA:0,(anonymous_10)
FNDA:0,createProfanityFilterMiddleware
FNDA:0,(anonymous_12)
FNDA:0,(anonymous_13)
FNDA:0,createSpamDetectionMiddleware
FNDA:0,(anonymous_15)
FNDA:0,createTranslationMiddleware
FNDA:0,(anonymous_17)
FNDA:0,createAutoReplyMiddleware
FNDA:0,(anonymous_19)
FNDA:0,createLoggingMiddleware
FNDA:0,(anonymous_21)
FNDA:0,createAnalyticsMiddleware
FNDA:0,(anonymous_23)
FNDA:0,createResponseCacheMiddleware
FNDA:0,(anonymous_25)
FNDA:0,calculateSimilarity
FNDA:0,levenshteinDistance
DA:21,0
DA:22,0
DA:23,0
DA:24,0
DA:27,0
DA:29,0
DA:30,0
DA:32,0
DA:33,0
DA:35,0
DA:36,0
DA:41,0
DA:45,0
DA:52,0
DA:53,0
DA:54,0
DA:55,0
DA:56,0
DA:58,0
DA:64,0
DA:65,0
DA:66,0
DA:72,0
DA:73,0
DA:76,0
DA:81,0
DA:83,0
DA:84,0
DA:85,0
DA:86,0
DA:89,0
DA:96,0
DA:98,0
DA:99,0
DA:100,0
DA:102,0
DA:103,0
DA:106,0
DA:108,0
DA:109,0
DA:110,0
DA:111,0
DA:115,0
DA:120,0
DA:121,0
DA:122,0
DA:124,0
DA:125,0
DA:131,0
DA:136,0
DA:138,0
DA:139,0
DA:140,0
DA:141,0
DA:143,0
DA:144,0
DA:146,0
DA:147,0
DA:148,0
DA:152,0
DA:157,0
DA:158,0
DA:159,0
DA:161,0
DA:162,0
DA:163,0
DA:166,0
DA:167,0
DA:172,0
DA:174,0
DA:175,0
DA:176,0
DA:178,0
DA:179,0
DA:180,0
DA:182,0
DA:183,0
DA:184,0
DA:186,0
DA:187,0
DA:188,0
DA:189,0
DA:192,0
DA:193,0
DA:194,0
DA:198,0
DA:203,0
DA:204,0
DA:205,0
DA:206,0
DA:208,0
DA:213,0
DA:214,0
DA:216,0
DA:217,0
DA:218,0
DA:219,0
DA:220,0
DA:224,0
DA:229,0
DA:230,0
DA:231,0
DA:232,0
DA:234,0
DA:243,0
DA:244,0
DA:252,0
DA:257,0
DA:259,0
DA:260,0
DA:261,0
DA:263,0
DA:264,0
DA:265,0
DA:268,0
DA:270,0
DA:271,0
DA:277,0
DA:278,0
DA:279,0
DA:280,0
DA:287,0
DA:288,0
DA:290,0
DA:291,0
DA:293,0
DA:295,0
DA:296,0
DA:300,0
DA:302,0
DA:303,0
DA:306,0
DA:307,0
DA:310,0
DA:311,0
DA:312,0
DA:313,0
DA:315,0
DA:324,0
LF:139
LH:0
BRDA:26,0,0,0
BRDA:27,1,0,0
BRDA:27,1,1,0
BRDA:27,1,2,0
BRDA:59,2,0,0
BRDA:59,2,1,0
BRDA:60,3,0,0
BRDA:60,3,1,0
BRDA:72,4,0,0
BRDA:72,4,1,0
BRDA:84,5,0,0
BRDA:84,5,1,0
BRDA:95,6,0,0
BRDA:102,7,0,0
BRDA:102,7,1,0
BRDA:102,8,0,0
BRDA:102,8,1,0
BRDA:108,9,0,0
BRDA:108,9,1,0
BRDA:111,10,0,0
BRDA:111,10,1,0
BRDA:135,11,0,0
BRDA:143,12,0,0
BRDA:143,12,1,0
BRDA:143,13,0,0
BRDA:143,13,1,0
BRDA:147,14,0,0
BRDA:147,14,1,0
BRDA:158,15,0,0
BRDA:158,15,1,0
BRDA:171,16,0,0
BRDA:176,17,0,0
BRDA:176,17,1,0
BRDA:179,18,0,0
BRDA:179,18,1,0
BRDA:182,19,0,0
BRDA:182,19,1,0
BRDA:189,20,0,0
BRDA:189,20,1,0
BRDA:192,21,0,0
BRDA:192,21,1,0
BRDA:204,22,0,0
BRDA:204,22,1,0
BRDA:217,23,0,0
BRDA:217,23,1,0
BRDA:228,24,0,0
BRDA:256,25,0,0
BRDA:263,26,0,0
BRDA:263,26,1,0
BRDA:263,27,0,0
BRDA:263,27,1,0
BRDA:270,28,0,0
BRDA:270,28,1,0
BRDA:277,29,0,0
BRDA:277,29,1,0
BRDA:280,30,0,0
BRDA:280,30,1,0
BRDA:287,31,0,0
BRDA:287,31,1,0
BRDA:288,32,0,0
BRDA:288,32,1,0
BRDA:288,33,0,0
BRDA:288,33,1,0
BRDA:290,34,0,0
BRDA:290,34,1,0
BRDA:291,35,0,0
BRDA:291,35,1,0
BRDA:293,36,0,0
BRDA:293,36,1,0
BRDA:312,37,0,0
BRDA:312,37,1,0
BRF:71
BRH:0
end_of_record
TN:
SF:packages/channels/src/session-manager.ts
FN:43,(anonymous_0)
FN:55,(anonymous_1)
FN:83,(anonymous_2)
FN:95,(anonymous_3)
FN:98,(anonymous_4)
FN:99,(anonymous_5)
FN:102,(anonymous_6)
FN:115,(anonymous_7)
FN:116,(anonymous_8)
FN:126,(anonymous_9)
FN:137,(anonymous_10)
FN:145,(anonymous_11)
FN:159,(anonymous_12)
FN:170,(anonymous_13)
FN:179,(anonymous_14)
FN:199,(anonymous_15)
FN:202,(anonymous_16)
FN:246,(anonymous_17)
FN:256,(anonymous_18)
FN:267,(anonymous_19)
FN:281,(anonymous_20)
FN:296,(anonymous_21)
FN:298,(anonymous_22)
FN:302,(anonymous_23)
FN:314,(anonymous_24)
FN:316,(anonymous_25)
FN:343,getSessionManager
FN:350,resetSessionManager
FNF:28
FNH:0
FNDA:0,(anonymous_0)
FNDA:0,(anonymous_1)
FNDA:0,(anonymous_2)
FNDA:0,(anonymous_3)
FNDA:0,(anonymous_4)
FNDA:0,(anonymous_5)
FNDA:0,(anonymous_6)
FNDA:0,(anonymous_7)
FNDA:0,(anonymous_8)
FNDA:0,(anonymous_9)
FNDA:0,(anonymous_10)
FNDA:0,(anonymous_11)
FNDA:0,(anonymous_12)
FNDA:0,(anonymous_13)
FNDA:0,(anonymous_14)
FNDA:0,(anonymous_15)
FNDA:0,(anonymous_16)
FNDA:0,(anonymous_17)
FNDA:0,(anonymous_18)
FNDA:0,(anonymous_19)
FNDA:0,(anonymous_20)
FNDA:0,(anonymous_21)
FNDA:0,(anonymous_22)
FNDA:0,(anonymous_23)
FNDA:0,(anonymous_24)
FNDA:0,(anonymous_25)
FNDA:0,getSessionManager
FNDA:0,resetSessionManager
DA:36,0
DA:37,0
DA:49,0
DA:50,0
DA:51,0
DA:52,0
DA:56,0
DA:58,0
DA:59,0
DA:60,0
DA:63,0
DA:76,0
DA:77,0
DA:78,0
DA:80,0
DA:84,0
DA:85,0
DA:87,0
DA:88,0
DA:89,0
DA:92,0
DA:96,0
DA:97,0
DA:98,0
DA:99,0
DA:103,0
DA:104,0
DA:106,0
DA:112,0
DA:114,0
DA:115,0
DA:116,0
DA:117,0
DA:120,0
DA:121,0
DA:123,0
DA:127,0
DA:128,0
DA:130,0
DA:134,0
DA:138,0
DA:139,0
DA:140,0
DA:141,0
DA:142,0
DA:146,0
DA:147,0
DA:149,0
DA:150,0
DA:151,0
DA:152,0
DA:153,0
DA:156,0
DA:160,0
DA:161,0
DA:162,0
DA:164,0
DA:165,0
DA:167,0
DA:171,0
DA:172,0
DA:173,0
DA:175,0
DA:176,0
DA:177,0
DA:179,0
DA:180,0
DA:183,0
DA:184,0
DA:185,0
DA:196,0
DA:199,0
DA:203,0
DA:204,0
DA:206,0
DA:208,0
DA:211,0
DA:212,0
DA:213,0
DA:214,0
DA:215,0
DA:216,0
DA:218,0
DA:219,0
DA:220,0
DA:221,0
DA:224,0
DA:228,0
DA:229,0
DA:230,0
DA:231,0
DA:233,0
DA:234,0
DA:235,0
DA:238,0
DA:242,0
DA:247,0
DA:252,0
DA:253,0
DA:257,0
DA:258,0
DA:259,0
DA:261,0
DA:262,0
DA:267,0
DA:272,0
DA:275,0
DA:282,0
DA:283,0
DA:285,0
DA:286,0
DA:287,0
DA:291,0
DA:292,0
DA:297,0
DA:298,0
DA:299,0
DA:302,0
DA:303,0
DA:306,0
DA:315,0
DA:316,0
DA:318,0
DA:329,0
DA:331,0
DA:332,0
DA:333,0
DA:337,0
DA:341,0
DA:344,0
DA:345,0
DA:347,0
DA:351,0
LF:133
LH:0
BRDA:43,0,0,0
BRDA:49,1,0,0
BRDA:49,1,1,0
BRDA:50,2,0,0
BRDA:50,2,1,0
BRDA:51,3,0,0
BRDA:51,3,1,0
BRDA:52,4,0,0
BRDA:52,4,1,0
BRDA:56,5,0,0
BRDA:56,5,1,0
BRDA:58,6,0,0
BRDA:58,6,1,0
BRDA:69,7,0,0
BRDA:69,7,1,0
BRDA:73,8,0,0
BRDA:73,8,1,0
BRDA:85,9,0,0
BRDA:85,9,1,0
BRDA:87,10,0,0
BRDA:87,10,1,0
BRDA:96,11,0,0
BRDA:96,11,1,0
BRDA:99,12,0,0
BRDA:99,12,1,0
BRDA:104,13,0,0
BRDA:104,13,1,0
BRDA:114,14,0,0
BRDA:114,14,1,0
BRDA:128,15,0,0
BRDA:128,15,1,0
BRDA:130,16,0,0
BRDA:130,16,1,0
BRDA:139,17,0,0
BRDA:139,17,1,0
BRDA:147,18,0,0
BRDA:147,18,1,0
BRDA:149,19,0,0
BRDA:149,19,1,0
BRDA:151,20,0,0
BRDA:151,20,1,0
BRDA:162,21,0,0
BRDA:162,21,1,0
BRDA:162,22,0,0
BRDA:162,22,1,0
BRDA:172,23,0,0
BRDA:172,23,1,0
BRDA:176,24,0,0
BRDA:176,24,1,0
BRDA:176,25,0,0
BRDA:176,25,1,0
BRDA:177,26,0,0
BRDA:177,26,1,0
BRDA:177,27,0,0
BRDA:177,27,1,0
BRDA:183,28,0,0
BRDA:183,28,1,0
BRDA:183,29,0,0
BRDA:183,29,1,0
BRDA:196,30,0,0
BRDA:196,30,1,0
BRDA:204,31,0,0
BRDA:204,31,1,0
BRDA:206,32,0,0
BRDA:206,32,1,0
BRDA:206,32,2,0
BRDA:206,32,3,0
BRDA:219,33,0,0
BRDA:219,33,1,0
BRDA:234,34,0,0
BRDA:234,34,1,0
BRDA:261,35,0,0
BRDA:261,35,1,0
BRDA:275,36,0,0
BRDA:275,36,1,0
BRDA:286,37,0,0
BRDA:286,37,1,0
BRDA:332,38,0,0
BRDA:332,38,1,0
BRDA:344,39,0,0
BRDA:344,39,1,0
BRF:81
BRH:0
end_of_record
TN:
SF:packages/channels/src/signal.ts
FN:85,(anonymous_0)
FN:95,(anonymous_1)
FN:112,(anonymous_2)
FN:120,(anonymous_3)
FN:151,(anonymous_4)
FN:152,(anonymous_5)
FN:155,(anonymous_6)
FN:157,(anonymous_7)
FN:167,(anonymous_8)
FN:173,(anonymous_9)
FN:174,(anonymous_10)
FN:182,(anonymous_11)
FN:185,(anonymous_12)
FN:188,(anonymous_13)
FN:190,(anonymous_14)
FN:191,(anonymous_15)
FN:202,(anonymous_16)
FN:205,(anonymous_17)
FN:207,(anonymous_18)
FN:208,(anonymous_19)
FN:219,(anonymous_20)
FN:222,(anonymous_21)
FN:224,(anonymous_22)
FN:240,(anonymous_23)
FN:244,(anonymous_24)
FN:246,(anonymous_25)
FN:247,(anonymous_26)
FN:248,(anonymous_27)
FN:249,(anonymous_28)
FN:250,(anonymous_29)
FN:251,(anonymous_30)
FN:251,(anonymous_31)
FN:252,(anonymous_32)
FN:253,(anonymous_33)
FN:253,(anonymous_34)
FN:254,(anonymous_35)
FN:255,(anonymous_36)
FN:259,(anonymous_37)
FN:260,(anonymous_38)
FN:282,(anonymous_39)
FN:289,(anonymous_40)
FN:296,(anonymous_41)
FN:297,(anonymous_42)
FN:306,(anonymous_43)
FN:310,(anonymous_44)
FN:314,(anonymous_45)
FN:322,(anonymous_46)
FN:328,(anonymous_47)
FNF:48
FNH:0
FNDA:0,(anonymous_0)
FNDA:0,(anonymous_1)
FNDA:0,(anonymous_2)
FNDA:0,(anonymous_3)
FNDA:0,(anonymous_4)
FNDA:0,(anonymous_5)
FNDA:0,(anonymous_6)
FNDA:0,(anonymous_7)
FNDA:0,(anonymous_8)
FNDA:0,(anonymous_9)
FNDA:0,(anonymous_10)
FNDA:0,(anonymous_11)
FNDA:0,(anonymous_12)
FNDA:0,(anonymous_13)
FNDA:0,(anonymous_14)
FNDA:0,(anonymous_15)
FNDA:0,(anonymous_16)
FNDA:0,(anonymous_17)
FNDA:0,(anonymous_18)
FNDA:0,(anonymous_19)
FNDA:0,(anonymous_20)
FNDA:0,(anonymous_21)
FNDA:0,(anonymous_22)
FNDA:0,(anonymous_23)
FNDA:0,(anonymous_24)
FNDA:0,(anonymous_25)
FNDA:0,(anonymous_26)
FNDA:0,(anonymous_27)
FNDA:0,(anonymous_28)
FNDA:0,(anonymous_29)
FNDA:0,(anonymous_30)
FNDA:0,(anonymous_31)
FNDA:0,(anonymous_32)
FNDA:0,(anonymous_33)
FNDA:0,(anonymous_34)
FNDA:0,(anonymous_35)
FNDA:0,(anonymous_36)
FNDA:0,(anonymous_37)
FNDA:0,(anonymous_38)
FNDA:0,(anonymous_39)
FNDA:0,(anonymous_40)
FNDA:0,(anonymous_41)
FNDA:0,(anonymous_42)
FNDA:0,(anonymous_43)
FNDA:0,(anonymous_44)
FNDA:0,(anonymous_45)
FNDA:0,(anonymous_46)
FNDA:0,(anonymous_47)
DA:80,0
DA:81,0
DA:83,0
DA:86,0
DA:87,0
DA:88,0
DA:89,0
DA:90,0
DA:91,0
DA:96,0
DA:98,0
DA:99,0
DA:100,0
DA:101,0
DA:102,0
DA:103,0
DA:104,0
DA:105,0
DA:107,0
DA:108,0
DA:113,0
DA:114,0
DA:115,0
DA:116,0
DA:117,0
DA:121,0
DA:123,0
DA:124,0
DA:127,0
DA:128,0
DA:129,0
DA:133,0
DA:135,0
DA:136,0
DA:138,0
DA:152,0
DA:156,0
DA:157,0
DA:159,0
DA:168,0
DA:169,0
DA:171,0
DA:173,0
DA:175,0
DA:176,0
DA:178,0
DA:182,0
DA:185,0
DA:189,0
DA:190,0
DA:191,0
DA:192,0
DA:193,0
DA:194,0
DA:200,0
DA:202,0
DA:206,0
DA:207,0
DA:208,0
DA:209,0
DA:210,0
DA:211,0
DA:217,0
DA:219,0
DA:223,0
DA:224,0
DA:226,0
DA:227,0
DA:228,0
DA:229,0
DA:230,0
DA:237,0
DA:241,0
DA:245,0
DA:246,0
DA:247,0
DA:248,0
DA:249,0
DA:250,0
DA:251,0
DA:252,0
DA:253,0
DA:254,0
DA:255,0
DA:260,0
DA:261,0
DA:262,0
DA:263,0
DA:264,0
DA:265,0
DA:266,0
DA:268,0
DA:269,0
DA:270,0
DA:273,0
DA:274,0
DA:283,0
DA:284,0
DA:285,0
DA:290,0
DA:291,0
DA:292,0
DA:297,0
DA:298,0
DA:303,0
DA:304,0
DA:306,0
DA:307,0
DA:310,0
DA:311,0
DA:314,0
DA:315,0
DA:316,0
DA:318,0
DA:322,0
DA:323,0
DA:329,0
DA:330,0
DA:332,0
DA:333,0
DA:334,0
DA:335,0
DA:346,0
LF:123
LH:0
BRDA:87,0,0,0
BRDA:87,0,1,0
BRDA:88,1,0,0
BRDA:88,1,1,0
BRDA:88,1,2,0
BRDA:89,2,0,0
BRDA:89,2,1,0
BRDA:90,3,0,0
BRDA:90,3,1,0
BRDA:96,4,0,0
BRDA:96,4,1,0
BRDA:107,5,0,0
BRDA:107,5,1,0
BRDA:113,6,0,0
BRDA:113,6,1,0
BRDA:123,7,0,0
BRDA:123,7,1,0
BRDA:127,8,0,0
BRDA:127,8,1,0
BRDA:143,9,0,0
BRDA:143,9,1,0
BRDA:157,10,0,0
BRDA:157,10,1,0
BRDA:162,11,0,0
BRDA:162,11,1,0
BRDA:168,12,0,0
BRDA:168,12,1,0
BRDA:182,13,0,0
BRDA:182,13,1,0
BRDA:195,14,0,0
BRDA:195,14,1,0
BRDA:197,15,0,0
BRDA:197,15,1,0
BRDA:213,16,0,0
BRDA:213,16,1,0
BRDA:214,17,0,0
BRDA:214,17,1,0
BRDA:229,18,0,0
BRDA:229,18,1,0
BRDA:263,19,0,0
BRDA:263,19,1,0
BRDA:263,20,0,0
BRDA:263,20,1,0
BRDA:265,21,0,0
BRDA:265,21,1,0
BRDA:268,22,0,0
BRDA:268,22,1,0
BRDA:283,23,0,0
BRDA:283,23,1,0
BRDA:290,24,0,0
BRDA:290,24,1,0
BRDA:315,25,0,0
BRDA:315,25,1,0
BRDA:329,26,0,0
BRDA:329,26,1,0
BRDA:330,27,0,0
BRDA:330,27,1,0
BRDA:333,28,0,0
BRDA:333,28,1,0
BRDA:337,29,0,0
BRDA:337,29,1,0
BRDA:337,30,0,0
BRDA:337,30,1,0
BRDA:337,31,0,0
BRDA:337,31,1,0
BRDA:355,32,0,0
BRDA:355,32,1,0
BRDA:356,33,0,0
BRDA:356,33,1,0
BRDA:357,34,0,0
BRDA:357,34,1,0
BRF:71
BRH:0
end_of_record
TN:
SF:packages/channels/src/slack.ts
FN:113,(anonymous_0)
FN:120,(anonymous_1)
FN:141,(anonymous_2)
FN:148,(anonymous_3)
FN:164,(anonymous_4)
FN:177,(anonymous_5)
FN:209,(anonymous_6)
FN:213,(anonymous_7)
FN:230,(anonymous_8)
FN:241,(anonymous_9)
FN:244,(anonymous_10)
FN:252,(anonymous_11)
FN:260,(anonymous_12)
FN:264,(anonymous_13)
FN:268,(anonymous_14)
FN:272,(anonymous_15)
FN:279,(anonymous_16)
FN:281,(anonymous_17)
FN:282,(anonymous_18)
FN:283,(anonymous_19)
FN:284,(anonymous_20)
FN:285,(anonymous_21)
FN:286,(anonymous_22)
FN:286,(anonymous_23)
FN:287,(anonymous_24)
FN:288,(anonymous_25)
FN:288,(anonymous_26)
FN:289,(anonymous_27)
FN:290,(anonymous_28)
FN:294,(anonymous_29)
FN:299,(anonymous_30)
FN:344,(anonymous_31)
FN:351,(anonymous_32)
FN:374,(anonymous_33)
FN:383,(anonymous_34)
FN:405,(anonymous_35)
FNF:36
FNH:0
FNDA:0,(anonymous_0)
FNDA:0,(anonymous_1)
FNDA:0,(anonymous_2)
FNDA:0,(anonymous_3)
FNDA:0,(anonymous_4)
FNDA:0,(anonymous_5)
FNDA:0,(anonymous_6)
FNDA:0,(anonymous_7)
FNDA:0,(anonymous_8)
FNDA:0,(anonymous_9)
FNDA:0,(anonymous_10)
FNDA:0,(anonymous_11)
FNDA:0,(anonymous_12)
FNDA:0,(anonymous_13)
FNDA:0,(anonymous_14)
FNDA:0,(anonymous_15)
FNDA:0,(anonymous_16)
FNDA:0,(anonymous_17)
FNDA:0,(anonymous_18)
FNDA:0,(anonymous_19)
FNDA:0,(anonymous_20)
FNDA:0,(anonymous_21)
FNDA:0,(anonymous_22)
FNDA:0,(anonymous_23)
FNDA:0,(anonymous_24)
FNDA:0,(anonymous_25)
FNDA:0,(anonymous_26)
FNDA:0,(anonymous_27)
FNDA:0,(anonymous_28)
FNDA:0,(anonymous_29)
FNDA:0,(anonymous_30)
FNDA:0,(anonymous_31)
FNDA:0,(anonymous_32)
FNDA:0,(anonymous_33)
FNDA:0,(anonymous_34)
FNDA:0,(anonymous_35)
DA:107,0
DA:108,0
DA:109,0
DA:110,0
DA:111,0
DA:114,0
DA:115,0
DA:116,0
DA:117,0
DA:121,0
DA:123,0
DA:124,0
DA:125,0
DA:126,0
DA:129,0
DA:130,0
DA:131,0
DA:132,0
DA:133,0
DA:134,0
DA:136,0
DA:137,0
DA:142,0
DA:143,0
DA:144,0
DA:145,0
DA:149,0
DA:155,0
DA:156,0
DA:159,0
DA:160,0
DA:164,0
DA:173,0
DA:176,0
DA:177,0
DA:187,0
DA:189,0
DA:190,0
DA:193,0
DA:194,0
DA:196,0
DA:214,0
DA:215,0
DA:216,0
DA:219,0
DA:220,0
DA:231,0
DA:236,0
DA:237,0
DA:240,0
DA:241,0
DA:245,0
DA:246,0
DA:247,0
DA:249,0
DA:253,0
DA:254,0
DA:255,0
DA:257,0
DA:261,0
DA:265,0
DA:269,0
DA:273,0
DA:274,0
DA:275,0
DA:280,0
DA:281,0
DA:282,0
DA:283,0
DA:284,0
DA:285,0
DA:286,0
DA:287,0
DA:288,0
DA:289,0
DA:290,0
DA:295,0
DA:297,0
DA:300,0
DA:301,0
DA:303,0
DA:304,0
DA:309,0
DA:310,0
DA:313,0
DA:316,0
DA:317,0
DA:318,0
DA:319,0
DA:320,0
DA:323,0
DA:324,0
DA:325,0
DA:326,0
DA:327,0
DA:328,0
DA:329,0
DA:331,0
DA:332,0
DA:333,0
DA:336,0
DA:339,0
DA:345,0
DA:346,0
DA:347,0
DA:352,0
DA:353,0
DA:354,0
DA:357,0
DA:358,0
DA:359,0
DA:375,0
DA:376,0
DA:377,0
DA:378,0
DA:384,0
DA:406,0
DA:407,0
DA:416,0
LF:119
LH:0
BRDA:115,0,0,0
BRDA:115,0,1,0
BRDA:115,0,2,0
BRDA:116,1,0,0
BRDA:116,1,1,0
BRDA:117,2,0,0
BRDA:117,2,1,0
BRDA:121,3,0,0
BRDA:121,3,1,0
BRDA:125,4,0,0
BRDA:125,4,1,0
BRDA:136,5,0,0
BRDA:136,5,1,0
BRDA:142,6,0,0
BRDA:142,6,1,0
BRDA:155,7,0,0
BRDA:155,7,1,0
BRDA:159,8,0,0
BRDA:159,8,1,0
BRDA:159,9,0,0
BRDA:159,9,1,0
BRDA:169,10,0,0
BRDA:169,10,1,0
BRDA:169,11,0,0
BRDA:169,11,1,0
BRDA:176,12,0,0
BRDA:176,12,1,0
BRDA:176,13,0,0
BRDA:176,13,1,0
BRDA:178,14,0,0
BRDA:178,14,1,0
BRDA:178,14,2,0
BRDA:179,15,0,0
BRDA:179,15,1,0
BRDA:183,16,0,0
BRDA:183,16,1,0
BRDA:189,17,0,0
BRDA:189,17,1,0
BRDA:201,18,0,0
BRDA:201,18,1,0
BRDA:215,19,0,0
BRDA:215,19,1,0
BRDA:223,20,0,0
BRDA:223,20,1,0
BRDA:233,21,0,0
BRDA:233,21,1,0
BRDA:236,22,0,0
BRDA:236,22,1,0
BRDA:246,23,0,0
BRDA:246,23,1,0
BRDA:252,24,0,0
BRDA:254,25,0,0
BRDA:254,25,1,0
BRDA:274,26,0,0
BRDA:274,26,1,0
BRDA:284,27,0,0
BRDA:284,27,1,0
BRDA:286,28,0,0
BRDA:286,29,0,0
BRDA:286,29,1,0
BRDA:295,30,0,0
BRDA:295,30,1,0
BRDA:300,31,0,0
BRDA:300,31,1,0
BRDA:300,32,0,0
BRDA:300,32,1,0
BRDA:303,33,0,0
BRDA:303,33,1,0
BRDA:309,34,0,0
BRDA:309,34,1,0
BRDA:309,35,0,0
BRDA:309,35,1,0
BRDA:316,36,0,0
BRDA:316,36,1,0
BRDA:316,37,0,0
BRDA:316,37,1,0
BRDA:323,38,0,0
BRDA:323,38,1,0
BRDA:323,39,0,0
BRDA:323,39,1,0
BRDA:332,40,0,0
BRDA:332,40,1,0
BRDA:345,41,0,0
BRDA:345,41,1,0
BRDA:353,42,0,0
BRDA:353,42,1,0
BRDA:357,43,0,0
BRDA:357,43,1,0
BRDA:357,44,0,0
BRDA:357,44,1,0
BRDA:357,44,2,0
BRDA:357,44,3,0
BRDA:360,45,0,0
BRDA:360,45,1,0
BRDA:364,46,0,0
BRDA:364,46,1,0
BRDA:364,47,0,0
BRDA:364,47,1,0
BRDA:367,48,0,0
BRDA:367,48,1,0
BRDA:377,49,0,0
BRDA:377,49,1,0
BRDA:389,50,0,0
BRDA:389,50,1,0
BRDA:389,50,2,0
BRDA:395,51,0,0
BRDA:395,51,1,0
BRDA:397,52,0,0
BRDA:397,52,1,0
BRDA:413,53,0,0
BRDA:413,53,1,0
BRF:111
BRH:0
end_of_record
TN:
SF:packages/channels/src/telegram.ts
FN:94,(anonymous_0)
FN:101,(anonymous_1)
FN:127,(anonymous_2)
FN:141,(anonymous_3)
FN:146,(anonymous_4)
FN:171,(anonymous_5)
FN:199,(anonymous_6)
FN:203,(anonymous_7)
FN:206,(anonymous_8)
FN:221,(anonymous_9)
FN:238,(anonymous_10)
FN:239,(anonymous_11)
FN:242,(anonymous_12)
FN:261,(anonymous_13)
FN:272,(anonymous_14)
FN:302,(anonymous_15)
FN:332,(anonymous_16)
FN:345,(anonymous_17)
FN:358,(anonymous_18)
FN:369,(anonymous_19)
FN:370,(anonymous_20)
FN:403,(anonymous_21)
FN:422,(anonymous_22)
FN:477,(anonymous_23)
FN:499,(anonymous_24)
FN:500,(anonymous_25)
FN:506,(anonymous_26)
FN:512,(anonymous_27)
FN:526,(anonymous_28)
FN:530,(anonymous_29)
FN:537,(anonymous_30)
FN:539,(anonymous_31)
FN:540,(anonymous_32)
FN:541,(anonymous_33)
FN:542,(anonymous_34)
FN:543,(anonymous_35)
FN:544,(anonymous_36)
FN:545,(anonymous_37)
FN:546,(anonymous_38)
FN:547,(anonymous_39)
FN:547,(anonymous_40)
FN:548,(anonymous_41)
FN:549,(anonymous_42)
FNF:43
FNH:0
FNDA:0,(anonymous_0)
FNDA:0,(anonymous_1)
FNDA:0,(anonymous_2)
FNDA:0,(anonymous_3)
FNDA:0,(anonymous_4)
FNDA:0,(anonymous_5)
FNDA:0,(anonymous_6)
FNDA:0,(anonymous_7)
FNDA:0,(anonymous_8)
FNDA:0,(anonymous_9)
FNDA:0,(anonymous_10)
FNDA:0,(anonymous_11)
FNDA:0,(anonymous_12)
FNDA:0,(anonymous_13)
FNDA:0,(anonymous_14)
FNDA:0,(anonymous_15)
FNDA:0,(anonymous_16)
FNDA:0,(anonymous_17)
FNDA:0,(anonymous_18)
FNDA:0,(anonymous_19)
FNDA:0,(anonymous_20)
FNDA:0,(anonymous_21)
FNDA:0,(anonymous_22)
FNDA:0,(anonymous_23)
FNDA:0,(anonymous_24)
FNDA:0,(anonymous_25)
FNDA:0,(anonymous_26)
FNDA:0,(anonymous_27)
FNDA:0,(anonymous_28)
FNDA:0,(anonymous_29)
FNDA:0,(anonymous_30)
FNDA:0,(anonymous_31)
FNDA:0,(anonymous_32)
FNDA:0,(anonymous_33)
FNDA:0,(anonymous_34)
FNDA:0,(anonymous_35)
FNDA:0,(anonymous_36)
FNDA:0,(anonymous_37)
FNDA:0,(anonymous_38)
FNDA:0,(anonymous_39)
FNDA:0,(anonymous_40)
FNDA:0,(anonymous_41)
FNDA:0,(anonymous_42)
DA:86,0
DA:87,0
DA:88,0
DA:89,0
DA:90,0
DA:91,0
DA:92,0
DA:95,0
DA:96,0
DA:97,0
DA:98,0
DA:102,0
DA:104,0
DA:105,0
DA:106,0
DA:107,0
DA:110,0
DA:111,0
DA:112,0
DA:113,0
DA:114,0
DA:116,0
DA:117,0
DA:119,0
DA:122,0
DA:123,0
DA:128,0
DA:129,0
DA:131,0
DA:132,0
DA:133,0
DA:136,0
DA:137,0
DA:138,0
DA:141,0
DA:142,0
DA:143,0
DA:147,0
DA:148,0
DA:149,0
DA:151,0
DA:153,0
DA:154,0
DA:161,0
DA:162,0
DA:165,0
DA:166,0
DA:169,0
DA:170,0
DA:171,0
DA:180,0
DA:185,0
DA:186,0
DA:187,0
DA:188,0
DA:191,0
DA:192,0
DA:193,0
DA:196,0
DA:200,0
DA:207,0
DA:208,0
DA:209,0
DA:212,0
DA:213,0
DA:222,0
DA:223,0
DA:232,0
DA:233,0
DA:236,0
DA:237,0
DA:238,0
DA:239,0
DA:243,0
DA:244,0
DA:246,0
DA:256,0
DA:257,0
DA:262,0
DA:267,0
DA:268,0
DA:273,0
DA:274,0
DA:276,0
DA:277,0
DA:278,0
DA:279,0
DA:281,0
DA:284,0
DA:285,0
DA:288,0
DA:293,0
DA:294,0
DA:297,0
DA:298,0
DA:299,0
DA:303,0
DA:304,0
DA:306,0
DA:307,0
DA:308,0
DA:309,0
DA:311,0
DA:314,0
DA:315,0
DA:318,0
DA:323,0
DA:324,0
DA:327,0
DA:328,0
DA:329,0
DA:333,0
DA:335,0
DA:336,0
DA:338,0
DA:346,0
DA:347,0
DA:348,0
DA:351,0
DA:356,0
DA:359,0
DA:360,0
DA:361,0
DA:362,0
DA:364,0
DA:370,0
DA:371,0
DA:373,0
DA:374,0
DA:384,0
DA:385,0
DA:386,0
DA:387,0
DA:388,0
DA:392,0
DA:395,0
DA:396,0
DA:400,0
DA:404,0
DA:405,0
DA:406,0
DA:407,0
DA:408,0
DA:409,0
DA:410,0
DA:411,0
DA:412,0
DA:413,0
DA:414,0
DA:415,0
DA:416,0
DA:417,0
DA:423,0
DA:426,0
DA:432,0
DA:439,0
DA:440,0
DA:441,0
DA:442,0
DA:450,0
DA:451,0
DA:462,0
DA:478,0
DA:480,0
DA:481,0
DA:488,0
DA:490,0
DA:491,0
DA:492,0
DA:493,0
DA:496,0
DA:500,0
DA:501,0
DA:502,0
DA:507,0
DA:509,0
DA:511,0
DA:512,0
DA:513,0
DA:514,0
DA:515,0
DA:517,0
DA:520,0
DA:521,0
DA:522,0
DA:523,0
DA:525,0
DA:526,0
DA:531,0
DA:532,0
DA:533,0
DA:538,0
DA:539,0
DA:540,0
DA:541,0
DA:542,0
DA:543,0
DA:545,0
DA:546,0
DA:547,0
DA:548,0
DA:549,0
LF:202
LH:0
BRDA:96,0,0,0
BRDA:96,0,1,0
BRDA:98,1,0,0
BRDA:98,1,1,0
BRDA:102,2,0,0
BRDA:102,2,1,0
BRDA:106,3,0,0
BRDA:106,3,1,0
BRDA:116,4,0,0
BRDA:116,4,1,0
BRDA:122,5,0,0
BRDA:122,5,1,0
BRDA:131,6,0,0
BRDA:131,6,1,0
BRDA:136,7,0,0
BRDA:136,7,1,0
BRDA:147,8,0,0
BRDA:147,8,1,0
BRDA:157,9,0,0
BRDA:157,9,1,0
BRDA:161,10,0,0
BRDA:161,10,1,0
BRDA:165,11,0,0
BRDA:165,11,1,0
BRDA:169,12,0,0
BRDA:169,12,1,0
BRDA:169,13,0,0
BRDA:169,13,1,0
BRDA:174,14,0,0
BRDA:174,14,1,0
BRDA:174,15,0,0
BRDA:174,15,1,0
BRDA:185,16,0,0
BRDA:185,16,1,0
BRDA:208,17,0,0
BRDA:208,17,1,0
BRDA:216,18,0,0
BRDA:216,18,1,0
BRDA:222,19,0,0
BRDA:222,19,1,0
BRDA:232,20,0,0
BRDA:232,20,1,0
BRDA:243,21,0,0
BRDA:243,21,1,0
BRDA:252,22,0,0
BRDA:252,22,1,0
BRDA:256,23,0,0
BRDA:256,23,1,0
BRDA:267,24,0,0
BRDA:267,24,1,0
BRDA:276,25,0,0
BRDA:276,25,1,0
BRDA:276,26,0,0
BRDA:276,26,1,0
BRDA:278,27,0,0
BRDA:278,27,1,0
BRDA:284,28,0,0
BRDA:284,28,1,0
BRDA:293,29,0,0
BRDA:293,29,1,0
BRDA:306,30,0,0
BRDA:306,30,1,0
BRDA:306,31,0,0
BRDA:306,31,1,0
BRDA:308,32,0,0
BRDA:308,32,1,0
BRDA:309,33,0,0
BRDA:309,33,1,0
BRDA:311,34,0,0
BRDA:311,34,1,0
BRDA:314,35,0,0
BRDA:314,35,1,0
BRDA:323,36,0,0
BRDA:323,36,1,0
BRDA:333,37,0,0
BRDA:333,37,1,0
BRDA:336,38,0,0
BRDA:336,38,1,0
BRDA:341,39,0,0
BRDA:341,39,1,0
BRDA:347,40,0,0
BRDA:347,40,1,0
BRDA:357,41,0,0
BRDA:357,41,1,0
BRDA:359,42,0,0
BRDA:359,42,1,0
BRDA:371,43,0,0
BRDA:371,43,1,0
BRDA:384,44,0,0
BRDA:384,44,1,0
BRDA:392,45,0,0
BRDA:392,45,1,0
BRDA:395,46,0,0
BRDA:395,46,1,0
BRDA:404,47,0,0
BRDA:404,47,1,0
BRDA:408,48,0,0
BRDA:408,48,1,0
BRDA:411,49,0,0
BRDA:411,49,1,0
BRDA:413,50,0,0
BRDA:413,50,1,0
BRDA:423,51,0,0
BRDA:423,51,1,0
BRDA:424,52,0,0
BRDA:424,52,1,0
BRDA:432,53,0,0
BRDA:432,53,1,0
BRDA:435,54,0,0
BRDA:435,54,1,0
BRDA:440,55,0,0
BRDA:440,55,1,0
BRDA:440,56,0,0
BRDA:440,56,1,0
BRDA:450,57,0,0
BRDA:450,57,1,0
BRDA:468,58,0,0
BRDA:468,58,1,0
BRDA:468,58,2,0
BRDA:469,59,0,0
BRDA:469,59,1,0
BRDA:470,60,0,0
BRDA:470,60,1,0
BRDA:472,61,0,0
BRDA:472,61,1,0
BRDA:485,62,0,0
BRDA:485,62,1,0
BRDA:490,63,0,0
BRDA:490,63,1,0
BRDA:491,64,0,0
BRDA:491,64,1,0
BRDA:507,65,0,0
BRDA:507,65,1,0
BRDA:507,66,0,0
BRDA:507,66,1,0
BRDA:511,67,0,0
BRDA:511,67,1,0
BRDA:525,68,0,0
BRDA:525,68,1,0
BRDA:532,69,0,0
BRDA:532,69,1,0
BRDA:542,70,0,0
BRDA:542,70,1,0
BRDA:544,71,0,0
BRDA:545,72,0,0
BRDA:545,72,1,0
BRF:146
BRH:0
end_of_record
TN:
SF:packages/channels/src/types.ts
FNF:0
FNH:0
LF:0
LH:0
BRF:0
BRH:0
end_of_record
TN:
SF:packages/channels/src/webchat.ts
FN:55,(anonymous_0)
FN:65,(anonymous_1)
FN:81,(anonymous_2)
FN:88,(anonymous_3)
FN:121,(anonymous_4)
FN:128,(anonymous_5)
FN:138,(anonymous_6)
FN:146,(anonymous_7)
FN:150,(anonymous_8)
FN:151,(anonymous_9)
FN:160,(anonymous_10)
FN:168,(anonymous_11)
FN:174,(anonymous_12)
FN:176,(anonymous_13)
FN:177,(anonymous_14)
FN:178,(anonymous_15)
FN:179,(anonymous_16)
FN:180,(anonymous_17)
FN:181,(anonymous_18)
FN:181,(anonymous_19)
FN:182,(anonymous_20)
FN:183,(anonymous_21)
FN:183,(anonymous_22)
FN:184,(anonymous_23)
FN:185,(anonymous_24)
FN:189,(anonymous_25)
FN:192,(anonymous_26)
FN:230,(anonymous_27)
FN:248,(anonymous_28)
FN:285,(anonymous_29)
FN:297,(anonymous_30)
FN:307,(anonymous_31)
FN:374,(anonymous_32)
FN:379,(anonymous_33)
FNF:34
FNH:0
FNDA:0,(anonymous_0)
FNDA:0,(anonymous_1)
FNDA:0,(anonymous_2)
FNDA:0,(anonymous_3)
FNDA:0,(anonymous_4)
FNDA:0,(anonymous_5)
FNDA:0,(anonymous_6)
FNDA:0,(anonymous_7)
FNDA:0,(anonymous_8)
FNDA:0,(anonymous_9)
FNDA:0,(anonymous_10)
FNDA:0,(anonymous_11)
FNDA:0,(anonymous_12)
FNDA:0,(anonymous_13)
FNDA:0,(anonymous_14)
FNDA:0,(anonymous_15)
FNDA:0,(anonymous_16)
FNDA:0,(anonymous_17)
FNDA:0,(anonymous_18)
FNDA:0,(anonymous_19)
FNDA:0,(anonymous_20)
FNDA:0,(anonymous_21)
FNDA:0,(anonymous_22)
FNDA:0,(anonymous_23)
FNDA:0,(anonymous_24)
FNDA:0,(anonymous_25)
FNDA:0,(anonymous_26)
FNDA:0,(anonymous_27)
FNDA:0,(anonymous_28)
FNDA:0,(anonymous_29)
FNDA:0,(anonymous_30)
FNDA:0,(anonymous_31)
FNDA:0,(anonymous_32)
FNDA:0,(anonymous_33)
DA:36,0
DA:47,0
DA:48,0
DA:49,0
DA:53,0
DA:56,0
DA:57,0
DA:61,0
DA:62,0
DA:66,0
DA:68,0
DA:69,0
DA:70,0
DA:71,0
DA:72,0
DA:73,0
DA:74,0
DA:76,0
DA:77,0
DA:82,0
DA:83,0
DA:84,0
DA:85,0
DA:89,0
DA:90,0
DA:91,0
DA:94,0
DA:108,0
DA:109,0
DA:111,0
DA:112,0
DA:118,0
DA:122,0
DA:123,0
DA:124,0
DA:129,0
DA:130,0
DA:139,0
DA:140,0
DA:142,0
DA:143,0
DA:147,0
DA:151,0
DA:161,0
DA:162,0
DA:163,0
DA:164,0
DA:169,0
DA:170,0
DA:175,0
DA:176,0
DA:177,0
DA:178,0
DA:179,0
DA:180,0
DA:181,0
DA:182,0
DA:183,0
DA:184,0
DA:185,0
DA:190,0
DA:193,0
DA:196,0
DA:197,0
DA:198,0
DA:199,0
DA:201,0
DA:202,0
DA:203,0
DA:207,0
DA:208,0
DA:214,0
DA:215,0
DA:221,0
DA:222,0
DA:227,0
DA:231,0
DA:232,0
DA:242,0
DA:249,0
DA:250,0
DA:251,0
DA:253,0
DA:255,0
DA:256,0
DA:258,0
DA:259,0
DA:271,0
DA:272,0
DA:273,0
DA:275,0
DA:276,0
DA:277,0
DA:278,0
DA:286,0
DA:287,0
DA:288,0
DA:289,0
DA:290,0
DA:298,0
DA:299,0
DA:300,0
DA:302,0
DA:303,0
DA:308,0
DA:375,0
DA:380,0
LF:107
LH:0
BRDA:61,0,0,0
BRDA:61,0,1,0
BRDA:62,1,0,0
BRDA:62,1,1,0
BRDA:66,2,0,0
BRDA:66,2,1,0
BRDA:76,3,0,0
BRDA:76,3,1,0
BRDA:82,4,0,0
BRDA:82,4,1,0
BRDA:90,5,0,0
BRDA:90,5,1,0
BRDA:111,6,0,0
BRDA:111,6,1,0
BRDA:111,7,0,0
BRDA:111,7,1,0
BRDA:123,8,0,0
BRDA:123,8,1,0
BRDA:123,9,0,0
BRDA:123,9,1,0
BRDA:140,10,0,0
BRDA:140,10,1,0
BRDA:142,11,0,0
BRDA:142,11,1,0
BRDA:162,12,0,0
BRDA:162,12,1,0
BRDA:169,13,0,0
BRDA:169,13,1,0
BRDA:179,14,0,0
BRDA:179,14,1,0
BRDA:181,15,0,0
BRDA:181,16,0,0
BRDA:181,16,1,0
BRDA:196,17,0,0
BRDA:196,17,1,0
BRDA:197,18,0,0
BRDA:197,18,1,0
BRDA:198,19,0,0
BRDA:198,19,1,0
BRDA:199,20,0,0
BRDA:199,20,1,0
BRDA:202,21,0,0
BRDA:202,21,1,0
BRDA:207,22,0,0
BRDA:207,22,1,0
BRDA:214,23,0,0
BRDA:214,23,1,0
BRDA:221,24,0,0
BRDA:221,24,1,0
BRDA:251,25,0,0
BRDA:251,25,1,0
BRDA:258,26,0,0
BRDA:258,26,1,0
BRDA:275,27,0,0
BRDA:275,27,1,0
BRDA:288,28,0,0
BRDA:288,28,1,0
BRDA:298,29,0,0
BRDA:298,29,1,0
BRDA:375,30,0,0
BRDA:375,30,1,0
BRDA:406,31,0,0
BRDA:406,31,1,0
BRF:63
BRH:0
end_of_record
TN:
SF:packages/channels/src/whatsapp.ts
FN:58,(anonymous_0)
FN:68,(anonymous_1)
FN:85,(anonymous_2)
FN:92,(anonymous_3)
FN:124,(anonymous_4)
FN:135,(anonymous_5)
FN:160,(anonymous_6)
FN:184,(anonymous_7)
FN:188,(anonymous_8)
FN:196,(anonymous_9)
FN:201,(anonymous_10)
FN:209,(anonymous_11)
FN:213,(anonymous_12)
FN:217,(anonymous_13)
FN:219,(anonymous_14)
FN:220,(anonymous_15)
FN:221,(anonymous_16)
FN:222,(anonymous_17)
FN:223,(anonymous_18)
FN:224,(anonymous_19)
FN:224,(anonymous_20)
FN:225,(anonymous_21)
FN:226,(anonymous_22)
FN:227,(anonymous_23)
FN:228,(anonymous_24)
FN:232,(anonymous_25)
FN:237,(anonymous_26)
FN:263,(anonymous_27)
FN:270,(anonymous_28)
FN:293,(anonymous_29)
FN:337,(anonymous_30)
FN:341,(anonymous_31)
FN:352,(anonymous_32)
FNF:33
FNH:0
FNDA:0,(anonymous_0)
FNDA:0,(anonymous_1)
FNDA:0,(anonymous_2)
FNDA:0,(anonymous_3)
FNDA:0,(anonymous_4)
FNDA:0,(anonymous_5)
FNDA:0,(anonymous_6)
FNDA:0,(anonymous_7)
FNDA:0,(anonymous_8)
FNDA:0,(anonymous_9)
FNDA:0,(anonymous_10)
FNDA:0,(anonymous_11)
FNDA:0,(anonymous_12)
FNDA:0,(anonymous_13)
FNDA:0,(anonymous_14)
FNDA:0,(anonymous_15)
FNDA:0,(anonymous_16)
FNDA:0,(anonymous_17)
FNDA:0,(anonymous_18)
FNDA:0,(anonymous_19)
FNDA:0,(anonymous_20)
FNDA:0,(anonymous_21)
FNDA:0,(anonymous_22)
FNDA:0,(anonymous_23)
FNDA:0,(anonymous_24)
FNDA:0,(anonymous_25)
FNDA:0,(anonymous_26)
FNDA:0,(anonymous_27)
FNDA:0,(anonymous_28)
FNDA:0,(anonymous_29)
FNDA:0,(anonymous_30)
FNDA:0,(anonymous_31)
FNDA:0,(anonymous_32)
DA:54,0
DA:55,0
DA:56,0
DA:59,0
DA:60,0
DA:61,0
DA:62,0
DA:63,0
DA:64,0
DA:69,0
DA:71,0
DA:72,0
DA:73,0
DA:74,0
DA:75,0
DA:76,0
DA:77,0
DA:78,0
DA:80,0
DA:81,0
DA:86,0
DA:87,0
DA:88,0
DA:89,0
DA:93,0
DA:101,0
DA:102,0
DA:105,0
DA:106,0
DA:107,0
DA:109,0
DA:111,0
DA:125,0
DA:135,0
DA:141,0
DA:142,0
DA:143,0
DA:145,0
DA:147,0
DA:161,0
DA:168,0
DA:169,0
DA:171,0
DA:189,0
DA:198,0
DA:202,0
DA:210,0
DA:214,0
DA:218,0
DA:219,0
DA:220,0
DA:221,0
DA:222,0
DA:223,0
DA:224,0
DA:225,0
DA:226,0
DA:227,0
DA:228,0
DA:233,0
DA:235,0
DA:238,0
DA:241,0
DA:242,0
DA:243,0
DA:245,0
DA:246,0
DA:248,0
DA:252,0
DA:253,0
DA:254,0
DA:255,0
DA:258,0
DA:264,0
DA:265,0
DA:266,0
DA:271,0
DA:272,0
DA:273,0
DA:275,0
DA:278,0
DA:279,0
DA:280,0
DA:281,0
DA:282,0
DA:285,0
DA:289,0
DA:290,0
DA:291,0
DA:293,0
DA:294,0
DA:309,0
DA:310,0
DA:319,0
DA:320,0
DA:330,0
DA:338,0
DA:342,0
DA:343,0
DA:345,0
DA:351,0
DA:352,0
DA:353,0
DA:356,0
LF:104
LH:0
BRDA:60,0,0,0
BRDA:60,0,1,0
BRDA:60,0,2,0
BRDA:61,1,0,0
BRDA:61,1,1,0
BRDA:61,1,2,0
BRDA:62,2,0,0
BRDA:62,2,1,0
BRDA:63,3,0,0
BRDA:63,3,1,0
BRDA:63,4,0,0
BRDA:63,4,1,0
BRDA:69,5,0,0
BRDA:69,5,1,0
BRDA:80,6,0,0
BRDA:80,6,1,0
BRDA:86,7,0,0
BRDA:86,7,1,0
BRDA:101,8,0,0
BRDA:101,8,1,0
BRDA:107,9,0,0
BRDA:107,9,1,0
BRDA:124,10,0,0
BRDA:132,11,0,0
BRDA:132,11,1,0
BRDA:132,12,0,0
BRDA:132,12,1,0
BRDA:143,13,0,0
BRDA:143,13,1,0
BRDA:177,14,0,0
BRDA:177,14,1,0
BRDA:233,15,0,0
BRDA:233,15,1,0
BRDA:241,16,0,0
BRDA:241,16,1,0
BRDA:241,17,0,0
BRDA:241,17,1,0
BRDA:245,18,0,0
BRDA:245,18,1,0
BRDA:252,19,0,0
BRDA:252,19,1,0
BRDA:264,20,0,0
BRDA:264,20,1,0
BRDA:273,21,0,0
BRDA:273,21,1,0
BRDA:278,22,0,0
BRDA:278,22,1,0
BRDA:281,23,0,0
BRDA:281,23,1,0
BRDA:289,24,0,0
BRDA:289,24,1,0
BRDA:303,25,0,0
BRDA:303,25,1,0
BRDA:309,26,0,0
BRDA:309,26,1,0
BRDA:319,27,0,0
BRDA:319,27,1,0
BRDA:341,28,0,0
BRDA:347,29,0,0
BRDA:347,29,1,0
BRDA:348,30,0,0
BRDA:348,30,1,0
BRDA:351,31,0,0
BRDA:351,31,1,0
BRF:64
BRH:0
end_of_record
TN:
SF:packages/core/src/advanced/advanced-retry.ts
FN:19,retryWithBackoff
FN:70,calculateDelay
FN:87,sleep
FN:88,(anonymous_3)
FN:94,(anonymous_4)
FN:106,(anonymous_5)
FN:110,(anonymous_6)
FN:114,(anonymous_7)
FN:118,(anonymous_8)
FN:122,(anonymous_9)
FN:126,(anonymous_10)
FN:130,(anonymous_11)
FNF:12
FNH:0
FNDA:0,retryWithBackoff
FNDA:0,calculateDelay
FNDA:0,sleep
FNDA:0,(anonymous_3)
FNDA:0,(anonymous_4)
FNDA:0,(anonymous_5)
FNDA:0,(anonymous_6)
FNDA:0,(anonymous_7)
FNDA:0,(anonymous_8)
FNDA:0,(anonymous_9)
FNDA:0,(anonymous_10)
FNDA:0,(anonymous_11)
DA:31,0
DA:33,0
DA:36,0
DA:37,0
DA:38,0
DA:39,0
DA:46,0
DA:48,0
DA:49,0
DA:52,0
DA:53,0
DA:56,0
DA:57,0
DA:58,0
DA:62,0
DA:77,0
DA:78,0
DA:80,0
DA:81,0
DA:84,0
DA:88,0
DA:95,0
DA:107,0
DA:111,0
DA:115,0
DA:119,0
DA:123,0
DA:127,0
DA:131,0
LF:29
LH:0
BRDA:26,0,0,0
BRDA:27,1,0,0
BRDA:28,2,0,0
BRDA:46,3,0,0
BRDA:46,3,1,0
BRDA:48,4,0,0
BRDA:48,4,1,0
BRDA:52,5,0,0
BRDA:52,5,1,0
BRDA:52,6,0,0
BRDA:52,6,1,0
BRDA:80,7,0,0
BRDA:80,7,1,0
BRDA:94,8,0,0
BRDA:96,9,0,0
BRDA:96,9,1,0
BRDA:97,10,0,0
BRDA:97,10,1,0
BRDA:98,11,0,0
BRDA:98,11,1,0
BRDA:99,12,0,0
BRDA:99,12,1,0
BRDA:100,13,0,0
BRDA:100,13,1,0
BRF:24
BRH:0
end_of_record
TN:
SF:packages/core/src/advanced/bloom-filter.ts
FN:6,(anonymous_0)
FN:12,(anonymous_1)
FN:20,(anonymous_2)
FN:31,(anonymous_3)
FN:35,(anonymous_4)
FN:39,(anonymous_5)
FN:53,(anonymous_6)
FN:57,(anonymous_7)
FN:68,(anonymous_8)
FN:76,(anonymous_9)
FNF:10
FNH:9
FNDA:10,(anonymous_0)
FNDA:115,(anonymous_1)
FNDA:17,(anonymous_2)
FNDA:1,(anonymous_3)
FNDA:0,(anonymous_4)
FNDA:1,(anonymous_5)
FNDA:1,(anonymous_6)
FNDA:2,(anonymous_7)
FNDA:132,(anonymous_8)
FNDA:900,(anonymous_9)
DA:7,10
DA:8,10
DA:9,10
DA:13,115
DA:14,115
DA:15,795
DA:16,795
DA:21,17
DA:22,17
DA:23,97
DA:24,97
DA:25,2
DA:28,15
DA:32,1
DA:36,0
DA:40,1
DA:41,1
DA:42,1250
DA:43,1250
DA:46,1
DA:47,1
DA:48,1
DA:49,1
DA:50,1
DA:54,1
DA:58,2
DA:59,1
DA:61,1
DA:62,1
DA:63,125
DA:65,1
DA:69,132
DA:70,132
DA:71,900
DA:73,132
DA:77,900
DA:78,900
DA:79,5260
DA:80,5260
DA:82,900
LF:40
LH:39
BRDA:6,0,0,10
BRDA:6,1,0,10
BRDA:24,2,0,2
BRDA:24,2,1,95
BRDA:58,3,0,1
BRDA:58,3,1,1
BRDA:58,4,0,2
BRDA:58,4,1,1
BRF:8
BRH:8
end_of_record
TN:
SF:packages/core/src/advanced/circuit-breaker.ts
FN:25,(anonymous_0)
FN:56,(anonymous_1)
FN:65,(anonymous_2)
FN:101,(anonymous_3)
FN:115,(anonymous_4)
FN:130,(anonymous_5)
FN:142,(anonymous_6)
FN:157,(anonymous_7)
FN:171,(anonymous_8)
FN:175,(anonymous_9)
FN:179,(anonymous_10)
FN:183,(anonymous_11)
FN:194,(anonymous_12)
FN:198,(anonymous_13)
FN:202,(anonymous_14)
FN:208,(anonymous_15)
FN:212,(anonymous_16)
FN:213,(anonymous_17)
FN:220,(anonymous_18)
FN:226,(anonymous_19)
FNF:20
FNH:20
FNDA:1,(anonymous_0)
FNDA:17,(anonymous_1)
FNDA:20,(anonymous_2)
FNDA:3,(anonymous_3)
FNDA:16,(anonymous_4)
FNDA:15,(anonymous_5)
FNDA:3,(anonymous_6)
FNDA:17,(anonymous_7)
FNDA:2,(anonymous_8)
FNDA:2,(anonymous_9)
FNDA:1,(anonymous_10)
FNDA:1,(anonymous_11)
FNDA:5,(anonymous_12)
FNDA:1,(anonymous_13)
FNDA:5,(anonymous_14)
FNDA:1,(anonymous_15)
FNDA:1,(anonymous_16)
FNDA:2,(anonymous_17)
FNDA:1,(anonymous_18)
FNDA:1,(anonymous_19)
DA:27,1
DA:28,1
DA:29,1
DA:31,1
DA:32,1
DA:37,17
DA:38,17
DA:39,17
DA:40,17
DA:41,17
DA:42,17
DA:43,17
DA:44,17
DA:45,17
DA:46,17
DA:47,17
DA:57,17
DA:58,17
DA:59,17
DA:60,17
DA:61,17
DA:62,17
DA:66,20
DA:68,20
DA:69,1
DA:70,1
DA:78,19
DA:79,0
DA:80,0
DA:87,19
DA:88,1
DA:91,19
DA:92,19
DA:93,3
DA:94,3
DA:96,16
DA:97,16
DA:102,3
DA:103,3
DA:104,3
DA:106,3
DA:107,1
DA:108,1
DA:110,2
DA:111,2
DA:116,16
DA:117,16
DA:118,16
DA:119,16
DA:121,16
DA:123,16
DA:124,0
DA:125,16
DA:126,6
DA:131,15
DA:132,15
DA:134,15
DA:135,5
DA:136,5
DA:139,15
DA:141,15
DA:142,8
DA:143,3
DA:145,7
DA:146,4
DA:147,4
DA:148,3
DA:149,3
DA:150,3
DA:151,3
DA:154,15
DA:158,17
DA:172,2
DA:176,2
DA:180,1
DA:184,1
DA:185,0
DA:186,0
DA:192,4
DA:195,5
DA:199,1
DA:203,5
DA:204,5
DA:205,5
DA:209,1
DA:213,2
DA:221,1
DA:222,1
DA:227,1
DA:228,1
DA:230,1
LF:91
LH:86
BRDA:60,0,0,17
BRDA:60,0,1,17
BRDA:68,1,0,1
BRDA:68,1,1,19
BRDA:78,2,0,0
BRDA:78,2,1,19
BRDA:78,3,0,19
BRDA:78,3,1,1
BRDA:87,4,0,1
BRDA:87,4,1,18
BRDA:96,5,0,16
BRDA:96,5,1,0
BRDA:106,6,0,1
BRDA:106,6,1,2
BRDA:107,7,0,1
BRDA:107,7,1,0
BRDA:110,8,0,2
BRDA:110,8,1,0
BRDA:123,9,0,0
BRDA:123,9,1,16
BRDA:125,10,0,6
BRDA:125,10,1,10
BRDA:125,11,0,16
BRDA:125,11,1,16
BRDA:132,12,0,0
BRDA:132,12,1,15
BRDA:134,13,0,5
BRDA:134,13,1,10
BRDA:141,14,0,8
BRDA:141,14,1,7
BRDA:145,15,0,4
BRDA:145,15,1,3
BRDA:148,16,0,3
BRDA:148,16,1,0
BRDA:166,17,0,5
BRDA:166,17,1,12
BRDA:184,18,0,0
BRDA:184,18,1,1
BRF:38
BRH:30
end_of_record
TN:
SF:packages/core/src/advanced/distributed-lock.ts
FN:19,(anonymous_0)
FN:21,(anonymous_1)
FN:25,(anonymous_2)
FN:41,(anonymous_3)
FN:47,(anonymous_4)
FN:65,(anonymous_5)
FN:66,(anonymous_6)
FN:70,(anonymous_7)
FN:83,(anonymous_8)
FN:93,(anonymous_9)
FN:102,(anonymous_10)
FN:105,(anonymous_11)
FN:106,(anonymous_12)
FN:109,(anonymous_13)
FN:118,(anonymous_14)
FN:122,(anonymous_15)
FN:131,(anonymous_16)
FN:132,(anonymous_17)
FN:135,(anonymous_18)
FNF:19
FNH:17
FNDA:11,(anonymous_0)
FNDA:2,(anonymous_1)
FNDA:14,(anonymous_2)
FNDA:6,(anonymous_3)
FNDA:1,(anonymous_4)
FNDA:0,(anonymous_5)
FNDA:0,(anonymous_6)
FNDA:1,(anonymous_7)
FNDA:7,(anonymous_8)
FNDA:1,(anonymous_9)
FNDA:1,(anonymous_10)
FNDA:2,(anonymous_11)
FNDA:2,(anonymous_12)
FNDA:2,(anonymous_13)
FNDA:1,(anonymous_14)
FNDA:2,(anonymous_15)
FNDA:2,(anonymous_16)
FNDA:2,(anonymous_17)
FNDA:1,(anonymous_18)
DA:16,11
DA:17,11
DA:20,11
DA:21,2
DA:26,14
DA:27,14
DA:28,14
DA:30,14
DA:31,15
DA:33,15
DA:34,13
DA:35,13
DA:37,13
DA:42,6
DA:43,6
DA:44,6
DA:48,1
DA:49,1
DA:50,1
DA:51,1
DA:53,0
DA:58,2
DA:61,2
DA:66,0
DA:71,1
DA:72,1
DA:73,0
DA:76,1
DA:77,1
DA:79,1
DA:84,7
DA:85,7
DA:86,2
DA:87,0
DA:88,0
DA:90,2
DA:94,1
DA:95,1
DA:96,0
DA:97,0
DA:99,1
DA:103,1
DA:104,1
DA:105,2
DA:106,2
DA:110,2
DA:111,2
DA:112,1
DA:113,1
DA:115,1
DA:119,1
DA:123,2
DA:124,2
DA:125,2
DA:126,1
DA:132,2
DA:136,1
DA:137,1
DA:139,1
LF:59
LH:52
BRDA:20,0,0,1
BRDA:20,0,1,10
BRDA:26,1,0,14
BRDA:26,1,1,0
BRDA:27,2,0,14
BRDA:27,2,1,13
BRDA:28,3,0,14
BRDA:28,3,1,13
BRDA:33,4,0,13
BRDA:33,4,1,2
BRDA:33,5,0,15
BRDA:33,5,1,2
BRDA:43,6,0,6
BRDA:43,6,1,0
BRDA:49,7,0,1
BRDA:49,7,1,0
BRDA:72,8,0,0
BRDA:72,8,1,1
BRDA:85,9,0,5
BRDA:85,9,1,2
BRDA:86,10,0,0
BRDA:86,10,1,2
BRDA:95,11,0,0
BRDA:95,11,1,1
BRDA:95,12,0,1
BRDA:95,12,1,1
BRDA:111,13,0,1
BRDA:111,13,1,1
BRDA:125,14,0,1
BRDA:125,14,1,1
BRDA:136,15,0,1
BRDA:136,15,1,0
BRF:32
BRH:25
end_of_record
TN:
SF:packages/core/src/advanced/event-sourcing.ts
FN:30,(anonymous_0)
FN:36,(anonymous_1)
FN:38,(anonymous_2)
FN:41,(anonymous_3)
FN:45,(anonymous_4)
FN:49,(anonymous_5)
FN:57,(anonymous_6)
FN:61,(anonymous_7)
FN:71,(anonymous_8)
FN:76,(anonymous_9)
FN:90,(anonymous_10)
FN:97,(anonymous_11)
FN:105,(anonymous_12)
FN:118,(anonymous_13)
FN:122,(anonymous_14)
FN:126,(anonymous_15)
FN:135,(anonymous_16)
FN:140,(anonymous_17)
FN:160,(anonymous_18)
FN:184,(anonymous_19)
FN:188,(anonymous_20)
FNF:21
FNH:0
FNDA:0,(anonymous_0)
FNDA:0,(anonymous_1)
FNDA:0,(anonymous_2)
FNDA:0,(anonymous_3)
FNDA:0,(anonymous_4)
FNDA:0,(anonymous_5)
FNDA:0,(anonymous_6)
FNDA:0,(anonymous_7)
FNDA:0,(anonymous_8)
FNDA:0,(anonymous_9)
FNDA:0,(anonymous_10)
FNDA:0,(anonymous_11)
FNDA:0,(anonymous_12)
FNDA:0,(anonymous_13)
FNDA:0,(anonymous_14)
FNDA:0,(anonymous_15)
FNDA:0,(anonymous_16)
FNDA:0,(anonymous_17)
FNDA:0,(anonymous_18)
FNDA:0,(anonymous_19)
FNDA:0,(anonymous_20)
DA:27,0
DA:28,0
DA:31,0
DA:32,0
DA:33,0
DA:37,0
DA:38,0
DA:42,0
DA:46,0
DA:50,0
DA:51,0
DA:52,0
DA:54,0
DA:58,0
DA:62,0
DA:63,0
DA:68,0
DA:69,0
DA:72,0
DA:73,0
DA:77,0
DA:85,0
DA:86,0
DA:87,0
DA:91,0
DA:92,0
DA:93,0
DA:98,0
DA:99,0
DA:100,0
DA:102,0
DA:106,0
DA:107,0
DA:108,0
DA:109,0
DA:111,0
DA:112,0
DA:113,0
DA:115,0
DA:119,0
DA:123,0
DA:127,0
DA:136,0
DA:137,0
DA:145,0
DA:147,0
DA:148,0
DA:149,0
DA:150,0
DA:151,0
DA:154,0
DA:155,0
DA:156,0
DA:157,0
DA:161,0
DA:163,0
DA:164,0
DA:167,0
DA:168,0
DA:169,0
DA:170,0
DA:177,0
DA:181,0
DA:185,0
DA:189,0
LF:65
LH:0
BRDA:31,0,0,0
BRDA:31,0,1,0
BRDA:36,1,0,0
BRDA:37,2,0,0
BRDA:37,2,1,0
BRDA:46,3,0,0
BRDA:46,3,1,0
BRDA:92,4,0,0
BRDA:92,4,1,0
BRDA:108,5,0,0
BRDA:108,5,1,0
BRDA:137,6,0,0
BRDA:137,6,1,0
BRDA:147,7,0,0
BRDA:147,7,1,0
BRDA:167,8,0,0
BRDA:167,8,1,0
BRDA:169,9,0,0
BRDA:169,9,1,0
BRDA:184,10,0,0
BRF:20
BRH:0
end_of_record
TN:
SF:packages/core/src/advanced/lru-cache.ts
FN:25,(anonymous_0)
FN:31,(anonymous_1)
FN:49,(anonymous_2)
FN:82,(anonymous_3)
FN:103,(anonymous_4)
FN:107,(anonymous_5)
FN:115,(anonymous_6)
FN:119,(anonymous_7)
FN:120,(anonymous_8)
FN:123,(anonymous_9)
FN:127,(anonymous_10)
FN:132,(anonymous_11)
FN:142,(anonymous_12)
FN:168,(anonymous_13)
FNF:14
FNH:14
FNDA:13,(anonymous_0)
FNDA:22,(anonymous_1)
FNDA:24,(anonymous_2)
FNDA:3,(anonymous_3)
FNDA:2,(anonymous_4)
FNDA:1,(anonymous_5)
FNDA:2,(anonymous_6)
FNDA:2,(anonymous_7)
FNDA:4,(anonymous_8)
FNDA:2,(anonymous_9)
FNDA:2,(anonymous_10)
FNDA:1,(anonymous_11)
FNDA:14,(anonymous_12)
FNDA:3,(anonymous_13)
DA:16,13
DA:17,13
DA:18,13
DA:22,13
DA:23,13
DA:26,13
DA:27,13
DA:28,13
DA:32,22
DA:33,22
DA:34,8
DA:35,8
DA:38,14
DA:39,1
DA:40,1
DA:41,1
DA:44,13
DA:45,13
DA:46,13
DA:50,24
DA:51,24
DA:52,1
DA:53,1
DA:54,1
DA:55,1
DA:58,23
DA:59,3
DA:62,23
DA:70,24
DA:71,11
DA:73,23
DA:75,23
DA:76,12
DA:79,23
DA:83,3
DA:84,3
DA:86,2
DA:87,0
DA:89,2
DA:92,2
DA:93,0
DA:95,2
DA:98,2
DA:99,2
DA:100,3
DA:104,2
DA:108,1
DA:109,1
DA:110,1
DA:111,1
DA:112,1
DA:116,2
DA:120,4
DA:124,2
DA:128,2
DA:129,2
DA:133,1
DA:143,14
DA:145,7
DA:146,7
DA:149,7
DA:150,1
DA:152,6
DA:155,7
DA:156,7
DA:158,7
DA:159,7
DA:161,7
DA:163,7
DA:164,0
DA:169,3
DA:171,3
DA:172,3
DA:174,3
DA:175,3
DA:177,0
DA:180,3
DA:181,3
DA:182,3
LF:79
LH:75
BRDA:33,0,0,8
BRDA:33,0,1,14
BRDA:38,1,0,1
BRDA:38,1,1,13
BRDA:38,2,0,14
BRDA:38,2,1,2
BRDA:51,3,0,1
BRDA:51,3,1,23
BRDA:53,4,0,0
BRDA:53,4,1,1
BRDA:58,5,0,3
BRDA:58,5,1,20
BRDA:65,6,0,1
BRDA:65,6,1,22
BRDA:70,7,0,11
BRDA:70,7,1,13
BRDA:75,8,0,12
BRDA:75,8,1,11
BRDA:84,9,0,1
BRDA:84,9,1,2
BRDA:86,10,0,0
BRDA:86,10,1,2
BRDA:92,11,0,0
BRDA:92,11,1,2
BRDA:129,12,0,2
BRDA:129,12,1,0
BRDA:143,13,0,7
BRDA:143,13,1,7
BRDA:145,14,0,7
BRDA:145,14,1,0
BRDA:149,15,0,1
BRDA:149,15,1,6
BRDA:158,16,0,7
BRDA:158,16,1,0
BRDA:163,17,0,0
BRDA:163,17,1,7
BRDA:169,18,0,0
BRDA:169,18,1,3
BRDA:174,19,0,3
BRDA:174,19,1,0
BRF:40
BRH:31
end_of_record
TN:
SF:packages/core/src/advanced/token-bucket.ts
FN:15,(anonymous_0)
FN:23,(anonymous_1)
FN:34,(anonymous_2)
FN:57,(anonymous_3)
FN:62,(anonymous_4)
FN:66,(anonymous_5)
FN:70,(anonymous_6)
FN:74,(anonymous_7)
FN:76,(anonymous_8)
FN:79,(anonymous_9)
FN:86,(anonymous_10)
FN:98,(anonymous_11)
FN:99,(anonymous_12)
FN:106,(anonymous_13)
FN:112,(anonymous_14)
FN:116,(anonymous_15)
FN:124,(anonymous_16)
FN:128,(anonymous_17)
FN:134,(anonymous_18)
FN:140,(anonymous_19)
FN:141,(anonymous_20)
FNF:21
FNH:0
FNDA:0,(anonymous_0)
FNDA:0,(anonymous_1)
FNDA:0,(anonymous_2)
FNDA:0,(anonymous_3)
FNDA:0,(anonymous_4)
FNDA:0,(anonymous_5)
FNDA:0,(anonymous_6)
FNDA:0,(anonymous_7)
FNDA:0,(anonymous_8)
FNDA:0,(anonymous_9)
FNDA:0,(anonymous_10)
FNDA:0,(anonymous_11)
FNDA:0,(anonymous_12)
FNDA:0,(anonymous_13)
FNDA:0,(anonymous_14)
FNDA:0,(anonymous_15)
FNDA:0,(anonymous_16)
FNDA:0,(anonymous_17)
FNDA:0,(anonymous_18)
FNDA:0,(anonymous_19)
FNDA:0,(anonymous_20)
DA:13,0
DA:16,0
DA:17,0
DA:18,0
DA:19,0
DA:20,0
DA:24,0
DA:26,0
DA:27,0
DA:28,0
DA:31,0
DA:35,0
DA:36,0
DA:39,0
DA:40,0
DA:43,0
DA:44,0
DA:45,0
DA:46,0
DA:48,0
DA:49,0
DA:50,0
DA:54,0
DA:58,0
DA:59,0
DA:63,0
DA:67,0
DA:71,0
DA:75,0
DA:76,0
DA:80,0
DA:81,0
DA:82,0
DA:87,0
DA:88,0
DA:89,0
DA:91,0
DA:92,0
DA:93,0
DA:94,0
DA:99,0
DA:104,0
DA:107,0
DA:108,0
DA:109,0
DA:113,0
DA:117,0
DA:118,0
DA:119,0
DA:121,0
DA:125,0
DA:129,0
DA:130,0
DA:135,0
DA:136,0
DA:141,0
LF:56
LH:0
BRDA:23,0,0,0
BRDA:26,1,0,0
BRDA:26,1,1,0
BRDA:34,2,0,0
BRDA:34,3,0,0
BRDA:35,4,0,0
BRDA:35,4,1,0
BRDA:39,5,0,0
BRDA:39,5,1,0
BRDA:48,6,0,0
BRDA:48,6,1,0
BRDA:75,7,0,0
BRDA:75,7,1,0
BRDA:80,8,0,0
BRDA:80,8,1,0
BRDA:91,9,0,0
BRDA:91,9,1,0
BRDA:118,10,0,0
BRDA:118,10,1,0
BRF:19
BRH:0
end_of_record
TN:
SF:packages/core/src/config/manager.ts
FN:75,(anonymous_0)
FN:80,(anonymous_1)
FN:84,(anonymous_2)
FN:91,(anonymous_3)
FN:92,(anonymous_4)
FN:100,(anonymous_5)
FN:107,(anonymous_6)
FN:125,(anonymous_7)
FN:127,(anonymous_8)
FN:127,(anonymous_9)
FN:146,(anonymous_10)
FN:273,(anonymous_11)
FN:288,(anonymous_12)
FN:298,(anonymous_13)
FN:305,(anonymous_14)
FN:325,(anonymous_15)
FN:339,(anonymous_16)
FN:351,(anonymous_17)
FN:366,(anonymous_18)
FN:368,(anonymous_19)
FN:371,(anonymous_20)
FN:381,(anonymous_21)
FN:385,(anonymous_22)
FN:389,(anonymous_23)
FN:396,(anonymous_24)
FN:404,(anonymous_25)
FN:409,(anonymous_26)
FN:415,(anonymous_27)
FN:428,getConfigManager
FN:435,initializeConfigManager
FN:454,(anonymous_30)
FNF:31
FNH:21
FNDA:12,(anonymous_0)
FNDA:0,(anonymous_1)
FNDA:0,(anonymous_2)
FNDA:0,(anonymous_3)
FNDA:0,(anonymous_4)
FNDA:0,(anonymous_5)
FNDA:12,(anonymous_6)
FNDA:12,(anonymous_7)
FNDA:1,(anonymous_8)
FNDA:11,(anonymous_9)
FNDA:11,(anonymous_10)
FNDA:19,(anonymous_11)
FNDA:2223,(anonymous_12)
FNDA:6,(anonymous_13)
FNDA:4,(anonymous_14)
FNDA:2,(anonymous_15)
FNDA:1,(anonymous_16)
FNDA:1,(anonymous_17)
FNDA:2,(anonymous_18)
FNDA:1,(anonymous_19)
FNDA:19,(anonymous_20)
FNDA:14,(anonymous_21)
FNDA:2,(anonymous_22)
FNDA:0,(anonymous_23)
FNDA:0,(anonymous_24)
FNDA:2,(anonymous_25)
FNDA:0,(anonymous_26)
FNDA:0,(anonymous_27)
FNDA:0,getConfigManager
FNDA:1,initializeConfigManager
FNDA:1,(anonymous_30)
DA:8,1
DA:18,1
DA:47,1
DA:69,12
DA:71,12
DA:72,12
DA:73,12
DA:76,12
DA:77,12
DA:81,0
DA:86,0
DA:87,0
DA:91,0
DA:92,0
DA:93,0
DA:94,0
DA:95,0
DA:100,0
DA:101,0
DA:102,0
DA:108,12
DA:109,12
DA:111,0
DA:112,0
DA:115,12
DA:116,12
DA:118,0
DA:119,0
DA:122,12
DA:126,12
DA:127,12
DA:129,12
DA:130,1
DA:131,1
DA:133,1
DA:134,1
DA:135,1
DA:137,11
DA:138,11
DA:141,0
DA:142,0
DA:147,11
DA:148,11
DA:274,19
DA:275,0
DA:278,19
DA:281,19
DA:283,19
DA:284,19
DA:286,19
DA:289,2223
DA:295,19
DA:299,6
DA:300,0
DA:302,6
DA:306,4
DA:308,4
DA:310,4
DA:311,4
DA:312,2
DA:313,2
DA:314,1
DA:315,1
DA:316,1
DA:321,4
DA:322,4
DA:326,2
DA:327,2
DA:329,2
DA:330,2
DA:331,0
DA:333,2
DA:336,2
DA:340,1
DA:341,1
DA:343,1
DA:344,1
DA:345,1
DA:348,1
DA:352,1
DA:353,1
DA:355,1
DA:356,0
DA:357,0
DA:359,0
DA:362,1
DA:363,1
DA:367,2
DA:368,2
DA:372,19
DA:373,1
DA:374,1
DA:376,0
DA:382,14
DA:384,14
DA:385,14
DA:387,14
DA:389,1
DA:390,1
DA:392,1
DA:394,1
DA:396,0
DA:399,1
DA:400,1
DA:405,2
DA:411,0
DA:417,0
DA:423,1
DA:426,1
DA:429,0
DA:430,0
DA:432,0
DA:440,1
DA:441,0
DA:445,1
DA:446,0
DA:449,1
DA:451,1
DA:454,1
DA:455,1
DA:456,1
DA:457,1
DA:458,1
DA:461,1
DA:465,1
LF:125
LH:93
BRDA:75,0,0,12
BRDA:86,1,0,0
BRDA:86,1,1,0
BRDA:93,2,0,0
BRDA:93,2,1,0
BRDA:129,3,0,1
BRDA:129,3,1,11
BRDA:133,4,0,1
BRDA:133,4,1,0
BRDA:134,5,0,1
BRDA:134,5,1,0
BRDA:274,6,0,0
BRDA:274,6,1,19
BRDA:289,7,0,0
BRDA:289,7,1,2223
BRDA:299,8,0,0
BRDA:299,8,1,6
BRDA:306,9,0,0
BRDA:306,9,1,4
BRDA:311,10,0,2
BRDA:311,10,1,2
BRDA:313,11,0,1
BRDA:313,11,1,1
BRDA:315,12,0,1
BRDA:315,12,1,0
BRDA:330,13,0,0
BRDA:330,13,1,2
BRDA:344,14,0,0
BRDA:344,14,1,1
BRDA:356,15,0,0
BRDA:356,15,1,0
BRDA:362,16,0,1
BRDA:362,16,1,0
BRDA:382,17,0,0
BRDA:382,17,1,14
BRDA:387,18,0,13
BRDA:387,18,1,1
BRDA:390,19,0,0
BRDA:390,19,1,1
BRDA:392,20,0,0
BRDA:392,20,1,1
BRDA:429,21,0,0
BRDA:429,21,1,0
BRDA:440,22,0,0
BRDA:440,22,1,1
BRDA:440,23,0,1
BRDA:440,23,1,0
BRDA:445,24,0,0
BRDA:445,24,1,1
BRDA:449,25,0,1
BRDA:449,25,1,0
BRDA:449,26,0,0
BRDA:449,26,1,0
BRDA:449,26,2,0
BRDA:451,27,0,1
BRDA:451,27,1,1
BRDA:451,27,2,1
BRF:57
BRH:29
end_of_record
TN:
SF:packages/core/src/plugin/loader.ts
FN:36,(anonymous_0)
FN:41,(anonymous_1)
FN:44,(anonymous_2)
FN:60,(anonymous_3)
FN:75,(anonymous_4)
FN:88,(anonymous_5)
FN:91,(anonymous_6)
FN:102,(anonymous_7)
FN:110,(anonymous_8)
FN:127,(anonymous_9)
FN:135,(anonymous_10)
FN:148,(anonymous_11)
FN:155,(anonymous_12)
FN:181,(anonymous_13)
FN:183,(anonymous_14)
FN:194,(anonymous_15)
FN:233,(anonymous_16)
FN:251,(anonymous_17)
FN:255,(anonymous_18)
FN:259,(anonymous_19)
FN:267,(anonymous_20)
FN:295,(anonymous_21)
FN:316,(anonymous_22)
FN:333,(anonymous_23)
FN:346,(anonymous_24)
FN:354,(anonymous_25)
FN:358,(anonymous_26)
FN:366,(anonymous_27)
FN:386,getPluginLoader
FNF:29
FNH:0
FNDA:0,(anonymous_0)
FNDA:0,(anonymous_1)
FNDA:0,(anonymous_2)
FNDA:0,(anonymous_3)
FNDA:0,(anonymous_4)
FNDA:0,(anonymous_5)
FNDA:0,(anonymous_6)
FNDA:0,(anonymous_7)
FNDA:0,(anonymous_8)
FNDA:0,(anonymous_9)
FNDA:0,(anonymous_10)
FNDA:0,(anonymous_11)
FNDA:0,(anonymous_12)
FNDA:0,(anonymous_13)
FNDA:0,(anonymous_14)
FNDA:0,(anonymous_15)
FNDA:0,(anonymous_16)
FNDA:0,(anonymous_17)
FNDA:0,(anonymous_18)
FNDA:0,(anonymous_19)
FNDA:0,(anonymous_20)
FNDA:0,(anonymous_21)
FNDA:0,(anonymous_22)
FNDA:0,(anonymous_23)
FNDA:0,(anonymous_24)
FNDA:0,(anonymous_25)
FNDA:0,(anonymous_26)
FNDA:0,(anonymous_27)
FNDA:0,getPluginLoader
DA:22,0
DA:31,0
DA:32,0
DA:33,0
DA:34,0
DA:37,0
DA:38,0
DA:43,0
DA:45,0
DA:46,0
DA:47,0
DA:48,0
DA:49,0
DA:50,0
DA:52,0
DA:59,0
DA:61,0
DA:62,0
DA:63,0
DA:64,0
DA:65,0
DA:67,0
DA:74,0
DA:76,0
DA:77,0
DA:78,0
DA:79,0
DA:81,0
DA:90,0
DA:92,0
DA:93,0
DA:94,0
DA:96,0
DA:104,0
DA:109,0
DA:112,0
DA:113,0
DA:116,0
DA:119,0
DA:121,0
DA:129,0
DA:134,0
DA:136,0
DA:137,0
DA:140,0
DA:142,0
DA:150,0
DA:156,0
DA:158,0
DA:159,0
DA:160,0
DA:162,0
DA:163,0
DA:165,0
DA:168,0
DA:169,0
DA:170,0
DA:174,0
DA:178,0
DA:182,0
DA:183,0
DA:185,0
DA:186,0
DA:187,0
DA:191,0
DA:195,0
DA:196,0
DA:197,0
DA:200,0
DA:201,0
DA:202,0
DA:206,0
DA:207,0
DA:208,0
DA:212,0
DA:213,0
DA:220,0
DA:223,0
DA:224,0
DA:228,0
DA:230,0
DA:234,0
DA:235,0
DA:237,0
DA:238,0
DA:239,0
DA:240,0
DA:241,0
DA:244,0
DA:248,0
DA:252,0
DA:256,0
DA:260,0
DA:261,0
DA:262,0
DA:264,0
DA:270,0
DA:272,0
DA:273,0
DA:275,0
DA:276,0
DA:278,0
DA:279,0
DA:281,0
DA:284,0
DA:285,0
DA:288,0
DA:289,0
DA:292,0
DA:298,0
DA:313,0
DA:317,0
DA:336,0
DA:339,0
DA:343,0
DA:347,0
DA:348,0
DA:356,0
DA:359,0
DA:360,0
DA:367,0
DA:368,0
DA:369,0
DA:383,0
DA:387,0
LF:125
LH:0
BRDA:65,0,0,0
BRDA:65,0,1,0
BRDA:98,1,0,0
BRDA:98,1,1,0
BRDA:113,2,0,0
BRDA:113,2,1,0
BRDA:113,2,2,0
BRDA:137,3,0,0
BRDA:137,3,1,0
BRDA:163,4,0,0
BRDA:163,4,1,0
BRDA:169,5,0,0
BRDA:169,5,1,0
BRDA:186,6,0,0
BRDA:186,6,1,0
BRDA:196,7,0,0
BRDA:196,7,1,0
BRDA:201,8,0,0
BRDA:201,8,1,0
BRDA:207,9,0,0
BRDA:207,9,1,0
BRDA:212,10,0,0
BRDA:212,10,1,0
BRDA:223,11,0,0
BRDA:223,11,1,0
BRDA:233,12,0,0
BRDA:240,13,0,0
BRDA:240,13,1,0
BRDA:261,14,0,0
BRDA:261,14,1,0
BRDA:261,15,0,0
BRDA:261,15,1,0
BRDA:270,16,0,0
BRDA:270,16,1,0
BRDA:270,16,2,0
BRDA:270,16,3,0
BRDA:288,17,0,0
BRDA:288,17,1,0
BRDA:303,18,0,0
BRDA:303,18,1,0
BRDA:319,19,0,0
BRDA:319,19,1,0
BRDA:321,20,0,0
BRDA:321,20,1,0
BRDA:323,21,0,0
BRDA:323,21,1,0
BRDA:328,22,0,0
BRDA:328,22,1,0
BRDA:347,23,0,0
BRDA:347,23,1,0
BRDA:359,24,0,0
BRDA:359,24,1,0
BRF:52
BRH:0
end_of_record
TN:
SF:packages/core/src/types/unified.ts
FNF:0
FNH:0
LF:0
LH:0
BRF:0
BRH:0
end_of_record
TN:
SF:packages/services/src/agent/agent-registry.ts
FN:7,(anonymous_0)
FN:14,(anonymous_1)
FN:22,(anonymous_2)
FN:26,(anonymous_3)
FN:31,(anonymous_4)
FN:37,(anonymous_5)
FN:41,(anonymous_6)
FN:45,(anonymous_7)
FN:49,(anonymous_8)
FNF:9
FNH:0
FNDA:0,(anonymous_0)
FNDA:0,(anonymous_1)
FNDA:0,(anonymous_2)
FNDA:0,(anonymous_3)
FNDA:0,(anonymous_4)
FNDA:0,(anonymous_5)
FNDA:0,(anonymous_6)
FNDA:0,(anonymous_7)
FNDA:0,(anonymous_8)
DA:4,0
DA:5,0
DA:8,0
DA:9,0
DA:10,0
DA:15,0
DA:16,0
DA:17,0
DA:19,0
DA:23,0
DA:27,0
DA:28,0
DA:32,0
DA:33,0
DA:34,0
DA:38,0
DA:42,0
DA:46,0
DA:50,0
LF:19
LH:0
BRDA:7,0,0,0
BRDA:9,1,0,0
BRDA:9,1,1,0
BRDA:9,2,0,0
BRDA:9,2,1,0
BRDA:16,3,0,0
BRDA:16,3,1,0
BRDA:17,4,0,0
BRDA:17,4,1,0
BRDA:27,5,0,0
BRDA:27,5,1,0
BRDA:32,6,0,0
BRDA:32,6,1,0
BRF:13
BRH:0
end_of_record
TN:
SF:packages/services/src/agent/base-agent.ts
FN:9,(anonymous_0)
FN:18,(anonymous_1)
FN:30,(anonymous_2)
FN:31,(anonymous_3)
FN:32,(anonymous_4)
FN:33,(anonymous_5)
FN:36,(anonymous_6)
FNF:7
FNH:0
FNDA:0,(anonymous_0)
FNDA:0,(anonymous_1)
FNDA:0,(anonymous_2)
FNDA:0,(anonymous_3)
FNDA:0,(anonymous_4)
FNDA:0,(anonymous_5)
FNDA:0,(anonymous_6)
DA:10,0
DA:11,0
DA:12,0
DA:19,0
DA:31,0
DA:32,0
DA:33,0
DA:34,0
DA:35,0
DA:37,0
DA:38,0
LF:11
LH:0
BRDA:18,0,0,0
BRDA:24,1,0,0
BRDA:24,1,1,0
BRF:3
BRH:0
end_of_record
TN:
SF:packages/services/src/agent/chat-agent.ts
FN:19,(anonymous_0)
FN:24,(anonymous_1)
FN:65,(anonymous_2)
FN:99,(anonymous_3)
FN:103,(anonymous_4)
FN:107,(anonymous_5)
FNF:6
FNH:0
FNDA:0,(anonymous_0)
FNDA:0,(anonymous_1)
FNDA:0,(anonymous_2)
FNDA:0,(anonymous_3)
FNDA:0,(anonymous_4)
FNDA:0,(anonymous_5)
DA:4,0
DA:16,0
DA:20,0
DA:21,0
DA:25,0
DA:27,0
DA:28,0
DA:29,0
DA:32,0
DA:33,0
DA:35,0
DA:36,0
DA:38,0
DA:39,0
DA:40,0
DA:41,0
DA:42,0
DA:43,0
DA:44,0
DA:45,0
DA:46,0
DA:47,0
DA:49,0
DA:50,0
DA:51,0
DA:52,0
DA:55,0
DA:56,0
DA:62,0
DA:66,0
DA:67,0
DA:69,0
DA:70,0
DA:73,0
DA:74,0
DA:75,0
DA:76,0
DA:79,0
DA:80,0
DA:81,0
DA:82,0
DA:83,0
DA:84,0
DA:85,0
DA:88,0
DA:89,0
DA:92,0
DA:95,0
DA:100,0
DA:104,0
DA:108,0
DA:113,0
DA:114,0
DA:117,0
DA:127,0
LF:55
LH:0
BRDA:19,0,0,0
BRDA:21,1,0,0
BRDA:21,1,1,0
BRDA:28,2,0,0
BRDA:28,2,1,0
BRDA:38,3,0,0
BRDA:38,3,1,0
BRDA:38,4,0,0
BRDA:38,4,1,0
BRDA:38,4,2,0
BRDA:40,5,0,0
BRDA:40,5,1,0
BRDA:42,6,0,0
BRDA:42,6,1,0
BRDA:42,7,0,0
BRDA:42,7,1,0
BRDA:42,7,2,0
BRDA:44,8,0,0
BRDA:44,8,1,0
BRDA:44,9,0,0
BRDA:44,9,1,0
BRDA:46,10,0,0
BRDA:46,10,1,0
BRDA:46,11,0,0
BRDA:46,11,1,0
BRDA:46,11,2,0
BRDA:67,12,0,0
BRDA:67,12,1,0
BRDA:67,12,2,0
BRDA:67,12,3,0
BRDA:67,12,4,0
BRDA:95,13,0,0
BRDA:95,13,1,0
BRDA:113,14,0,0
BRDA:113,14,1,0
BRF:35
BRH:0
end_of_record
TN:
SF:packages/services/src/agent/service.ts
FN:16,(anonymous_0)
FN:21,(anonymous_1)
FN:31,(anonymous_2)
FN:71,(anonymous_3)
FN:87,(anonymous_4)
FN:128,(anonymous_5)
FN:174,(anonymous_6)
FN:179,(anonymous_7)
FN:189,(anonymous_8)
FN:200,(anonymous_9)
FN:209,(anonymous_10)
FN:217,(anonymous_11)
FN:221,(anonymous_12)
FNF:13
FNH:0
FNDA:0,(anonymous_0)
FNDA:0,(anonymous_1)
FNDA:0,(anonymous_2)
FNDA:0,(anonymous_3)
FNDA:0,(anonymous_4)
FNDA:0,(anonymous_5)
FNDA:0,(anonymous_6)
FNDA:0,(anonymous_7)
FNDA:0,(anonymous_8)
FNDA:0,(anonymous_9)
FNDA:0,(anonymous_10)
FNDA:0,(anonymous_11)
FNDA:0,(anonymous_12)
DA:11,0
DA:14,0
DA:17,0
DA:18,0
DA:22,0
DA:23,0
DA:24,0
DA:26,0
DA:28,0
DA:32,0
DA:33,0
DA:36,0
DA:39,0
DA:40,0
DA:43,0
DA:46,0
DA:47,0
DA:48,0
DA:51,0
DA:55,0
DA:61,0
DA:64,0
DA:65,0
DA:67,0
DA:68,0
DA:77,0
DA:78,0
DA:81,0
DA:82,0
DA:83,0
DA:84,0
DA:85,0
DA:87,0
DA:88,0
DA:89,0
DA:92,0
DA:95,0
DA:107,0
DA:112,0
DA:122,0
DA:124,0
DA:128,0
DA:129,0
DA:130,0
DA:133,0
DA:136,0
DA:143,0
DA:152,0
DA:157,0
DA:167,0
DA:169,0
DA:175,0
DA:176,0
DA:179,0
DA:190,0
DA:191,0
DA:202,0
DA:203,0
DA:204,0
DA:205,0
DA:206,0
DA:210,0
DA:211,0
DA:214,0
DA:218,0
DA:222,0
LF:66
LH:0
BRDA:22,0,0,0
BRDA:22,0,1,0
BRDA:23,1,0,0
BRDA:23,1,1,0
BRDA:32,2,0,0
BRDA:32,2,1,0
BRDA:32,3,0,0
BRDA:32,3,1,0
BRDA:98,4,0,0
BRDA:98,4,1,0
BRDA:137,5,0,0
BRDA:137,5,1,0
BRDA:138,6,0,0
BRDA:138,6,1,0
BRDA:179,7,0,0
BRDA:179,7,1,0
BRDA:182,8,0,0
BRDA:182,8,1,0
BRDA:183,9,0,0
BRDA:183,9,1,0
BRDA:184,10,0,0
BRDA:184,10,1,0
BRDA:193,11,0,0
BRDA:193,11,1,0
BRDA:197,12,0,0
BRDA:197,12,1,0
BRDA:202,13,0,0
BRDA:202,13,1,0
BRDA:202,14,0,0
BRDA:202,14,1,0
BRDA:202,14,2,0
BRDA:203,15,0,0
BRDA:203,15,1,0
BRDA:203,16,0,0
BRDA:203,16,1,0
BRDA:203,16,2,0
BRDA:203,16,3,0
BRDA:204,17,0,0
BRDA:204,17,1,0
BRDA:204,18,0,0
BRDA:204,18,1,0
BRDA:204,18,2,0
BRDA:205,19,0,0
BRDA:205,19,1,0
BRDA:210,20,0,0
BRDA:210,20,1,0
BRF:46
BRH:0
end_of_record
TN:
SF:packages/services/src/llm/anthropic.ts
FN:15,(anonymous_0)
FN:19,(anonymous_1)
FN:23,(anonymous_2)
FN:34,(anonymous_3)
FN:52,(anonymous_4)
FN:105,(anonymous_5)
FN:123,(anonymous_6)
FN:145,(anonymous_7)
FN:237,(anonymous_8)
FN:241,(anonymous_9)
FN:250,(anonymous_10)
FN:280,(anonymous_11)
FN:293,(anonymous_12)
FN:297,(anonymous_13)
FN:307,(anonymous_14)
FN:316,(anonymous_15)
FNF:16
FNH:0
FNDA:0,(anonymous_0)
FNDA:0,(anonymous_1)
FNDA:0,(anonymous_2)
FNDA:0,(anonymous_3)
FNDA:0,(anonymous_4)
FNDA:0,(anonymous_5)
FNDA:0,(anonymous_6)
FNDA:0,(anonymous_7)
FNDA:0,(anonymous_8)
FNDA:0,(anonymous_9)
FNDA:0,(anonymous_10)
FNDA:0,(anonymous_11)
FNDA:0,(anonymous_12)
FNDA:0,(anonymous_13)
FNDA:0,(anonymous_14)
FNDA:0,(anonymous_15)
DA:16,0
DA:20,0
DA:24,0
DA:35,0
DA:36,0
DA:37,0
DA:47,0
DA:48,0
DA:51,0
DA:52,0
DA:57,0
DA:60,0
DA:66,0
DA:67,0
DA:69,0
DA:70,0
DA:72,0
DA:73,0
DA:74,0
DA:75,0
DA:76,0
DA:84,0
DA:92,0
DA:106,0
DA:107,0
DA:118,0
DA:119,0
DA:122,0
DA:123,0
DA:128,0
DA:131,0
DA:132,0
DA:134,0
DA:135,0
DA:136,0
DA:138,0
DA:144,0
DA:145,0
DA:147,0
DA:148,0
DA:150,0
DA:151,0
DA:153,0
DA:156,0
DA:157,0
DA:158,0
DA:159,0
DA:162,0
DA:163,0
DA:164,0
DA:170,0
DA:173,0
DA:174,0
DA:175,0
DA:176,0
DA:184,0
DA:185,0
DA:186,0
DA:187,0
DA:189,0
DA:198,0
DA:201,0
DA:202,0
DA:203,0
DA:205,0
DA:206,0
DA:212,0
DA:215,0
DA:216,0
DA:221,0
DA:222,0
DA:234,0
DA:238,0
DA:242,0
DA:244,0
DA:245,0
DA:247,0
DA:248,0
DA:250,0
DA:251,0
DA:252,0
DA:253,0
DA:254,0
DA:255,0
DA:256,0
DA:257,0
DA:258,0
DA:260,0
DA:261,0
DA:263,0
DA:265,0
DA:266,0
DA:272,0
DA:274,0
DA:277,0
DA:278,0
DA:280,0
DA:290,0
DA:294,0
DA:298,0
DA:299,0
DA:300,0
DA:301,0
DA:302,0
DA:304,0
DA:308,0
DA:317,0
DA:318,0
DA:319,0
DA:320,0
DA:321,0
DA:322,0
LF:112
LH:0
BRDA:40,0,0,0
BRDA:40,0,1,0
BRDA:41,1,0,0
BRDA:41,1,1,0
BRDA:47,2,0,0
BRDA:47,2,1,0
BRDA:51,3,0,0
BRDA:51,3,1,0
BRDA:51,4,0,0
BRDA:51,4,1,0
BRDA:73,5,0,0
BRDA:73,5,1,0
BRDA:75,6,0,0
BRDA:75,6,1,0
BRDA:85,7,0,0
BRDA:85,7,1,0
BRDA:86,8,0,0
BRDA:86,8,1,0
BRDA:87,9,0,0
BRDA:87,9,1,0
BRDA:87,10,0,0
BRDA:87,10,1,0
BRDA:110,11,0,0
BRDA:110,11,1,0
BRDA:111,12,0,0
BRDA:111,12,1,0
BRDA:118,13,0,0
BRDA:118,13,1,0
BRDA:122,14,0,0
BRDA:122,14,1,0
BRDA:122,15,0,0
BRDA:122,15,1,0
BRDA:145,16,0,0
BRDA:145,16,1,0
BRDA:156,17,0,0
BRDA:156,17,1,0
BRDA:157,18,0,0
BRDA:157,18,1,0
BRDA:158,19,0,0
BRDA:158,19,1,0
BRDA:162,20,0,0
BRDA:162,20,1,0
BRDA:163,21,0,0
BRDA:163,21,1,0
BRDA:173,22,0,0
BRDA:173,22,1,0
BRDA:174,23,0,0
BRDA:174,23,1,0
BRDA:184,24,0,0
BRDA:184,24,1,0
BRDA:186,25,0,0
BRDA:186,25,1,0
BRDA:201,26,0,0
BRDA:201,26,1,0
BRDA:202,27,0,0
BRDA:202,27,1,0
BRDA:205,28,0,0
BRDA:205,28,1,0
BRDA:207,29,0,0
BRDA:207,29,1,0
BRDA:208,30,0,0
BRDA:208,30,1,0
BRDA:209,31,0,0
BRDA:209,31,1,0
BRDA:209,32,0,0
BRDA:209,32,1,0
BRDA:215,33,0,0
BRDA:215,33,1,0
BRDA:221,34,0,0
BRDA:221,34,1,0
BRDA:221,35,0,0
BRDA:221,35,1,0
BRDA:229,36,0,0
BRDA:229,36,1,0
BRDA:230,37,0,0
BRDA:230,37,1,0
BRDA:245,38,0,0
BRDA:245,38,1,0
BRDA:247,39,0,0
BRDA:247,39,1,0
BRDA:251,40,0,0
BRDA:251,40,1,0
BRDA:252,41,0,0
BRDA:252,41,1,0
BRDA:254,42,0,0
BRDA:254,42,1,0
BRDA:256,43,0,0
BRDA:256,43,1,0
BRDA:256,43,2,0
BRDA:265,44,0,0
BRDA:265,44,1,0
BRDA:269,45,0,0
BRDA:269,45,1,0
BRDA:277,46,0,0
BRDA:277,46,1,0
BRDA:277,47,0,0
BRDA:277,47,1,0
BRDA:298,48,0,0
BRDA:298,48,1,0
BRDA:298,49,0,0
BRDA:298,49,1,0
BRDA:299,50,0,0
BRDA:299,50,1,0
BRDA:300,51,0,0
BRDA:300,51,1,0
BRDA:301,52,0,0
BRDA:301,52,1,0
BRDA:301,53,0,0
BRDA:301,53,1,0
BRDA:310,54,0,0
BRDA:310,54,1,0
BRDA:317,55,0,0
BRDA:317,55,1,0
BRDA:317,55,2,0
BRDA:317,55,3,0
BRDA:317,55,4,0
BRF:116
BRH:0
end_of_record
TN:
SF:packages/services/src/llm/ollama.ts
FN:15,(anonymous_0)
FN:19,(anonymous_1)
FN:23,(anonymous_2)
FN:34,(anonymous_3)
FN:45,(anonymous_4)
FN:66,(anonymous_5)
FN:91,(anonymous_6)
FN:101,(anonymous_7)
FN:124,(anonymous_8)
FN:141,(anonymous_9)
FN:190,(anonymous_10)
FN:221,(anonymous_11)
FN:233,(anonymous_12)
FN:234,(anonymous_13)
FN:240,(anonymous_14)
FN:252,(anonymous_15)
FN:263,(anonymous_16)
FNF:17
FNH:0
FNDA:0,(anonymous_0)
FNDA:0,(anonymous_1)
FNDA:0,(anonymous_2)
FNDA:0,(anonymous_3)
FNDA:0,(anonymous_4)
FNDA:0,(anonymous_5)
FNDA:0,(anonymous_6)
FNDA:0,(anonymous_7)
FNDA:0,(anonymous_8)
FNDA:0,(anonymous_9)
FNDA:0,(anonymous_10)
FNDA:0,(anonymous_11)
FNDA:0,(anonymous_12)
FNDA:0,(anonymous_13)
FNDA:0,(anonymous_14)
FNDA:0,(anonymous_15)
FNDA:0,(anonymous_16)
DA:16,0
DA:20,0
DA:24,0
DA:35,0
DA:36,0
DA:37,0
DA:44,0
DA:45,0
DA:55,0
DA:61,0
DA:62,0
DA:64,0
DA:65,0
DA:66,0
DA:72,0
DA:78,0
DA:92,0
DA:93,0
DA:100,0
DA:101,0
DA:111,0
DA:112,0
DA:114,0
DA:115,0
DA:117,0
DA:123,0
DA:124,0
DA:126,0
DA:128,0
DA:129,0
DA:131,0
DA:134,0
DA:135,0
DA:136,0
DA:139,0
DA:140,0
DA:141,0
DA:142,0
DA:143,0
DA:145,0
DA:154,0
DA:155,0
DA:156,0
DA:163,0
DA:174,0
DA:175,0
DA:187,0
DA:191,0
DA:192,0
DA:193,0
DA:195,0
DA:196,0
DA:205,0
DA:206,0
DA:207,0
DA:210,0
DA:222,0
DA:224,0
DA:225,0
DA:228,0
DA:229,0
DA:230,0
DA:232,0
DA:233,0
DA:234,0
DA:236,0
DA:239,0
DA:240,0
DA:249,0
DA:253,0
DA:254,0
DA:255,0
DA:256,0
DA:257,0
DA:258,0
DA:259,0
DA:260,0
DA:264,0
LF:78
LH:0
BRDA:44,0,0,0
BRDA:44,0,1,0
BRDA:44,1,0,0
BRDA:44,1,1,0
BRDA:64,2,0,0
BRDA:64,2,1,0
BRDA:65,3,0,0
BRDA:65,3,1,0
BRDA:66,4,0,0
BRDA:66,4,1,0
BRDA:67,5,0,0
BRDA:67,5,1,0
BRDA:68,6,0,0
BRDA:68,6,1,0
BRDA:69,7,0,0
BRDA:69,7,1,0
BRDA:73,8,0,0
BRDA:73,8,1,0
BRDA:74,9,0,0
BRDA:74,9,1,0
BRDA:75,10,0,0
BRDA:75,10,1,0
BRDA:75,11,0,0
BRDA:75,11,1,0
BRDA:80,12,0,0
BRDA:80,12,1,0
BRDA:86,13,0,0
BRDA:86,13,1,0
BRDA:100,14,0,0
BRDA:100,14,1,0
BRDA:100,15,0,0
BRDA:100,15,1,0
BRDA:134,16,0,0
BRDA:134,16,1,0
BRDA:135,17,0,0
BRDA:135,17,1,0
BRDA:139,18,0,0
BRDA:139,18,1,0
BRDA:142,19,0,0
BRDA:142,19,1,0
BRDA:143,20,0,0
BRDA:143,20,1,0
BRDA:147,21,0,0
BRDA:147,21,1,0
BRDA:148,22,0,0
BRDA:148,22,1,0
BRDA:154,23,0,0
BRDA:154,23,1,0
BRDA:157,24,0,0
BRDA:157,24,1,0
BRDA:158,25,0,0
BRDA:158,25,1,0
BRDA:159,26,0,0
BRDA:159,26,1,0
BRDA:159,27,0,0
BRDA:159,27,1,0
BRDA:165,28,0,0
BRDA:165,28,1,0
BRDA:167,29,0,0
BRDA:167,29,1,0
BRDA:174,30,0,0
BRDA:174,30,1,0
BRDA:174,31,0,0
BRDA:174,31,1,0
BRDA:182,32,0,0
BRDA:182,32,1,0
BRDA:183,33,0,0
BRDA:183,33,1,0
BRDA:191,34,0,0
BRDA:191,34,1,0
BRDA:207,35,0,0
BRDA:207,35,1,0
BRDA:224,36,0,0
BRDA:224,36,1,0
BRDA:229,37,0,0
BRDA:229,37,1,0
BRDA:239,38,0,0
BRDA:239,38,1,0
BRDA:239,39,0,0
BRDA:239,39,1,0
BRDA:254,40,0,0
BRDA:254,40,1,0
BRDA:255,41,0,0
BRDA:255,41,1,0
BRDA:256,42,0,0
BRDA:256,42,1,0
BRDA:257,43,0,0
BRDA:257,43,1,0
BRDA:258,44,0,0
BRDA:258,44,1,0
BRDA:259,45,0,0
BRDA:259,45,1,0
BRF:92
BRH:0
end_of_record
TN:
SF:packages/services/src/llm/openai.ts
FN:15,(anonymous_0)
FN:19,(anonymous_1)
FN:23,(anonymous_2)
FN:34,(anonymous_3)
FN:48,(anonymous_4)
FN:66,(anonymous_5)
FN:91,(anonymous_6)
FN:105,(anonymous_7)
FN:124,(anonymous_8)
FN:196,(anonymous_9)
FN:213,(anonymous_10)
FN:223,(anonymous_11)
FN:234,(anonymous_12)
FN:244,(anonymous_13)
FN:255,(anonymous_14)
FN:262,(anonymous_15)
FNF:16
FNH:0
FNDA:0,(anonymous_0)
FNDA:0,(anonymous_1)
FNDA:0,(anonymous_2)
FNDA:0,(anonymous_3)
FNDA:0,(anonymous_4)
FNDA:0,(anonymous_5)
FNDA:0,(anonymous_6)
FNDA:0,(anonymous_7)
FNDA:0,(anonymous_8)
FNDA:0,(anonymous_9)
FNDA:0,(anonymous_10)
FNDA:0,(anonymous_11)
FNDA:0,(anonymous_12)
FNDA:0,(anonymous_13)
FNDA:0,(anonymous_14)
FNDA:0,(anonymous_15)
DA:16,0
DA:20,0
DA:24,0
DA:35,0
DA:36,0
DA:37,0
DA:47,0
DA:48,0
DA:52,0
DA:55,0
DA:61,0
DA:62,0
DA:64,0
DA:65,0
DA:66,0
DA:72,0
DA:78,0
DA:92,0
DA:93,0
DA:104,0
DA:105,0
DA:109,0
DA:112,0
DA:113,0
DA:115,0
DA:117,0
DA:123,0
DA:124,0
DA:126,0
DA:127,0
DA:129,0
DA:130,0
DA:132,0
DA:135,0
DA:136,0
DA:137,0
DA:138,0
DA:144,0
DA:147,0
DA:148,0
DA:149,0
DA:152,0
DA:153,0
DA:154,0
DA:155,0
DA:156,0
DA:158,0
DA:159,0
DA:164,0
DA:165,0
DA:168,0
DA:180,0
DA:181,0
DA:193,0
DA:197,0
DA:199,0
DA:210,0
DA:212,0
DA:213,0
DA:224,0
DA:226,0
DA:227,0
DA:230,0
DA:231,0
DA:232,0
DA:234,0
DA:235,0
DA:236,0
DA:237,0
DA:238,0
DA:240,0
DA:243,0
DA:244,0
DA:252,0
DA:256,0
DA:263,0
DA:264,0
DA:265,0
DA:266,0
DA:267,0
DA:268,0
LF:81
LH:0
BRDA:40,0,0,0
BRDA:40,0,1,0
BRDA:47,1,0,0
BRDA:47,1,1,0
BRDA:47,2,0,0
BRDA:47,2,1,0
BRDA:52,3,0,0
BRDA:52,3,1,0
BRDA:66,4,0,0
BRDA:66,4,1,0
BRDA:73,5,0,0
BRDA:73,5,1,0
BRDA:74,6,0,0
BRDA:74,6,1,0
BRDA:75,7,0,0
BRDA:75,7,1,0
BRDA:82,8,0,0
BRDA:82,8,1,0
BRDA:96,9,0,0
BRDA:96,9,1,0
BRDA:104,10,0,0
BRDA:104,10,1,0
BRDA:104,11,0,0
BRDA:104,11,1,0
BRDA:109,12,0,0
BRDA:109,12,1,0
BRDA:124,13,0,0
BRDA:124,13,1,0
BRDA:136,14,0,0
BRDA:136,14,1,0
BRDA:137,15,0,0
BRDA:137,15,1,0
BRDA:139,16,0,0
BRDA:139,16,1,0
BRDA:140,17,0,0
BRDA:140,17,1,0
BRDA:141,18,0,0
BRDA:141,18,1,0
BRDA:148,19,0,0
BRDA:148,19,1,0
BRDA:152,20,0,0
BRDA:152,20,1,0
BRDA:154,21,0,0
BRDA:154,21,1,0
BRDA:155,22,0,0
BRDA:155,22,1,0
BRDA:156,23,0,0
BRDA:156,23,1,0
BRDA:158,24,0,0
BRDA:158,24,1,0
BRDA:164,25,0,0
BRDA:164,25,1,0
BRDA:172,26,0,0
BRDA:172,26,1,0
BRDA:180,27,0,0
BRDA:180,27,1,0
BRDA:180,28,0,0
BRDA:180,28,1,0
BRDA:180,28,2,0
BRDA:188,29,0,0
BRDA:188,29,1,0
BRDA:189,30,0,0
BRDA:189,30,1,0
BRDA:197,31,0,0
BRDA:197,31,1,0
BRDA:206,32,0,0
BRDA:206,32,1,0
BRDA:217,33,0,0
BRDA:217,33,1,0
BRDA:218,34,0,0
BRDA:218,34,1,0
BRDA:226,35,0,0
BRDA:226,35,1,0
BRDA:231,36,0,0
BRDA:231,36,1,0
BRDA:235,37,0,0
BRDA:235,37,1,0
BRDA:236,38,0,0
BRDA:236,38,1,0
BRDA:236,39,0,0
BRDA:236,39,1,0
BRDA:237,40,0,0
BRDA:237,40,1,0
BRDA:243,41,0,0
BRDA:243,41,1,0
BRDA:243,42,0,0
BRDA:243,42,1,0
BRDA:263,43,0,0
BRDA:263,43,1,0
BRDA:263,43,2,0
BRDA:263,43,3,0
BRDA:263,43,4,0
BRF:92
BRH:0
end_of_record
TN:
SF:packages/services/src/llm/provider.ts
FN:26,(anonymous_0)
FN:46,(anonymous_1)
FN:55,(anonymous_2)
FN:71,(anonymous_3)
FN:115,(anonymous_4)
FN:120,(anonymous_5)
FN:131,(anonymous_6)
FN:163,(anonymous_7)
FN:174,(anonymous_8)
FN:191,(anonymous_9)
FN:204,(anonymous_10)
FN:205,(anonymous_11)
FN:208,(anonymous_12)
FN:223,(anonymous_13)
FN:227,(anonymous_14)
FN:235,(anonymous_15)
FNF:16
FNH:4
FNDA:12,(anonymous_0)
FNDA:0,(anonymous_1)
FNDA:0,(anonymous_2)
FNDA:0,(anonymous_3)
FNDA:0,(anonymous_4)
FNDA:0,(anonymous_5)
FNDA:0,(anonymous_6)
FNDA:0,(anonymous_7)
FNDA:0,(anonymous_8)
FNDA:0,(anonymous_9)
FNDA:0,(anonymous_10)
FNDA:0,(anonymous_11)
FNDA:6,(anonymous_12)
FNDA:0,(anonymous_13)
FNDA:1,(anonymous_14)
FNDA:7,(anonymous_15)
DA:23,12
DA:27,12
DA:28,12
DA:29,12
DA:30,12
DA:31,12
DA:32,12
DA:33,12
DA:34,12
DA:52,0
DA:53,0
DA:54,0
DA:55,0
DA:57,0
DA:62,0
DA:64,0
DA:65,0
DA:66,0
DA:67,0
DA:68,0
DA:71,0
DA:73,0
DA:74,0
DA:75,0
DA:76,0
DA:77,0
DA:78,0
DA:82,0
DA:83,0
DA:84,0
DA:85,0
DA:88,0
DA:89,0
DA:90,0
DA:92,0
DA:93,0
DA:94,0
DA:95,0
DA:96,0
DA:97,0
DA:98,0
DA:99,0
DA:100,0
DA:102,0
DA:103,0
DA:104,0
DA:105,0
DA:106,0
DA:112,0
DA:119,0
DA:120,0
DA:122,0
DA:123,0
DA:128,0
DA:130,0
DA:131,0
DA:132,0
DA:135,0
DA:136,0
DA:139,0
DA:140,0
DA:141,0
DA:143,0
DA:144,0
DA:146,0
DA:147,0
DA:148,0
DA:149,0
DA:150,0
DA:153,0
DA:156,0
DA:157,0
DA:158,0
DA:159,0
DA:164,0
DA:167,0
DA:168,0
DA:169,0
DA:170,0
DA:171,0
DA:175,0
DA:177,0
DA:179,0
DA:182,0
DA:183,0
DA:192,0
DA:193,0
DA:194,0
DA:195,0
DA:196,0
DA:197,0
DA:198,0
DA:201,0
DA:205,0
DA:214,6
DA:215,6
DA:216,6
DA:224,0
DA:228,1
DA:236,7
LF:100
LH:14
BRDA:29,0,0,12
BRDA:29,0,1,12
BRDA:30,1,0,12
BRDA:30,1,1,12
BRDA:31,2,0,12
BRDA:31,2,1,12
BRDA:32,3,0,12
BRDA:32,3,1,12
BRDA:33,4,0,12
BRDA:33,4,1,12
BRDA:64,5,0,0
BRDA:64,5,1,0
BRDA:73,6,0,0
BRDA:73,6,1,0
BRDA:75,7,0,0
BRDA:75,7,1,0
BRDA:76,8,0,0
BRDA:76,8,1,0
BRDA:82,9,0,0
BRDA:82,9,1,0
BRDA:82,10,0,0
BRDA:82,10,1,0
BRDA:92,11,0,0
BRDA:92,11,1,0
BRDA:92,12,0,0
BRDA:92,12,1,0
BRDA:96,13,0,0
BRDA:96,13,1,0
BRDA:96,14,0,0
BRDA:96,14,1,0
BRDA:98,15,0,0
BRDA:98,15,1,0
BRDA:102,16,0,0
BRDA:102,16,1,0
BRDA:104,17,0,0
BRDA:104,17,1,0
BRDA:112,18,0,0
BRDA:112,18,1,0
BRDA:130,19,0,0
BRDA:130,19,1,0
BRDA:135,20,0,0
BRDA:135,20,1,0
BRDA:149,21,0,0
BRDA:149,21,1,0
BRDA:158,22,0,0
BRDA:158,22,1,0
BRDA:170,23,0,0
BRDA:170,23,1,0
BRDA:175,24,0,0
BRDA:175,24,1,0
BRDA:177,25,0,0
BRDA:177,25,1,0
BRDA:179,26,0,0
BRDA:179,26,1,0
BRDA:182,27,0,0
BRDA:182,27,1,0
BRDA:182,28,0,0
BRDA:182,28,1,0
BRDA:186,29,0,0
BRDA:186,29,1,0
BRDA:193,30,0,0
BRDA:193,30,1,0
BRDA:195,31,0,0
BRDA:195,31,1,0
BRDA:197,32,0,0
BRDA:197,32,1,0
BRF:66
BRH:10
end_of_record
TN:
SF:packages/services/src/llm/router.ts
FN:36,(anonymous_0)
FN:46,(anonymous_1)
FN:50,(anonymous_2)
FN:54,(anonymous_3)
FN:55,(anonymous_4)
FN:63,(anonymous_5)
FN:68,(anonymous_6)
FN:73,(anonymous_7)
FN:77,(anonymous_8)
FN:81,(anonymous_9)
FN:120,(anonymous_10)
FN:169,(anonymous_11)
FN:188,(anonymous_12)
FN:189,(anonymous_13)
FN:196,(anonymous_14)
FN:199,(anonymous_15)
FN:202,(anonymous_16)
FN:207,(anonymous_17)
FN:208,(anonymous_18)
FN:211,(anonymous_19)
FN:212,(anonymous_20)
FN:215,(anonymous_21)
FN:217,(anonymous_22)
FN:221,(anonymous_23)
FN:223,(anonymous_24)
FN:228,(anonymous_25)
FN:230,(anonymous_26)
FN:234,(anonymous_27)
FN:239,(anonymous_28)
FN:249,(anonymous_29)
FNF:30
FNH:22
FNDA:12,(anonymous_0)
FNDA:1,(anonymous_1)
FNDA:2,(anonymous_2)
FNDA:0,(anonymous_3)
FNDA:0,(anonymous_4)
FNDA:1,(anonymous_5)
FNDA:1,(anonymous_6)
FNDA:1,(anonymous_7)
FNDA:0,(anonymous_8)
FNDA:7,(anonymous_9)
FNDA:0,(anonymous_10)
FNDA:1,(anonymous_11)
FNDA:1,(anonymous_12)
FNDA:1,(anonymous_13)
FNDA:2,(anonymous_14)
FNDA:0,(anonymous_15)
FNDA:0,(anonymous_16)
FNDA:1,(anonymous_17)
FNDA:1,(anonymous_18)
FNDA:8,(anonymous_19)
FNDA:10,(anonymous_20)
FNDA:0,(anonymous_21)
FNDA:0,(anonymous_22)
FNDA:1,(anonymous_23)
FNDA:1,(anonymous_24)
FNDA:1,(anonymous_25)
FNDA:2,(anonymous_26)
FNDA:2,(anonymous_27)
FNDA:6,(anonymous_28)
FNDA:6,(anonymous_29)
DA:31,10
DA:32,10
DA:33,10
DA:34,10
DA:37,12
DA:47,1
DA:51,2
DA:55,0
DA:64,1
DA:65,1
DA:69,1
DA:70,1
DA:74,1
DA:78,0
DA:82,7
DA:85,7
DA:86,7
DA:87,0
DA:90,7
DA:91,7
DA:92,7
DA:93,6
DA:95,6
DA:96,6
DA:106,7
DA:108,1
DA:109,1
DA:113,1
DA:114,7
DA:115,7
DA:116,7
DA:117,7
DA:121,0
DA:124,0
DA:125,0
DA:126,0
DA:129,0
DA:130,0
DA:133,0
DA:134,0
DA:137,0
DA:138,0
DA:141,0
DA:142,0
DA:144,0
DA:145,0
DA:155,0
DA:157,0
DA:158,0
DA:162,0
DA:163,0
DA:164,0
DA:165,0
DA:166,0
DA:170,1
DA:173,1
DA:174,1
DA:175,0
DA:178,1
DA:179,1
DA:181,0
DA:185,0
DA:189,1
DA:197,2
DA:198,2
DA:199,0
DA:201,2
DA:202,0
DA:204,2
DA:208,1
DA:212,10
DA:214,8
DA:215,0
DA:216,0
DA:217,0
DA:221,8
DA:222,1
DA:223,1
DA:224,1
DA:227,8
DA:228,1
DA:229,1
DA:230,2
DA:234,8
DA:236,8
DA:240,6
DA:246,6
DA:250,6
DA:251,6
DA:252,0
LF:90
LH:56
BRDA:36,0,0,12
BRDA:40,1,0,12
BRDA:40,1,1,10
BRDA:42,2,0,12
BRDA:42,2,1,11
BRDA:65,3,0,1
BRDA:65,3,1,0
BRDA:70,4,0,1
BRDA:70,4,1,0
BRDA:86,5,0,0
BRDA:86,5,1,7
BRDA:108,6,0,1
BRDA:108,6,1,0
BRDA:113,7,0,1
BRDA:113,7,1,1
BRDA:125,8,0,0
BRDA:125,8,1,0
BRDA:129,9,0,0
BRDA:129,9,1,0
BRDA:157,10,0,0
BRDA:157,10,1,0
BRDA:162,11,0,0
BRDA:162,11,1,0
BRDA:174,12,0,0
BRDA:174,12,1,1
BRDA:181,13,0,0
BRDA:181,13,1,0
BRDA:185,14,0,0
BRDA:185,14,1,0
BRDA:198,15,0,0
BRDA:198,15,1,2
BRDA:201,16,0,0
BRDA:201,16,1,2
BRDA:214,17,0,0
BRDA:214,17,1,8
BRDA:216,18,0,0
BRDA:216,18,1,0
BRDA:222,19,0,0
BRDA:222,19,1,1
BRDA:222,20,0,1
BRDA:222,20,1,1
BRDA:223,21,0,0
BRDA:223,21,1,1
BRDA:223,22,0,1
BRDA:223,22,1,1
BRDA:227,23,0,1
BRDA:227,23,1,7
BRDA:229,24,0,1
BRDA:229,24,1,0
BRDA:251,25,0,0
BRDA:251,25,1,6
BRF:51
BRH:25
end_of_record
TN:
SF:packages/services/src/llm/service.ts
FN:13,(anonymous_0)
FN:17,(anonymous_1)
FN:27,(anonymous_2)
FN:72,(anonymous_3)
FN:102,(anonymous_4)
FN:117,(anonymous_5)
FN:138,(anonymous_6)
FN:153,(anonymous_7)
FN:276,(anonymous_8)
FNF:9
FNH:0
FNDA:0,(anonymous_0)
FNDA:0,(anonymous_1)
FNDA:0,(anonymous_2)
FNDA:0,(anonymous_3)
FNDA:0,(anonymous_4)
FNDA:0,(anonymous_5)
FNDA:0,(anonymous_6)
FNDA:0,(anonymous_7)
FNDA:0,(anonymous_8)
DA:10,0
DA:14,0
DA:18,0
DA:19,0
DA:20,0
DA:22,0
DA:24,0
DA:28,0
DA:29,0
DA:32,0
DA:35,0
DA:37,0
DA:38,0
DA:41,0
DA:42,0
DA:44,0
DA:45,0
DA:46,0
DA:47,0
DA:48,0
DA:51,0
DA:52,0
DA:53,0
DA:57,0
DA:60,0
DA:65,0
DA:66,0
DA:69,0
DA:73,0
DA:81,0
DA:83,0
DA:85,0
DA:87,0
DA:90,0
DA:91,0
DA:94,0
DA:95,0
DA:97,0
DA:98,0
DA:104,0
DA:105,0
DA:109,0
DA:110,0
DA:114,0
DA:119,0
DA:120,0
DA:124,0
DA:125,0
DA:129,0
DA:130,0
DA:131,0
DA:132,0
DA:135,0
DA:139,0
DA:141,0
DA:143,0
DA:145,0
DA:147,0
DA:149,0
DA:154,0
DA:157,0
DA:158,0
DA:193,0
DA:194,0
DA:195,0
DA:199,0
DA:200,0
DA:235,0
DA:236,0
DA:237,0
DA:241,0
DA:271,0
DA:272,0
DA:273,0
DA:277,0
LF:75
LH:0
BRDA:18,0,0,0
BRDA:18,0,1,0
BRDA:19,1,0,0
BRDA:19,1,1,0
BRDA:28,2,0,0
BRDA:28,2,1,0
BRDA:38,3,0,0
BRDA:38,3,1,0
BRDA:42,4,0,0
BRDA:42,4,1,0
BRDA:46,5,0,0
BRDA:46,5,1,0
BRDA:46,6,0,0
BRDA:46,6,1,0
BRDA:52,7,0,0
BRDA:52,7,1,0
BRDA:55,8,0,0
BRDA:55,8,1,0
BRDA:65,9,0,0
BRDA:65,9,1,0
BRDA:81,10,0,0
BRDA:81,10,1,0
BRDA:81,10,2,0
BRDA:81,10,3,0
BRDA:81,10,4,0
BRDA:81,10,5,0
BRDA:104,11,0,0
BRDA:104,11,1,0
BRDA:109,12,0,0
BRDA:109,12,1,0
BRDA:119,13,0,0
BRDA:119,13,1,0
BRDA:124,14,0,0
BRDA:124,14,1,0
BRDA:132,15,0,0
BRDA:132,15,1,0
BRDA:139,16,0,0
BRDA:139,16,1,0
BRDA:139,16,2,0
BRDA:139,16,3,0
BRDA:139,16,4,0
BRDA:157,17,0,0
BRDA:157,17,1,0
BRDA:199,18,0,0
BRDA:199,18,1,0
BRDA:251,19,0,0
BRDA:251,19,1,0
BRF:47
BRH:0
end_of_record
TN:
SF:packages/services/src/llm/types.ts
FNF:0
FNH:0
LF:0
LH:0
BRF:0
BRH:0
end_of_record
